{"C:\\software-YESA\\backend\\controllers\\auth.controller.js": {"path":"C:\\software-YESA\\backend\\controllers\\auth.controller.js","statementMap":{"0":{"start":{"line":13,"column":16},"end":{"line":13,"column":44}},"1":{"start":{"line":17,"column":26},"end":{"line":17,"column":50}},"2":{"start":{"line":19,"column":21},"end":{"line":39,"column":1}},"3":{"start":{"line":20,"column":2},"end":{"line":22,"column":3}},"4":{"start":{"line":21,"column":4},"end":{"line":21,"column":17}},"5":{"start":{"line":24,"column":23},"end":{"line":24,"column":35}},"6":{"start":{"line":25,"column":18},"end":{"line":25,"column":43}},"7":{"start":{"line":27,"column":2},"end":{"line":29,"column":3}},"8":{"start":{"line":28,"column":4},"end":{"line":28,"column":17}},"9":{"start":{"line":31,"column":20},"end":{"line":31,"column":50}},"10":{"start":{"line":32,"column":17},"end":{"line":32,"column":48}},"11":{"start":{"line":34,"column":2},"end":{"line":36,"column":3}},"12":{"start":{"line":35,"column":4},"end":{"line":35,"column":17}},"13":{"start":{"line":38,"column":2},"end":{"line":38,"column":83}},"14":{"start":{"line":50,"column":17},"end":{"line":149,"column":1}},"15":{"start":{"line":51,"column":2},"end":{"line":148,"column":3}},"16":{"start":{"line":54,"column":71},"end":{"line":54,"column":79}},"17":{"start":{"line":55,"column":28},"end":{"line":55,"column":73}},"18":{"start":{"line":59,"column":4},"end":{"line":67,"column":5}},"19":{"start":{"line":63,"column":6},"end":{"line":66,"column":9}},"20":{"start":{"line":71,"column":4},"end":{"line":76,"column":5}},"21":{"start":{"line":72,"column":6},"end":{"line":75,"column":9}},"22":{"start":{"line":80,"column":4},"end":{"line":85,"column":5}},"23":{"start":{"line":81,"column":6},"end":{"line":84,"column":9}},"24":{"start":{"line":90,"column":29},"end":{"line":90,"column":72}},"25":{"start":{"line":93,"column":4},"end":{"line":98,"column":5}},"26":{"start":{"line":94,"column":6},"end":{"line":97,"column":9}},"27":{"start":{"line":104,"column":25},"end":{"line":112,"column":6}},"28":{"start":{"line":116,"column":18},"end":{"line":120,"column":6}},"29":{"start":{"line":124,"column":29},"end":{"line":124,"column":50}},"30":{"start":{"line":125,"column":4},"end":{"line":125,"column":37}},"31":{"start":{"line":129,"column":4},"end":{"line":136,"column":7}},"32":{"start":{"line":141,"column":4},"end":{"line":141,"column":47}},"33":{"start":{"line":143,"column":4},"end":{"line":147,"column":7}},"34":{"start":{"line":160,"column":14},"end":{"line":244,"column":1}},"35":{"start":{"line":161,"column":2},"end":{"line":243,"column":3}},"36":{"start":{"line":163,"column":32},"end":{"line":163,"column":40}},"37":{"start":{"line":166,"column":4},"end":{"line":171,"column":5}},"38":{"start":{"line":167,"column":6},"end":{"line":170,"column":9}},"39":{"start":{"line":177,"column":20},"end":{"line":179,"column":6}},"40":{"start":{"line":182,"column":4},"end":{"line":190,"column":5}},"41":{"start":{"line":186,"column":6},"end":{"line":189,"column":9}},"42":{"start":{"line":194,"column":4},"end":{"line":199,"column":5}},"43":{"start":{"line":195,"column":6},"end":{"line":198,"column":9}},"44":{"start":{"line":205,"column":27},"end":{"line":205,"column":67}},"45":{"start":{"line":208,"column":4},"end":{"line":213,"column":5}},"46":{"start":{"line":209,"column":6},"end":{"line":212,"column":9}},"47":{"start":{"line":216,"column":18},"end":{"line":220,"column":6}},"48":{"start":{"line":223,"column":31},"end":{"line":223,"column":47}},"49":{"start":{"line":224,"column":4},"end":{"line":224,"column":39}},"50":{"start":{"line":227,"column":4},"end":{"line":234,"column":7}},"51":{"start":{"line":237,"column":4},"end":{"line":237,"column":44}},"52":{"start":{"line":238,"column":4},"end":{"line":242,"column":7}},"53":{"start":{"line":255,"column":14},"end":{"line":291,"column":1}},"54":{"start":{"line":256,"column":2},"end":{"line":290,"column":3}},"55":{"start":{"line":261,"column":20},"end":{"line":265,"column":6}},"56":{"start":{"line":268,"column":4},"end":{"line":273,"column":5}},"57":{"start":{"line":269,"column":6},"end":{"line":272,"column":9}},"58":{"start":{"line":276,"column":4},"end":{"line":281,"column":7}},"59":{"start":{"line":284,"column":4},"end":{"line":284,"column":44}},"60":{"start":{"line":285,"column":4},"end":{"line":289,"column":7}},"61":{"start":{"line":303,"column":17},"end":{"line":366,"column":1}},"62":{"start":{"line":304,"column":2},"end":{"line":365,"column":3}},"63":{"start":{"line":307,"column":61},"end":{"line":307,"column":69}},"64":{"start":{"line":308,"column":29},"end":{"line":308,"column":81}},"65":{"start":{"line":311,"column":20},"end":{"line":311,"column":58}},"66":{"start":{"line":313,"column":4},"end":{"line":318,"column":5}},"67":{"start":{"line":314,"column":6},"end":{"line":317,"column":9}},"68":{"start":{"line":322,"column":4},"end":{"line":333,"column":5}},"69":{"start":{"line":323,"column":6},"end":{"line":325,"column":7}},"70":{"start":{"line":324,"column":8},"end":{"line":324,"column":83}},"71":{"start":{"line":327,"column":30},"end":{"line":327,"column":91}},"72":{"start":{"line":328,"column":6},"end":{"line":330,"column":7}},"73":{"start":{"line":329,"column":8},"end":{"line":329,"column":96}},"74":{"start":{"line":332,"column":6},"end":{"line":332,"column":39}},"75":{"start":{"line":338,"column":4},"end":{"line":338,"column":54}},"76":{"start":{"line":338,"column":30},"end":{"line":338,"column":54}},"77":{"start":{"line":339,"column":4},"end":{"line":339,"column":60}},"78":{"start":{"line":339,"column":32},"end":{"line":339,"column":60}},"79":{"start":{"line":340,"column":4},"end":{"line":340,"column":60}},"80":{"start":{"line":340,"column":32},"end":{"line":340,"column":60}},"81":{"start":{"line":341,"column":4},"end":{"line":341,"column":63}},"82":{"start":{"line":341,"column":33},"end":{"line":341,"column":63}},"83":{"start":{"line":345,"column":4},"end":{"line":345,"column":25}},"84":{"start":{"line":350,"column":4},"end":{"line":356,"column":7}},"85":{"start":{"line":359,"column":4},"end":{"line":359,"column":47}},"86":{"start":{"line":360,"column":4},"end":{"line":364,"column":7}},"87":{"start":{"line":378,"column":23},"end":{"line":441,"column":1}},"88":{"start":{"line":379,"column":2},"end":{"line":440,"column":3}},"89":{"start":{"line":381,"column":46},"end":{"line":381,"column":54}},"90":{"start":{"line":384,"column":4},"end":{"line":389,"column":5}},"91":{"start":{"line":385,"column":6},"end":{"line":388,"column":9}},"92":{"start":{"line":392,"column":4},"end":{"line":397,"column":5}},"93":{"start":{"line":393,"column":6},"end":{"line":396,"column":9}},"94":{"start":{"line":401,"column":20},"end":{"line":401,"column":80}},"95":{"start":{"line":403,"column":4},"end":{"line":408,"column":5}},"96":{"start":{"line":404,"column":6},"end":{"line":407,"column":9}},"97":{"start":{"line":412,"column":27},"end":{"line":412,"column":73}},"98":{"start":{"line":414,"column":4},"end":{"line":419,"column":5}},"99":{"start":{"line":415,"column":6},"end":{"line":418,"column":9}},"100":{"start":{"line":424,"column":4},"end":{"line":424,"column":37}},"101":{"start":{"line":425,"column":4},"end":{"line":425,"column":25}},"102":{"start":{"line":428,"column":4},"end":{"line":431,"column":7}},"103":{"start":{"line":434,"column":4},"end":{"line":434,"column":53}},"104":{"start":{"line":435,"column":4},"end":{"line":439,"column":7}},"105":{"start":{"line":446,"column":0},"end":{"line":452,"column":2}}},"fnMap":{"0":{"name":"(anonymous_0)","decl":{"start":{"line":19,"column":21},"end":{"line":19,"column":22}},"loc":{"start":{"line":19,"column":32},"end":{"line":39,"column":1}},"line":19},"1":{"name":"(anonymous_1)","decl":{"start":{"line":50,"column":17},"end":{"line":50,"column":18}},"loc":{"start":{"line":50,"column":37},"end":{"line":149,"column":1}},"line":50},"2":{"name":"(anonymous_2)","decl":{"start":{"line":160,"column":14},"end":{"line":160,"column":15}},"loc":{"start":{"line":160,"column":34},"end":{"line":244,"column":1}},"line":160},"3":{"name":"(anonymous_3)","decl":{"start":{"line":255,"column":14},"end":{"line":255,"column":15}},"loc":{"start":{"line":255,"column":34},"end":{"line":291,"column":1}},"line":255},"4":{"name":"(anonymous_4)","decl":{"start":{"line":303,"column":17},"end":{"line":303,"column":18}},"loc":{"start":{"line":303,"column":37},"end":{"line":366,"column":1}},"line":303},"5":{"name":"(anonymous_5)","decl":{"start":{"line":378,"column":23},"end":{"line":378,"column":24}},"loc":{"start":{"line":378,"column":43},"end":{"line":441,"column":1}},"line":378}},"branchMap":{"0":{"loc":{"start":{"line":20,"column":2},"end":{"line":22,"column":3}},"type":"if","locations":[{"start":{"line":20,"column":2},"end":{"line":22,"column":3}},{"start":{},"end":{}}],"line":20},"1":{"loc":{"start":{"line":27,"column":2},"end":{"line":29,"column":3}},"type":"if","locations":[{"start":{"line":27,"column":2},"end":{"line":29,"column":3}},{"start":{},"end":{}}],"line":27},"2":{"loc":{"start":{"line":27,"column":6},"end":{"line":27,"column":63}},"type":"binary-expr","locations":[{"start":{"line":27,"column":6},"end":{"line":27,"column":18}},{"start":{"line":27,"column":22},"end":{"line":27,"column":63}}],"line":27},"3":{"loc":{"start":{"line":34,"column":2},"end":{"line":36,"column":3}},"type":"if","locations":[{"start":{"line":34,"column":2},"end":{"line":36,"column":3}},{"start":{},"end":{}}],"line":34},"4":{"loc":{"start":{"line":34,"column":6},"end":{"line":34,"column":77}},"type":"binary-expr","locations":[{"start":{"line":34,"column":6},"end":{"line":34,"column":16}},{"start":{"line":34,"column":20},"end":{"line":34,"column":27}},{"start":{"line":34,"column":31},"end":{"line":34,"column":53}},{"start":{"line":34,"column":57},"end":{"line":34,"column":77}}],"line":34},"5":{"loc":{"start":{"line":38,"column":9},"end":{"line":38,"column":82}},"type":"binary-expr","locations":[{"start":{"line":38,"column":9},"end":{"line":38,"column":29}},{"start":{"line":38,"column":33},"end":{"line":38,"column":54}},{"start":{"line":38,"column":58},"end":{"line":38,"column":82}}],"line":38},"6":{"loc":{"start":{"line":55,"column":28},"end":{"line":55,"column":73}},"type":"cond-expr","locations":[{"start":{"line":55,"column":56},"end":{"line":55,"column":68}},{"start":{"line":55,"column":71},"end":{"line":55,"column":73}}],"line":55},"7":{"loc":{"start":{"line":59,"column":4},"end":{"line":67,"column":5}},"type":"if","locations":[{"start":{"line":59,"column":4},"end":{"line":67,"column":5}},{"start":{},"end":{}}],"line":59},"8":{"loc":{"start":{"line":59,"column":8},"end":{"line":59,"column":61}},"type":"binary-expr","locations":[{"start":{"line":59,"column":8},"end":{"line":59,"column":15}},{"start":{"line":59,"column":19},"end":{"line":59,"column":28}},{"start":{"line":59,"column":32},"end":{"line":59,"column":48}},{"start":{"line":59,"column":52},"end":{"line":59,"column":61}}],"line":59},"9":{"loc":{"start":{"line":71,"column":4},"end":{"line":76,"column":5}},"type":"if","locations":[{"start":{"line":71,"column":4},"end":{"line":76,"column":5}},{"start":{},"end":{}}],"line":71},"10":{"loc":{"start":{"line":80,"column":4},"end":{"line":85,"column":5}},"type":"if","locations":[{"start":{"line":80,"column":4},"end":{"line":85,"column":5}},{"start":{},"end":{}}],"line":80},"11":{"loc":{"start":{"line":93,"column":4},"end":{"line":98,"column":5}},"type":"if","locations":[{"start":{"line":93,"column":4},"end":{"line":98,"column":5}},{"start":{},"end":{}}],"line":93},"12":{"loc":{"start":{"line":109,"column":16},"end":{"line":109,"column":32}},"type":"binary-expr","locations":[{"start":{"line":109,"column":16},"end":{"line":109,"column":24}},{"start":{"line":109,"column":28},"end":{"line":109,"column":32}}],"line":109},"13":{"loc":{"start":{"line":110,"column":17},"end":{"line":110,"column":34}},"type":"binary-expr","locations":[{"start":{"line":110,"column":17},"end":{"line":110,"column":26}},{"start":{"line":110,"column":30},"end":{"line":110,"column":34}}],"line":110},"14":{"loc":{"start":{"line":166,"column":4},"end":{"line":171,"column":5}},"type":"if","locations":[{"start":{"line":166,"column":4},"end":{"line":171,"column":5}},{"start":{},"end":{}}],"line":166},"15":{"loc":{"start":{"line":166,"column":8},"end":{"line":166,"column":27}},"type":"binary-expr","locations":[{"start":{"line":166,"column":8},"end":{"line":166,"column":14}},{"start":{"line":166,"column":18},"end":{"line":166,"column":27}}],"line":166},"16":{"loc":{"start":{"line":182,"column":4},"end":{"line":190,"column":5}},"type":"if","locations":[{"start":{"line":182,"column":4},"end":{"line":190,"column":5}},{"start":{},"end":{}}],"line":182},"17":{"loc":{"start":{"line":194,"column":4},"end":{"line":199,"column":5}},"type":"if","locations":[{"start":{"line":194,"column":4},"end":{"line":199,"column":5}},{"start":{},"end":{}}],"line":194},"18":{"loc":{"start":{"line":208,"column":4},"end":{"line":213,"column":5}},"type":"if","locations":[{"start":{"line":208,"column":4},"end":{"line":213,"column":5}},{"start":{},"end":{}}],"line":208},"19":{"loc":{"start":{"line":268,"column":4},"end":{"line":273,"column":5}},"type":"if","locations":[{"start":{"line":268,"column":4},"end":{"line":273,"column":5}},{"start":{},"end":{}}],"line":268},"20":{"loc":{"start":{"line":308,"column":29},"end":{"line":308,"column":81}},"type":"cond-expr","locations":[{"start":{"line":308,"column":57},"end":{"line":308,"column":69}},{"start":{"line":308,"column":72},"end":{"line":308,"column":81}}],"line":308},"21":{"loc":{"start":{"line":313,"column":4},"end":{"line":318,"column":5}},"type":"if","locations":[{"start":{"line":313,"column":4},"end":{"line":318,"column":5}},{"start":{},"end":{}}],"line":313},"22":{"loc":{"start":{"line":322,"column":4},"end":{"line":333,"column":5}},"type":"if","locations":[{"start":{"line":322,"column":4},"end":{"line":333,"column":5}},{"start":{},"end":{}}],"line":322},"23":{"loc":{"start":{"line":323,"column":6},"end":{"line":325,"column":7}},"type":"if","locations":[{"start":{"line":323,"column":6},"end":{"line":325,"column":7}},{"start":{},"end":{}}],"line":323},"24":{"loc":{"start":{"line":328,"column":6},"end":{"line":330,"column":7}},"type":"if","locations":[{"start":{"line":328,"column":6},"end":{"line":330,"column":7}},{"start":{},"end":{}}],"line":328},"25":{"loc":{"start":{"line":328,"column":10},"end":{"line":328,"column":62}},"type":"binary-expr","locations":[{"start":{"line":328,"column":10},"end":{"line":328,"column":25}},{"start":{"line":328,"column":29},"end":{"line":328,"column":62}}],"line":328},"26":{"loc":{"start":{"line":338,"column":4},"end":{"line":338,"column":54}},"type":"if","locations":[{"start":{"line":338,"column":4},"end":{"line":338,"column":54}},{"start":{},"end":{}}],"line":338},"27":{"loc":{"start":{"line":339,"column":4},"end":{"line":339,"column":60}},"type":"if","locations":[{"start":{"line":339,"column":4},"end":{"line":339,"column":60}},{"start":{},"end":{}}],"line":339},"28":{"loc":{"start":{"line":340,"column":4},"end":{"line":340,"column":60}},"type":"if","locations":[{"start":{"line":340,"column":4},"end":{"line":340,"column":60}},{"start":{},"end":{}}],"line":340},"29":{"loc":{"start":{"line":341,"column":4},"end":{"line":341,"column":63}},"type":"if","locations":[{"start":{"line":341,"column":4},"end":{"line":341,"column":63}},{"start":{},"end":{}}],"line":341},"30":{"loc":{"start":{"line":384,"column":4},"end":{"line":389,"column":5}},"type":"if","locations":[{"start":{"line":384,"column":4},"end":{"line":389,"column":5}},{"start":{},"end":{}}],"line":384},"31":{"loc":{"start":{"line":384,"column":8},"end":{"line":384,"column":41}},"type":"binary-expr","locations":[{"start":{"line":384,"column":8},"end":{"line":384,"column":23}},{"start":{"line":384,"column":27},"end":{"line":384,"column":41}}],"line":384},"32":{"loc":{"start":{"line":392,"column":4},"end":{"line":397,"column":5}},"type":"if","locations":[{"start":{"line":392,"column":4},"end":{"line":397,"column":5}},{"start":{},"end":{}}],"line":392},"33":{"loc":{"start":{"line":403,"column":4},"end":{"line":408,"column":5}},"type":"if","locations":[{"start":{"line":403,"column":4},"end":{"line":408,"column":5}},{"start":{},"end":{}}],"line":403},"34":{"loc":{"start":{"line":414,"column":4},"end":{"line":419,"column":5}},"type":"if","locations":[{"start":{"line":414,"column":4},"end":{"line":419,"column":5}},{"start":{},"end":{}}],"line":414}},"s":{"0":4,"1":4,"2":4,"3":3,"4":0,"5":3,"6":3,"7":3,"8":1,"9":2,"10":2,"11":2,"12":0,"13":2,"14":4,"15":3,"16":3,"17":3,"18":3,"19":0,"20":3,"21":1,"22":2,"23":0,"24":2,"25":2,"26":0,"27":2,"28":2,"29":2,"30":2,"31":2,"32":0,"33":0,"34":4,"35":7,"36":7,"37":7,"38":0,"39":7,"40":7,"41":1,"42":6,"43":0,"44":6,"45":6,"46":0,"47":6,"48":6,"49":6,"50":6,"51":0,"52":0,"53":4,"54":2,"55":2,"56":2,"57":0,"58":2,"59":0,"60":0,"61":4,"62":0,"63":0,"64":0,"65":0,"66":0,"67":0,"68":0,"69":0,"70":0,"71":0,"72":0,"73":0,"74":0,"75":0,"76":0,"77":0,"78":0,"79":0,"80":0,"81":0,"82":0,"83":0,"84":0,"85":0,"86":0,"87":4,"88":0,"89":0,"90":0,"91":0,"92":0,"93":0,"94":0,"95":0,"96":0,"97":0,"98":0,"99":0,"100":0,"101":0,"102":0,"103":0,"104":0,"105":4},"f":{"0":3,"1":3,"2":7,"3":2,"4":0,"5":0},"b":{"0":[0,3],"1":[1,2],"2":[3,2],"3":[0,2],"4":[2,2,2,2],"5":[2,2,2],"6":[3,0],"7":[0,3],"8":[3,3,3,3],"9":[1,2],"10":[0,2],"11":[0,2],"12":[2,1],"13":[2,1],"14":[0,7],"15":[7,7],"16":[1,6],"17":[0,6],"18":[0,6],"19":[0,2],"20":[0,0],"21":[0,0],"22":[0,0],"23":[0,0],"24":[0,0],"25":[0,0],"26":[0,0],"27":[0,0],"28":[0,0],"29":[0,0],"30":[0,0],"31":[0,0],"32":[0,0],"33":[0,0],"34":[0,0]},"_coverageSchema":"1a1c01bbd47fc00a2c39e90264f33305004495a9","hash":"12447c16bccd83bea77abfe17c90a6a508ecf63e"}
,"C:\\software-YESA\\backend\\controllers\\carrito.controller.js": {"path":"C:\\software-YESA\\backend\\controllers\\carrito.controller.js","statementMap":{"0":{"start":{"line":12,"column":16},"end":{"line":12,"column":44}},"1":{"start":{"line":16,"column":17},"end":{"line":16,"column":46}},"2":{"start":{"line":20,"column":18},"end":{"line":20,"column":48}},"3":{"start":{"line":24,"column":21},"end":{"line":24,"column":54}},"4":{"start":{"line":25,"column":33},"end":{"line":25,"column":62}},"5":{"start":{"line":28,"column":29},"end":{"line":37,"column":1}},"6":{"start":{"line":29,"column":2},"end":{"line":29,"column":33}},"7":{"start":{"line":29,"column":17},"end":{"line":29,"column":33}},"8":{"start":{"line":31,"column":21},"end":{"line":31,"column":66}},"9":{"start":{"line":31,"column":33},"end":{"line":31,"column":66}},"10":{"start":{"line":33,"column":2},"end":{"line":35,"column":3}},"11":{"start":{"line":34,"column":4},"end":{"line":34,"column":50}},"12":{"start":{"line":36,"column":2},"end":{"line":36,"column":18}},"13":{"start":{"line":42,"column":31},"end":{"line":47,"column":1}},"14":{"start":{"line":43,"column":2},"end":{"line":45,"column":3}},"15":{"start":{"line":44,"column":4},"end":{"line":44,"column":60}},"16":{"start":{"line":44,"column":30},"end":{"line":44,"column":58}},"17":{"start":{"line":46,"column":2},"end":{"line":46,"column":46}},"18":{"start":{"line":55,"column":19},"end":{"line":132,"column":1}},"19":{"start":{"line":56,"column":2},"end":{"line":131,"column":3}},"20":{"start":{"line":59,"column":25},"end":{"line":89,"column":6}},"21":{"start":{"line":92,"column":24},"end":{"line":98,"column":6}},"22":{"start":{"line":93,"column":23},"end":{"line":93,"column":46}},"23":{"start":{"line":94,"column":6},"end":{"line":96,"column":7}},"24":{"start":{"line":95,"column":8},"end":{"line":95,"column":68}},"25":{"start":{"line":97,"column":6},"end":{"line":97,"column":22}},"26":{"start":{"line":101,"column":16},"end":{"line":101,"column":17}},"27":{"start":{"line":103,"column":4},"end":{"line":106,"column":7}},"28":{"start":{"line":105,"column":6},"end":{"line":105,"column":70}},"29":{"start":{"line":109,"column":4},"end":{"line":122,"column":7}},"30":{"start":{"line":117,"column":59},"end":{"line":117,"column":78}},"31":{"start":{"line":125,"column":4},"end":{"line":125,"column":49}},"32":{"start":{"line":126,"column":4},"end":{"line":130,"column":7}},"33":{"start":{"line":141,"column":25},"end":{"line":286,"column":1}},"34":{"start":{"line":142,"column":2},"end":{"line":285,"column":3}},"35":{"start":{"line":145,"column":41},"end":{"line":145,"column":49}},"36":{"start":{"line":148,"column":4},"end":{"line":153,"column":5}},"37":{"start":{"line":149,"column":6},"end":{"line":152,"column":9}},"38":{"start":{"line":157,"column":24},"end":{"line":157,"column":49}},"39":{"start":{"line":158,"column":4},"end":{"line":163,"column":5}},"40":{"start":{"line":159,"column":6},"end":{"line":162,"column":9}},"41":{"start":{"line":167,"column":21},"end":{"line":167,"column":56}},"42":{"start":{"line":170,"column":4},"end":{"line":175,"column":5}},"43":{"start":{"line":171,"column":6},"end":{"line":174,"column":9}},"44":{"start":{"line":178,"column":4},"end":{"line":183,"column":5}},"45":{"start":{"line":179,"column":6},"end":{"line":182,"column":9}},"46":{"start":{"line":187,"column":26},"end":{"line":192,"column":6}},"47":{"start":{"line":195,"column":4},"end":{"line":235,"column":5}},"48":{"start":{"line":197,"column":28},"end":{"line":197,"column":64}},"49":{"start":{"line":200,"column":6},"end":{"line":205,"column":7}},"50":{"start":{"line":201,"column":8},"end":{"line":204,"column":11}},"51":{"start":{"line":208,"column":6},"end":{"line":208,"column":45}},"52":{"start":{"line":209,"column":6},"end":{"line":209,"column":33}},"53":{"start":{"line":213,"column":6},"end":{"line":219,"column":9}},"54":{"start":{"line":222,"column":23},"end":{"line":222,"column":64}},"55":{"start":{"line":223,"column":6},"end":{"line":225,"column":7}},"56":{"start":{"line":224,"column":8},"end":{"line":224,"column":68}},"57":{"start":{"line":228,"column":6},"end":{"line":234,"column":9}},"58":{"start":{"line":238,"column":4},"end":{"line":243,"column":5}},"59":{"start":{"line":239,"column":6},"end":{"line":242,"column":9}},"60":{"start":{"line":247,"column":22},"end":{"line":252,"column":6}},"61":{"start":{"line":255,"column":4},"end":{"line":261,"column":7}},"62":{"start":{"line":264,"column":21},"end":{"line":264,"column":54}},"63":{"start":{"line":265,"column":4},"end":{"line":267,"column":5}},"64":{"start":{"line":266,"column":6},"end":{"line":266,"column":66}},"65":{"start":{"line":270,"column":4},"end":{"line":276,"column":7}},"66":{"start":{"line":279,"column":4},"end":{"line":279,"column":55}},"67":{"start":{"line":280,"column":4},"end":{"line":284,"column":7}},"68":{"start":{"line":295,"column":30},"end":{"line":370,"column":1}},"69":{"start":{"line":296,"column":2},"end":{"line":369,"column":3}},"70":{"start":{"line":299,"column":19},"end":{"line":299,"column":29}},"71":{"start":{"line":301,"column":25},"end":{"line":301,"column":33}},"72":{"start":{"line":304,"column":24},"end":{"line":304,"column":49}},"73":{"start":{"line":305,"column":4},"end":{"line":310,"column":5}},"74":{"start":{"line":306,"column":6},"end":{"line":309,"column":9}},"75":{"start":{"line":314,"column":17},"end":{"line":325,"column":6}},"76":{"start":{"line":328,"column":4},"end":{"line":333,"column":5}},"77":{"start":{"line":329,"column":6},"end":{"line":332,"column":9}},"78":{"start":{"line":336,"column":4},"end":{"line":341,"column":5}},"79":{"start":{"line":337,"column":6},"end":{"line":340,"column":9}},"80":{"start":{"line":344,"column":4},"end":{"line":344,"column":32}},"81":{"start":{"line":345,"column":4},"end":{"line":345,"column":22}},"82":{"start":{"line":348,"column":21},"end":{"line":348,"column":44}},"83":{"start":{"line":349,"column":4},"end":{"line":351,"column":5}},"84":{"start":{"line":350,"column":6},"end":{"line":350,"column":66}},"85":{"start":{"line":354,"column":4},"end":{"line":360,"column":7}},"86":{"start":{"line":363,"column":4},"end":{"line":363,"column":60}},"87":{"start":{"line":364,"column":4},"end":{"line":368,"column":7}},"88":{"start":{"line":378,"column":28},"end":{"line":415,"column":1}},"89":{"start":{"line":379,"column":2},"end":{"line":414,"column":3}},"90":{"start":{"line":381,"column":19},"end":{"line":381,"column":29}},"91":{"start":{"line":384,"column":17},"end":{"line":389,"column":6}},"92":{"start":{"line":391,"column":4},"end":{"line":396,"column":5}},"93":{"start":{"line":392,"column":6},"end":{"line":395,"column":9}},"94":{"start":{"line":399,"column":4},"end":{"line":399,"column":25}},"95":{"start":{"line":402,"column":4},"end":{"line":405,"column":7}},"96":{"start":{"line":408,"column":4},"end":{"line":408,"column":58}},"97":{"start":{"line":409,"column":4},"end":{"line":413,"column":7}},"98":{"start":{"line":423,"column":22},"end":{"line":449,"column":1}},"99":{"start":{"line":424,"column":2},"end":{"line":448,"column":3}},"100":{"start":{"line":428,"column":28},"end":{"line":430,"column":6}},"101":{"start":{"line":433,"column":4},"end":{"line":439,"column":7}},"102":{"start":{"line":442,"column":4},"end":{"line":442,"column":52}},"103":{"start":{"line":443,"column":4},"end":{"line":447,"column":7}},"104":{"start":{"line":453,"column":0},"end":{"line":459,"column":2}}},"fnMap":{"0":{"name":"(anonymous_0)","decl":{"start":{"line":28,"column":29},"end":{"line":28,"column":30}},"loc":{"start":{"line":28,"column":48},"end":{"line":37,"column":1}},"line":28},"1":{"name":"(anonymous_1)","decl":{"start":{"line":31,"column":21},"end":{"line":31,"column":22}},"loc":{"start":{"line":31,"column":33},"end":{"line":31,"column":66}},"line":31},"2":{"name":"(anonymous_2)","decl":{"start":{"line":42,"column":31},"end":{"line":42,"column":32}},"loc":{"start":{"line":42,"column":51},"end":{"line":47,"column":1}},"line":42},"3":{"name":"(anonymous_3)","decl":{"start":{"line":44,"column":25},"end":{"line":44,"column":26}},"loc":{"start":{"line":44,"column":30},"end":{"line":44,"column":58}},"line":44},"4":{"name":"(anonymous_4)","decl":{"start":{"line":55,"column":19},"end":{"line":55,"column":20}},"loc":{"start":{"line":55,"column":39},"end":{"line":132,"column":1}},"line":55},"5":{"name":"(anonymous_5)","decl":{"start":{"line":92,"column":41},"end":{"line":92,"column":42}},"loc":{"start":{"line":92,"column":49},"end":{"line":98,"column":5}},"line":92},"6":{"name":"(anonymous_6)","decl":{"start":{"line":103,"column":24},"end":{"line":103,"column":25}},"loc":{"start":{"line":103,"column":32},"end":{"line":106,"column":5}},"line":103},"7":{"name":"(anonymous_7)","decl":{"start":{"line":117,"column":44},"end":{"line":117,"column":45}},"loc":{"start":{"line":117,"column":59},"end":{"line":117,"column":78}},"line":117},"8":{"name":"(anonymous_8)","decl":{"start":{"line":141,"column":25},"end":{"line":141,"column":26}},"loc":{"start":{"line":141,"column":45},"end":{"line":286,"column":1}},"line":141},"9":{"name":"(anonymous_9)","decl":{"start":{"line":295,"column":30},"end":{"line":295,"column":31}},"loc":{"start":{"line":295,"column":50},"end":{"line":370,"column":1}},"line":295},"10":{"name":"(anonymous_10)","decl":{"start":{"line":378,"column":28},"end":{"line":378,"column":29}},"loc":{"start":{"line":378,"column":48},"end":{"line":415,"column":1}},"line":378},"11":{"name":"(anonymous_11)","decl":{"start":{"line":423,"column":22},"end":{"line":423,"column":23}},"loc":{"start":{"line":423,"column":42},"end":{"line":449,"column":1}},"line":423}},"branchMap":{"0":{"loc":{"start":{"line":29,"column":2},"end":{"line":29,"column":33}},"type":"if","locations":[{"start":{"line":29,"column":2},"end":{"line":29,"column":33}},{"start":{},"end":{}}],"line":29},"1":{"loc":{"start":{"line":33,"column":2},"end":{"line":35,"column":3}},"type":"if","locations":[{"start":{"line":33,"column":2},"end":{"line":35,"column":3}},{"start":{},"end":{}}],"line":33},"2":{"loc":{"start":{"line":43,"column":2},"end":{"line":45,"column":3}},"type":"if","locations":[{"start":{"line":43,"column":2},"end":{"line":45,"column":3}},{"start":{},"end":{}}],"line":43},"3":{"loc":{"start":{"line":93,"column":23},"end":{"line":93,"column":46}},"type":"binary-expr","locations":[{"start":{"line":93,"column":23},"end":{"line":93,"column":38}},{"start":{"line":93,"column":42},"end":{"line":93,"column":46}}],"line":93},"4":{"loc":{"start":{"line":94,"column":6},"end":{"line":96,"column":7}},"type":"if","locations":[{"start":{"line":94,"column":6},"end":{"line":96,"column":7}},{"start":{},"end":{}}],"line":94},"5":{"loc":{"start":{"line":145,"column":24},"end":{"line":145,"column":36}},"type":"default-arg","locations":[{"start":{"line":145,"column":35},"end":{"line":145,"column":36}}],"line":145},"6":{"loc":{"start":{"line":148,"column":4},"end":{"line":153,"column":5}},"type":"if","locations":[{"start":{"line":148,"column":4},"end":{"line":153,"column":5}},{"start":{},"end":{}}],"line":148},"7":{"loc":{"start":{"line":158,"column":4},"end":{"line":163,"column":5}},"type":"if","locations":[{"start":{"line":158,"column":4},"end":{"line":163,"column":5}},{"start":{},"end":{}}],"line":158},"8":{"loc":{"start":{"line":170,"column":4},"end":{"line":175,"column":5}},"type":"if","locations":[{"start":{"line":170,"column":4},"end":{"line":175,"column":5}},{"start":{},"end":{}}],"line":170},"9":{"loc":{"start":{"line":178,"column":4},"end":{"line":183,"column":5}},"type":"if","locations":[{"start":{"line":178,"column":4},"end":{"line":183,"column":5}},{"start":{},"end":{}}],"line":178},"10":{"loc":{"start":{"line":195,"column":4},"end":{"line":235,"column":5}},"type":"if","locations":[{"start":{"line":195,"column":4},"end":{"line":235,"column":5}},{"start":{},"end":{}}],"line":195},"11":{"loc":{"start":{"line":200,"column":6},"end":{"line":205,"column":7}},"type":"if","locations":[{"start":{"line":200,"column":6},"end":{"line":205,"column":7}},{"start":{},"end":{}}],"line":200},"12":{"loc":{"start":{"line":222,"column":23},"end":{"line":222,"column":64}},"type":"binary-expr","locations":[{"start":{"line":222,"column":23},"end":{"line":222,"column":47}},{"start":{"line":222,"column":51},"end":{"line":222,"column":64}}],"line":222},"13":{"loc":{"start":{"line":223,"column":6},"end":{"line":225,"column":7}},"type":"if","locations":[{"start":{"line":223,"column":6},"end":{"line":225,"column":7}},{"start":{},"end":{}}],"line":223},"14":{"loc":{"start":{"line":238,"column":4},"end":{"line":243,"column":5}},"type":"if","locations":[{"start":{"line":238,"column":4},"end":{"line":243,"column":5}},{"start":{},"end":{}}],"line":238},"15":{"loc":{"start":{"line":264,"column":21},"end":{"line":264,"column":54}},"type":"binary-expr","locations":[{"start":{"line":264,"column":21},"end":{"line":264,"column":41}},{"start":{"line":264,"column":45},"end":{"line":264,"column":54}}],"line":264},"16":{"loc":{"start":{"line":265,"column":4},"end":{"line":267,"column":5}},"type":"if","locations":[{"start":{"line":265,"column":4},"end":{"line":267,"column":5}},{"start":{},"end":{}}],"line":265},"17":{"loc":{"start":{"line":305,"column":4},"end":{"line":310,"column":5}},"type":"if","locations":[{"start":{"line":305,"column":4},"end":{"line":310,"column":5}},{"start":{},"end":{}}],"line":305},"18":{"loc":{"start":{"line":328,"column":4},"end":{"line":333,"column":5}},"type":"if","locations":[{"start":{"line":328,"column":4},"end":{"line":333,"column":5}},{"start":{},"end":{}}],"line":328},"19":{"loc":{"start":{"line":336,"column":4},"end":{"line":341,"column":5}},"type":"if","locations":[{"start":{"line":336,"column":4},"end":{"line":341,"column":5}},{"start":{},"end":{}}],"line":336},"20":{"loc":{"start":{"line":348,"column":21},"end":{"line":348,"column":44}},"type":"binary-expr","locations":[{"start":{"line":348,"column":21},"end":{"line":348,"column":36}},{"start":{"line":348,"column":40},"end":{"line":348,"column":44}}],"line":348},"21":{"loc":{"start":{"line":349,"column":4},"end":{"line":351,"column":5}},"type":"if","locations":[{"start":{"line":349,"column":4},"end":{"line":351,"column":5}},{"start":{},"end":{}}],"line":349},"22":{"loc":{"start":{"line":391,"column":4},"end":{"line":396,"column":5}},"type":"if","locations":[{"start":{"line":391,"column":4},"end":{"line":396,"column":5}},{"start":{},"end":{}}],"line":391}},"s":{"0":3,"1":3,"2":3,"3":3,"4":3,"5":3,"6":2,"7":0,"8":2,"9":2,"10":2,"11":2,"12":2,"13":3,"14":0,"15":0,"16":0,"17":0,"18":3,"19":1,"20":1,"21":1,"22":1,"23":1,"24":1,"25":1,"26":1,"27":1,"28":1,"29":1,"30":1,"31":0,"32":0,"33":3,"34":1,"35":1,"36":1,"37":0,"38":1,"39":1,"40":0,"41":1,"42":1,"43":0,"44":1,"45":0,"46":1,"47":1,"48":0,"49":0,"50":0,"51":0,"52":0,"53":0,"54":0,"55":0,"56":0,"57":0,"58":1,"59":0,"60":1,"61":1,"62":1,"63":1,"64":1,"65":1,"66":0,"67":0,"68":3,"69":0,"70":0,"71":0,"72":0,"73":0,"74":0,"75":0,"76":0,"77":0,"78":0,"79":0,"80":0,"81":0,"82":0,"83":0,"84":0,"85":0,"86":0,"87":0,"88":3,"89":0,"90":0,"91":0,"92":0,"93":0,"94":0,"95":0,"96":0,"97":0,"98":3,"99":0,"100":0,"101":0,"102":0,"103":0,"104":3},"f":{"0":2,"1":2,"2":0,"3":0,"4":1,"5":1,"6":1,"7":1,"8":1,"9":0,"10":0,"11":0},"b":{"0":[0,2],"1":[2,0],"2":[0,0],"3":[1,0],"4":[1,0],"5":[0],"6":[0,1],"7":[0,1],"8":[0,1],"9":[0,1],"10":[0,1],"11":[0,0],"12":[0,0],"13":[0,0],"14":[0,1],"15":[1,0],"16":[1,0],"17":[0,0],"18":[0,0],"19":[0,0],"20":[0,0],"21":[0,0],"22":[0,0]},"_coverageSchema":"1a1c01bbd47fc00a2c39e90264f33305004495a9","hash":"f2d0f8e5a15ec614e1c6c359ff8d28ac07bd5d33"}
,"C:\\software-YESA\\backend\\controllers\\catalogo.controller.js": {"path":"C:\\software-YESA\\backend\\controllers\\catalogo.controller.js","statementMap":{"0":{"start":{"line":12,"column":17},"end":{"line":12,"column":46}},"1":{"start":{"line":16,"column":18},"end":{"line":16,"column":48}},"2":{"start":{"line":20,"column":21},"end":{"line":20,"column":54}},"3":{"start":{"line":21,"column":33},"end":{"line":21,"column":62}},"4":{"start":{"line":24,"column":29},"end":{"line":53,"column":1}},"5":{"start":{"line":25,"column":2},"end":{"line":25,"column":33}},"6":{"start":{"line":25,"column":17},"end":{"line":25,"column":33}},"7":{"start":{"line":27,"column":21},"end":{"line":27,"column":66}},"8":{"start":{"line":27,"column":33},"end":{"line":27,"column":66}},"9":{"start":{"line":29,"column":2},"end":{"line":35,"column":3}},"10":{"start":{"line":30,"column":4},"end":{"line":34,"column":5}},"11":{"start":{"line":31,"column":6},"end":{"line":31,"column":56}},"12":{"start":{"line":33,"column":6},"end":{"line":33,"column":29}},"13":{"start":{"line":37,"column":2},"end":{"line":46,"column":3}},"14":{"start":{"line":38,"column":4},"end":{"line":41,"column":7}},"15":{"start":{"line":39,"column":6},"end":{"line":39,"column":33}},"16":{"start":{"line":39,"column":19},"end":{"line":39,"column":33}},"17":{"start":{"line":40,"column":6},"end":{"line":40,"column":32}},"18":{"start":{"line":43,"column":4},"end":{"line":45,"column":5}},"19":{"start":{"line":44,"column":6},"end":{"line":44,"column":45}},"20":{"start":{"line":48,"column":2},"end":{"line":50,"column":3}},"21":{"start":{"line":49,"column":4},"end":{"line":49,"column":50}},"22":{"start":{"line":52,"column":2},"end":{"line":52,"column":18}},"23":{"start":{"line":56,"column":31},"end":{"line":61,"column":1}},"24":{"start":{"line":57,"column":2},"end":{"line":59,"column":3}},"25":{"start":{"line":58,"column":4},"end":{"line":58,"column":76}},"26":{"start":{"line":58,"column":39},"end":{"line":58,"column":74}},"27":{"start":{"line":60,"column":2},"end":{"line":60,"column":46}},"28":{"start":{"line":77,"column":21},"end":{"line":202,"column":1}},"29":{"start":{"line":78,"column":2},"end":{"line":201,"column":3}},"30":{"start":{"line":92,"column":8},"end":{"line":92,"column":17}},"31":{"start":{"line":96,"column":19},"end":{"line":96,"column":39}},"32":{"start":{"line":100,"column":18},"end":{"line":103,"column":5}},"33":{"start":{"line":106,"column":4},"end":{"line":106,"column":53}},"34":{"start":{"line":106,"column":21},"end":{"line":106,"column":53}},"35":{"start":{"line":107,"column":4},"end":{"line":107,"column":62}},"36":{"start":{"line":107,"column":24},"end":{"line":107,"column":62}},"37":{"start":{"line":110,"column":4},"end":{"line":117,"column":5}},"38":{"start":{"line":113,"column":6},"end":{"line":116,"column":8}},"39":{"start":{"line":120,"column":4},"end":{"line":126,"column":5}},"40":{"start":{"line":121,"column":6},"end":{"line":121,"column":24}},"41":{"start":{"line":123,"column":6},"end":{"line":123,"column":73}},"42":{"start":{"line":123,"column":21},"end":{"line":123,"column":73}},"43":{"start":{"line":125,"column":6},"end":{"line":125,"column":73}},"44":{"start":{"line":125,"column":21},"end":{"line":125,"column":73}},"45":{"start":{"line":131,"column":4},"end":{"line":145,"column":5}},"46":{"start":{"line":133,"column":8},"end":{"line":133,"column":36}},"47":{"start":{"line":134,"column":8},"end":{"line":134,"column":14}},"48":{"start":{"line":136,"column":8},"end":{"line":136,"column":37}},"49":{"start":{"line":137,"column":8},"end":{"line":137,"column":14}},"50":{"start":{"line":139,"column":8},"end":{"line":139,"column":36}},"51":{"start":{"line":140,"column":8},"end":{"line":140,"column":14}},"52":{"start":{"line":143,"column":8},"end":{"line":143,"column":40}},"53":{"start":{"line":144,"column":8},"end":{"line":144,"column":14}},"54":{"start":{"line":149,"column":19},"end":{"line":149,"column":74}},"55":{"start":{"line":155,"column":39},"end":{"line":174,"column":6}},"56":{"start":{"line":177,"column":28},"end":{"line":177,"column":66}},"57":{"start":{"line":180,"column":4},"end":{"line":192,"column":7}},"58":{"start":{"line":195,"column":4},"end":{"line":195,"column":51}},"59":{"start":{"line":196,"column":4},"end":{"line":200,"column":7}},"60":{"start":{"line":210,"column":24},"end":{"line":265,"column":1}},"61":{"start":{"line":211,"column":2},"end":{"line":264,"column":3}},"62":{"start":{"line":213,"column":19},"end":{"line":213,"column":29}},"63":{"start":{"line":217,"column":21},"end":{"line":236,"column":6}},"64":{"start":{"line":239,"column":4},"end":{"line":244,"column":5}},"65":{"start":{"line":240,"column":6},"end":{"line":243,"column":9}},"66":{"start":{"line":247,"column":27},"end":{"line":247,"column":85}},"67":{"start":{"line":250,"column":4},"end":{"line":255,"column":7}},"68":{"start":{"line":258,"column":4},"end":{"line":258,"column":54}},"69":{"start":{"line":259,"column":4},"end":{"line":263,"column":7}},"70":{"start":{"line":273,"column":22},"end":{"line":324,"column":1}},"71":{"start":{"line":274,"column":2},"end":{"line":323,"column":3}},"72":{"start":{"line":276,"column":19},"end":{"line":276,"column":39}},"73":{"start":{"line":279,"column":23},"end":{"line":283,"column":6}},"74":{"start":{"line":288,"column":34},"end":{"line":306,"column":5}},"75":{"start":{"line":291,"column":31},"end":{"line":297,"column":10}},"76":{"start":{"line":301,"column":8},"end":{"line":304,"column":10}},"77":{"start":{"line":309,"column":4},"end":{"line":314,"column":7}},"78":{"start":{"line":317,"column":4},"end":{"line":317,"column":52}},"79":{"start":{"line":318,"column":4},"end":{"line":322,"column":7}},"80":{"start":{"line":332,"column":37},"end":{"line":398,"column":1}},"81":{"start":{"line":333,"column":2},"end":{"line":397,"column":3}},"82":{"start":{"line":335,"column":19},"end":{"line":335,"column":29}},"83":{"start":{"line":336,"column":19},"end":{"line":336,"column":39}},"84":{"start":{"line":339,"column":22},"end":{"line":341,"column":6}},"85":{"start":{"line":343,"column":4},"end":{"line":348,"column":5}},"86":{"start":{"line":344,"column":6},"end":{"line":347,"column":9}},"87":{"start":{"line":351,"column":26},"end":{"line":358,"column":6}},"88":{"start":{"line":361,"column":37},"end":{"line":376,"column":5}},"89":{"start":{"line":363,"column":31},"end":{"line":369,"column":10}},"90":{"start":{"line":371,"column":8},"end":{"line":374,"column":10}},"91":{"start":{"line":379,"column":4},"end":{"line":388,"column":7}},"92":{"start":{"line":391,"column":4},"end":{"line":391,"column":67}},"93":{"start":{"line":392,"column":4},"end":{"line":396,"column":7}},"94":{"start":{"line":407,"column":31},"end":{"line":456,"column":1}},"95":{"start":{"line":408,"column":2},"end":{"line":455,"column":3}},"96":{"start":{"line":410,"column":27},"end":{"line":410,"column":36}},"97":{"start":{"line":411,"column":19},"end":{"line":411,"column":39}},"98":{"start":{"line":414,"column":22},"end":{"line":435,"column":6}},"99":{"start":{"line":438,"column":28},"end":{"line":438,"column":66}},"100":{"start":{"line":441,"column":4},"end":{"line":446,"column":7}},"101":{"start":{"line":449,"column":4},"end":{"line":449,"column":61}},"102":{"start":{"line":450,"column":4},"end":{"line":454,"column":7}},"103":{"start":{"line":459,"column":0},"end":{"line":465,"column":2}}},"fnMap":{"0":{"name":"(anonymous_0)","decl":{"start":{"line":24,"column":29},"end":{"line":24,"column":30}},"loc":{"start":{"line":24,"column":48},"end":{"line":53,"column":1}},"line":24},"1":{"name":"(anonymous_1)","decl":{"start":{"line":27,"column":21},"end":{"line":27,"column":22}},"loc":{"start":{"line":27,"column":33},"end":{"line":27,"column":66}},"line":27},"2":{"name":"(anonymous_2)","decl":{"start":{"line":38,"column":46},"end":{"line":38,"column":47}},"loc":{"start":{"line":38,"column":58},"end":{"line":41,"column":5}},"line":38},"3":{"name":"(anonymous_3)","decl":{"start":{"line":56,"column":31},"end":{"line":56,"column":32}},"loc":{"start":{"line":56,"column":51},"end":{"line":61,"column":1}},"line":56},"4":{"name":"(anonymous_4)","decl":{"start":{"line":58,"column":25},"end":{"line":58,"column":26}},"loc":{"start":{"line":58,"column":39},"end":{"line":58,"column":74}},"line":58},"5":{"name":"(anonymous_5)","decl":{"start":{"line":77,"column":21},"end":{"line":77,"column":22}},"loc":{"start":{"line":77,"column":41},"end":{"line":202,"column":1}},"line":77},"6":{"name":"(anonymous_6)","decl":{"start":{"line":210,"column":24},"end":{"line":210,"column":25}},"loc":{"start":{"line":210,"column":44},"end":{"line":265,"column":1}},"line":210},"7":{"name":"(anonymous_7)","decl":{"start":{"line":273,"column":22},"end":{"line":273,"column":23}},"loc":{"start":{"line":273,"column":42},"end":{"line":324,"column":1}},"line":273},"8":{"name":"(anonymous_8)","decl":{"start":{"line":289,"column":21},"end":{"line":289,"column":22}},"loc":{"start":{"line":289,"column":42},"end":{"line":305,"column":7}},"line":289},"9":{"name":"(anonymous_9)","decl":{"start":{"line":332,"column":37},"end":{"line":332,"column":38}},"loc":{"start":{"line":332,"column":57},"end":{"line":398,"column":1}},"line":332},"10":{"name":"(anonymous_10)","decl":{"start":{"line":362,"column":24},"end":{"line":362,"column":25}},"loc":{"start":{"line":362,"column":48},"end":{"line":375,"column":7}},"line":362},"11":{"name":"(anonymous_11)","decl":{"start":{"line":407,"column":31},"end":{"line":407,"column":32}},"loc":{"start":{"line":407,"column":51},"end":{"line":456,"column":1}},"line":407}},"branchMap":{"0":{"loc":{"start":{"line":25,"column":2},"end":{"line":25,"column":33}},"type":"if","locations":[{"start":{"line":25,"column":2},"end":{"line":25,"column":33}},{"start":{},"end":{}}],"line":25},"1":{"loc":{"start":{"line":29,"column":2},"end":{"line":35,"column":3}},"type":"if","locations":[{"start":{"line":29,"column":2},"end":{"line":35,"column":3}},{"start":{},"end":{}}],"line":29},"2":{"loc":{"start":{"line":29,"column":6},"end":{"line":29,"column":64}},"type":"binary-expr","locations":[{"start":{"line":29,"column":6},"end":{"line":29,"column":23}},{"start":{"line":29,"column":27},"end":{"line":29,"column":64}}],"line":29},"3":{"loc":{"start":{"line":37,"column":2},"end":{"line":46,"column":3}},"type":"if","locations":[{"start":{"line":37,"column":2},"end":{"line":46,"column":3}},{"start":{},"end":{}}],"line":37},"4":{"loc":{"start":{"line":37,"column":6},"end":{"line":37,"column":59}},"type":"binary-expr","locations":[{"start":{"line":37,"column":6},"end":{"line":37,"column":23}},{"start":{"line":37,"column":27},"end":{"line":37,"column":59}}],"line":37},"5":{"loc":{"start":{"line":39,"column":6},"end":{"line":39,"column":33}},"type":"if","locations":[{"start":{"line":39,"column":6},"end":{"line":39,"column":33}},{"start":{},"end":{}}],"line":39},"6":{"loc":{"start":{"line":43,"column":4},"end":{"line":45,"column":5}},"type":"if","locations":[{"start":{"line":43,"column":4},"end":{"line":45,"column":5}},{"start":{},"end":{}}],"line":43},"7":{"loc":{"start":{"line":43,"column":8},"end":{"line":43,"column":52}},"type":"binary-expr","locations":[{"start":{"line":43,"column":8},"end":{"line":43,"column":24}},{"start":{"line":43,"column":28},"end":{"line":43,"column":52}}],"line":43},"8":{"loc":{"start":{"line":48,"column":2},"end":{"line":50,"column":3}},"type":"if","locations":[{"start":{"line":48,"column":2},"end":{"line":50,"column":3}},{"start":{},"end":{}}],"line":48},"9":{"loc":{"start":{"line":57,"column":2},"end":{"line":59,"column":3}},"type":"if","locations":[{"start":{"line":57,"column":2},"end":{"line":59,"column":3}},{"start":{},"end":{}}],"line":57},"10":{"loc":{"start":{"line":89,"column":6},"end":{"line":89,"column":24}},"type":"default-arg","locations":[{"start":{"line":89,"column":14},"end":{"line":89,"column":24}}],"line":89},"11":{"loc":{"start":{"line":90,"column":6},"end":{"line":90,"column":16}},"type":"default-arg","locations":[{"start":{"line":90,"column":15},"end":{"line":90,"column":16}}],"line":90},"12":{"loc":{"start":{"line":91,"column":6},"end":{"line":91,"column":17}},"type":"default-arg","locations":[{"start":{"line":91,"column":15},"end":{"line":91,"column":17}}],"line":91},"13":{"loc":{"start":{"line":106,"column":4},"end":{"line":106,"column":53}},"type":"if","locations":[{"start":{"line":106,"column":4},"end":{"line":106,"column":53}},{"start":{},"end":{}}],"line":106},"14":{"loc":{"start":{"line":107,"column":4},"end":{"line":107,"column":62}},"type":"if","locations":[{"start":{"line":107,"column":4},"end":{"line":107,"column":62}},{"start":{},"end":{}}],"line":107},"15":{"loc":{"start":{"line":110,"column":4},"end":{"line":117,"column":5}},"type":"if","locations":[{"start":{"line":110,"column":4},"end":{"line":117,"column":5}},{"start":{},"end":{}}],"line":110},"16":{"loc":{"start":{"line":120,"column":4},"end":{"line":126,"column":5}},"type":"if","locations":[{"start":{"line":120,"column":4},"end":{"line":126,"column":5}},{"start":{},"end":{}}],"line":120},"17":{"loc":{"start":{"line":120,"column":8},"end":{"line":120,"column":30}},"type":"binary-expr","locations":[{"start":{"line":120,"column":8},"end":{"line":120,"column":17}},{"start":{"line":120,"column":21},"end":{"line":120,"column":30}}],"line":120},"18":{"loc":{"start":{"line":123,"column":6},"end":{"line":123,"column":73}},"type":"if","locations":[{"start":{"line":123,"column":6},"end":{"line":123,"column":73}},{"start":{},"end":{}}],"line":123},"19":{"loc":{"start":{"line":125,"column":6},"end":{"line":125,"column":73}},"type":"if","locations":[{"start":{"line":125,"column":6},"end":{"line":125,"column":73}},{"start":{},"end":{}}],"line":125},"20":{"loc":{"start":{"line":131,"column":4},"end":{"line":145,"column":5}},"type":"switch","locations":[{"start":{"line":132,"column":6},"end":{"line":134,"column":14}},{"start":{"line":135,"column":6},"end":{"line":137,"column":14}},{"start":{"line":138,"column":6},"end":{"line":140,"column":14}},{"start":{"line":141,"column":6},"end":{"line":141,"column":22}},{"start":{"line":142,"column":6},"end":{"line":144,"column":14}}],"line":131},"21":{"loc":{"start":{"line":239,"column":4},"end":{"line":244,"column":5}},"type":"if","locations":[{"start":{"line":239,"column":4},"end":{"line":244,"column":5}},{"start":{},"end":{}}],"line":239},"22":{"loc":{"start":{"line":247,"column":48},"end":{"line":247,"column":79}},"type":"binary-expr","locations":[{"start":{"line":247,"column":48},"end":{"line":247,"column":67}},{"start":{"line":247,"column":71},"end":{"line":247,"column":79}}],"line":247},"23":{"loc":{"start":{"line":343,"column":4},"end":{"line":348,"column":5}},"type":"if","locations":[{"start":{"line":343,"column":4},"end":{"line":348,"column":5}},{"start":{},"end":{}}],"line":343},"24":{"loc":{"start":{"line":410,"column":12},"end":{"line":410,"column":22}},"type":"default-arg","locations":[{"start":{"line":410,"column":21},"end":{"line":410,"column":22}}],"line":410}},"s":{"0":3,"1":3,"2":3,"3":3,"4":3,"5":25,"6":0,"7":25,"8":25,"9":25,"10":0,"11":0,"12":0,"13":25,"14":25,"15":0,"16":0,"17":0,"18":25,"19":0,"20":25,"21":25,"22":25,"23":3,"24":2,"25":2,"26":24,"27":0,"28":3,"29":2,"30":2,"31":2,"32":2,"33":2,"34":0,"35":2,"36":0,"37":2,"38":0,"39":2,"40":0,"41":0,"42":0,"43":0,"44":0,"45":2,"46":0,"47":0,"48":0,"49":0,"50":0,"51":0,"52":2,"53":2,"54":2,"55":2,"56":2,"57":2,"58":0,"59":0,"60":3,"61":1,"62":1,"63":1,"64":1,"65":0,"66":1,"67":1,"68":0,"69":0,"70":3,"71":1,"72":1,"73":1,"74":1,"75":8,"76":8,"77":1,"78":0,"79":0,"80":3,"81":1,"82":1,"83":1,"84":1,"85":1,"86":0,"87":1,"88":1,"89":4,"90":4,"91":1,"92":0,"93":0,"94":3,"95":0,"96":0,"97":0,"98":0,"99":0,"100":0,"101":0,"102":0,"103":3},"f":{"0":25,"1":25,"2":0,"3":2,"4":24,"5":2,"6":1,"7":1,"8":8,"9":1,"10":4,"11":0},"b":{"0":[0,25],"1":[0,25],"2":[25,25],"3":[25,0],"4":[25,25],"5":[0,0],"6":[0,25],"7":[25,0],"8":[25,0],"9":[2,0],"10":[2],"11":[2],"12":[2],"13":[0,2],"14":[0,2],"15":[0,2],"16":[0,2],"17":[2,2],"18":[0,0],"19":[0,0],"20":[0,0,0,2,2],"21":[0,1],"22":[1,0],"23":[0,1],"24":[0]},"_coverageSchema":"1a1c01bbd47fc00a2c39e90264f33305004495a9","hash":"d8269f62f2b18b7f4b6e33e566c8f126574ca936"}
,"C:\\software-YESA\\backend\\controllers\\categoria.controller.js": {"path":"C:\\software-YESA\\backend\\controllers\\categoria.controller.js","statementMap":{"0":{"start":{"line":12,"column":18},"end":{"line":12,"column":48}},"1":{"start":{"line":16,"column":21},"end":{"line":16,"column":54}},"2":{"start":{"line":20,"column":17},"end":{"line":20,"column":46}},"3":{"start":{"line":30,"column":22},"end":{"line":76,"column":1}},"4":{"start":{"line":31,"column":2},"end":{"line":75,"column":3}},"5":{"start":{"line":33,"column":45},"end":{"line":33,"column":54}},"6":{"start":{"line":37,"column":21},"end":{"line":39,"column":5}},"7":{"start":{"line":43,"column":4},"end":{"line":45,"column":5}},"8":{"start":{"line":44,"column":6},"end":{"line":44,"column":53}},"9":{"start":{"line":48,"column":4},"end":{"line":54,"column":5}},"10":{"start":{"line":49,"column":6},"end":{"line":53,"column":9}},"11":{"start":{"line":57,"column":23},"end":{"line":57,"column":56}},"12":{"start":{"line":60,"column":4},"end":{"line":66,"column":7}},"13":{"start":{"line":69,"column":4},"end":{"line":69,"column":52}},"14":{"start":{"line":70,"column":4},"end":{"line":74,"column":7}},"15":{"start":{"line":84,"column":25},"end":{"line":137,"column":1}},"16":{"start":{"line":85,"column":2},"end":{"line":136,"column":3}},"17":{"start":{"line":87,"column":19},"end":{"line":87,"column":29}},"18":{"start":{"line":91,"column":22},"end":{"line":104,"column":6}},"19":{"start":{"line":107,"column":4},"end":{"line":112,"column":5}},"20":{"start":{"line":108,"column":6},"end":{"line":111,"column":9}},"21":{"start":{"line":115,"column":26},"end":{"line":115,"column":44}},"22":{"start":{"line":117,"column":4},"end":{"line":117,"column":66}},"23":{"start":{"line":119,"column":4},"end":{"line":119,"column":35}},"24":{"start":{"line":122,"column":4},"end":{"line":127,"column":7}},"25":{"start":{"line":130,"column":4},"end":{"line":130,"column":55}},"26":{"start":{"line":131,"column":4},"end":{"line":135,"column":7}},"27":{"start":{"line":145,"column":23},"end":{"line":207,"column":1}},"28":{"start":{"line":146,"column":2},"end":{"line":206,"column":3}},"29":{"start":{"line":148,"column":36},"end":{"line":148,"column":44}},"30":{"start":{"line":151,"column":4},"end":{"line":156,"column":5}},"31":{"start":{"line":152,"column":6},"end":{"line":155,"column":9}},"32":{"start":{"line":160,"column":31},"end":{"line":162,"column":6}},"33":{"start":{"line":165,"column":4},"end":{"line":170,"column":5}},"34":{"start":{"line":166,"column":6},"end":{"line":169,"column":9}},"35":{"start":{"line":173,"column":27},"end":{"line":177,"column":6}},"36":{"start":{"line":180,"column":4},"end":{"line":186,"column":7}},"37":{"start":{"line":189,"column":4},"end":{"line":189,"column":53}},"38":{"start":{"line":192,"column":4},"end":{"line":199,"column":5}},"39":{"start":{"line":193,"column":6},"end":{"line":198,"column":9}},"40":{"start":{"line":197,"column":38},"end":{"line":197,"column":47}},"41":{"start":{"line":201,"column":4},"end":{"line":205,"column":7}},"42":{"start":{"line":215,"column":28},"end":{"line":282,"column":1}},"43":{"start":{"line":216,"column":2},"end":{"line":281,"column":3}},"44":{"start":{"line":218,"column":19},"end":{"line":218,"column":29}},"45":{"start":{"line":219,"column":44},"end":{"line":219,"column":52}},"46":{"start":{"line":222,"column":22},"end":{"line":222,"column":50}},"47":{"start":{"line":224,"column":4},"end":{"line":229,"column":5}},"48":{"start":{"line":225,"column":6},"end":{"line":228,"column":9}},"49":{"start":{"line":232,"column":4},"end":{"line":243,"column":5}},"50":{"start":{"line":233,"column":38},"end":{"line":235,"column":8}},"51":{"start":{"line":237,"column":6},"end":{"line":242,"column":7}},"52":{"start":{"line":238,"column":8},"end":{"line":241,"column":11}},"53":{"start":{"line":247,"column":4},"end":{"line":247,"column":56}},"54":{"start":{"line":247,"column":30},"end":{"line":247,"column":56}},"55":{"start":{"line":248,"column":4},"end":{"line":248,"column":71}},"56":{"start":{"line":248,"column":35},"end":{"line":248,"column":71}},"57":{"start":{"line":249,"column":4},"end":{"line":249,"column":56}},"58":{"start":{"line":249,"column":30},"end":{"line":249,"column":56}},"59":{"start":{"line":253,"column":4},"end":{"line":253,"column":27}},"60":{"start":{"line":256,"column":4},"end":{"line":262,"column":7}},"61":{"start":{"line":265,"column":4},"end":{"line":265,"column":58}},"62":{"start":{"line":268,"column":4},"end":{"line":274,"column":5}},"63":{"start":{"line":269,"column":6},"end":{"line":273,"column":9}},"64":{"start":{"line":272,"column":38},"end":{"line":272,"column":47}},"65":{"start":{"line":276,"column":4},"end":{"line":280,"column":7}},"66":{"start":{"line":292,"column":24},"end":{"line":345,"column":1}},"67":{"start":{"line":293,"column":2},"end":{"line":344,"column":3}},"68":{"start":{"line":294,"column":19},"end":{"line":294,"column":29}},"69":{"start":{"line":297,"column":22},"end":{"line":297,"column":50}},"70":{"start":{"line":299,"column":4},"end":{"line":304,"column":5}},"71":{"start":{"line":300,"column":6},"end":{"line":303,"column":9}},"72":{"start":{"line":307,"column":24},"end":{"line":307,"column":41}},"73":{"start":{"line":308,"column":4},"end":{"line":308,"column":35}},"74":{"start":{"line":312,"column":4},"end":{"line":312,"column":27}},"75":{"start":{"line":315,"column":35},"end":{"line":317,"column":6}},"76":{"start":{"line":319,"column":31},"end":{"line":321,"column":6}},"77":{"start":{"line":324,"column":4},"end":{"line":335,"column":7}},"78":{"start":{"line":338,"column":4},"end":{"line":338,"column":54}},"79":{"start":{"line":339,"column":4},"end":{"line":343,"column":7}},"80":{"start":{"line":355,"column":26},"end":{"line":414,"column":1}},"81":{"start":{"line":356,"column":2},"end":{"line":413,"column":3}},"82":{"start":{"line":357,"column":19},"end":{"line":357,"column":29}},"83":{"start":{"line":360,"column":22},"end":{"line":360,"column":50}},"84":{"start":{"line":362,"column":4},"end":{"line":367,"column":5}},"85":{"start":{"line":363,"column":6},"end":{"line":366,"column":9}},"86":{"start":{"line":370,"column":26},"end":{"line":372,"column":6}},"87":{"start":{"line":375,"column":4},"end":{"line":381,"column":5}},"88":{"start":{"line":376,"column":6},"end":{"line":380,"column":9}},"89":{"start":{"line":384,"column":22},"end":{"line":386,"column":6}},"90":{"start":{"line":389,"column":4},"end":{"line":395,"column":5}},"91":{"start":{"line":390,"column":6},"end":{"line":394,"column":9}},"92":{"start":{"line":398,"column":4},"end":{"line":398,"column":30}},"93":{"start":{"line":401,"column":4},"end":{"line":404,"column":7}},"94":{"start":{"line":407,"column":4},"end":{"line":407,"column":56}},"95":{"start":{"line":408,"column":4},"end":{"line":412,"column":7}},"96":{"start":{"line":423,"column":33},"end":{"line":512,"column":1}},"97":{"start":{"line":424,"column":2},"end":{"line":511,"column":3}},"98":{"start":{"line":425,"column":19},"end":{"line":425,"column":29}},"99":{"start":{"line":428,"column":22},"end":{"line":428,"column":50}},"100":{"start":{"line":430,"column":4},"end":{"line":435,"column":5}},"101":{"start":{"line":431,"column":6},"end":{"line":434,"column":9}},"102":{"start":{"line":438,"column":31},"end":{"line":440,"column":6}},"103":{"start":{"line":443,"column":33},"end":{"line":445,"column":6}},"104":{"start":{"line":448,"column":27},"end":{"line":450,"column":6}},"105":{"start":{"line":453,"column":29},"end":{"line":455,"column":6}},"106":{"start":{"line":458,"column":22},"end":{"line":461,"column":6}},"107":{"start":{"line":464,"column":31},"end":{"line":464,"column":32}},"108":{"start":{"line":465,"column":21},"end":{"line":465,"column":22}},"109":{"start":{"line":468,"column":4},"end":{"line":472,"column":7}},"110":{"start":{"line":470,"column":6},"end":{"line":470,"column":82}},"111":{"start":{"line":471,"column":6},"end":{"line":471,"column":35}},"112":{"start":{"line":475,"column":4},"end":{"line":502,"column":7}},"113":{"start":{"line":505,"column":4},"end":{"line":505,"column":63}},"114":{"start":{"line":506,"column":4},"end":{"line":510,"column":7}},"115":{"start":{"line":515,"column":0},"end":{"line":523,"column":2}}},"fnMap":{"0":{"name":"(anonymous_0)","decl":{"start":{"line":30,"column":22},"end":{"line":30,"column":23}},"loc":{"start":{"line":30,"column":42},"end":{"line":76,"column":1}},"line":30},"1":{"name":"(anonymous_1)","decl":{"start":{"line":84,"column":25},"end":{"line":84,"column":26}},"loc":{"start":{"line":84,"column":45},"end":{"line":137,"column":1}},"line":84},"2":{"name":"(anonymous_2)","decl":{"start":{"line":145,"column":23},"end":{"line":145,"column":24}},"loc":{"start":{"line":145,"column":43},"end":{"line":207,"column":1}},"line":145},"3":{"name":"(anonymous_3)","decl":{"start":{"line":197,"column":33},"end":{"line":197,"column":34}},"loc":{"start":{"line":197,"column":38},"end":{"line":197,"column":47}},"line":197},"4":{"name":"(anonymous_4)","decl":{"start":{"line":215,"column":28},"end":{"line":215,"column":29}},"loc":{"start":{"line":215,"column":48},"end":{"line":282,"column":1}},"line":215},"5":{"name":"(anonymous_5)","decl":{"start":{"line":272,"column":33},"end":{"line":272,"column":34}},"loc":{"start":{"line":272,"column":38},"end":{"line":272,"column":47}},"line":272},"6":{"name":"(anonymous_6)","decl":{"start":{"line":292,"column":24},"end":{"line":292,"column":25}},"loc":{"start":{"line":292,"column":44},"end":{"line":345,"column":1}},"line":292},"7":{"name":"(anonymous_7)","decl":{"start":{"line":355,"column":26},"end":{"line":355,"column":27}},"loc":{"start":{"line":355,"column":46},"end":{"line":414,"column":1}},"line":355},"8":{"name":"(anonymous_8)","decl":{"start":{"line":423,"column":33},"end":{"line":423,"column":34}},"loc":{"start":{"line":423,"column":53},"end":{"line":512,"column":1}},"line":423},"9":{"name":"(anonymous_9)","decl":{"start":{"line":468,"column":22},"end":{"line":468,"column":23}},"loc":{"start":{"line":468,"column":34},"end":{"line":472,"column":5}},"line":468}},"branchMap":{"0":{"loc":{"start":{"line":43,"column":4},"end":{"line":45,"column":5}},"type":"if","locations":[{"start":{"line":43,"column":4},"end":{"line":45,"column":5}},{"start":{},"end":{}}],"line":43},"1":{"loc":{"start":{"line":48,"column":4},"end":{"line":54,"column":5}},"type":"if","locations":[{"start":{"line":48,"column":4},"end":{"line":54,"column":5}},{"start":{},"end":{}}],"line":48},"2":{"loc":{"start":{"line":107,"column":4},"end":{"line":112,"column":5}},"type":"if","locations":[{"start":{"line":107,"column":4},"end":{"line":112,"column":5}},{"start":{},"end":{}}],"line":107},"3":{"loc":{"start":{"line":151,"column":4},"end":{"line":156,"column":5}},"type":"if","locations":[{"start":{"line":151,"column":4},"end":{"line":156,"column":5}},{"start":{},"end":{}}],"line":151},"4":{"loc":{"start":{"line":165,"column":4},"end":{"line":170,"column":5}},"type":"if","locations":[{"start":{"line":165,"column":4},"end":{"line":170,"column":5}},{"start":{},"end":{}}],"line":165},"5":{"loc":{"start":{"line":175,"column":19},"end":{"line":175,"column":38}},"type":"binary-expr","locations":[{"start":{"line":175,"column":19},"end":{"line":175,"column":30}},{"start":{"line":175,"column":34},"end":{"line":175,"column":38}}],"line":175},"6":{"loc":{"start":{"line":192,"column":4},"end":{"line":199,"column":5}},"type":"if","locations":[{"start":{"line":192,"column":4},"end":{"line":199,"column":5}},{"start":{},"end":{}}],"line":192},"7":{"loc":{"start":{"line":224,"column":4},"end":{"line":229,"column":5}},"type":"if","locations":[{"start":{"line":224,"column":4},"end":{"line":229,"column":5}},{"start":{},"end":{}}],"line":224},"8":{"loc":{"start":{"line":232,"column":4},"end":{"line":243,"column":5}},"type":"if","locations":[{"start":{"line":232,"column":4},"end":{"line":243,"column":5}},{"start":{},"end":{}}],"line":232},"9":{"loc":{"start":{"line":232,"column":8},"end":{"line":232,"column":45}},"type":"binary-expr","locations":[{"start":{"line":232,"column":8},"end":{"line":232,"column":14}},{"start":{"line":232,"column":18},"end":{"line":232,"column":45}}],"line":232},"10":{"loc":{"start":{"line":237,"column":6},"end":{"line":242,"column":7}},"type":"if","locations":[{"start":{"line":237,"column":6},"end":{"line":242,"column":7}},{"start":{},"end":{}}],"line":237},"11":{"loc":{"start":{"line":247,"column":4},"end":{"line":247,"column":56}},"type":"if","locations":[{"start":{"line":247,"column":4},"end":{"line":247,"column":56}},{"start":{},"end":{}}],"line":247},"12":{"loc":{"start":{"line":248,"column":4},"end":{"line":248,"column":71}},"type":"if","locations":[{"start":{"line":248,"column":4},"end":{"line":248,"column":71}},{"start":{},"end":{}}],"line":248},"13":{"loc":{"start":{"line":249,"column":4},"end":{"line":249,"column":56}},"type":"if","locations":[{"start":{"line":249,"column":4},"end":{"line":249,"column":56}},{"start":{},"end":{}}],"line":249},"14":{"loc":{"start":{"line":268,"column":4},"end":{"line":274,"column":5}},"type":"if","locations":[{"start":{"line":268,"column":4},"end":{"line":274,"column":5}},{"start":{},"end":{}}],"line":268},"15":{"loc":{"start":{"line":299,"column":4},"end":{"line":304,"column":5}},"type":"if","locations":[{"start":{"line":299,"column":4},"end":{"line":304,"column":5}},{"start":{},"end":{}}],"line":299},"16":{"loc":{"start":{"line":327,"column":28},"end":{"line":327,"column":68}},"type":"cond-expr","locations":[{"start":{"line":327,"column":42},"end":{"line":327,"column":52}},{"start":{"line":327,"column":55},"end":{"line":327,"column":68}}],"line":327},"17":{"loc":{"start":{"line":362,"column":4},"end":{"line":367,"column":5}},"type":"if","locations":[{"start":{"line":362,"column":4},"end":{"line":367,"column":5}},{"start":{},"end":{}}],"line":362},"18":{"loc":{"start":{"line":375,"column":4},"end":{"line":381,"column":5}},"type":"if","locations":[{"start":{"line":375,"column":4},"end":{"line":381,"column":5}},{"start":{},"end":{}}],"line":375},"19":{"loc":{"start":{"line":389,"column":4},"end":{"line":395,"column":5}},"type":"if","locations":[{"start":{"line":389,"column":4},"end":{"line":395,"column":5}},{"start":{},"end":{}}],"line":389},"20":{"loc":{"start":{"line":430,"column":4},"end":{"line":435,"column":5}},"type":"if","locations":[{"start":{"line":430,"column":4},"end":{"line":435,"column":5}},{"start":{},"end":{}}],"line":430}},"s":{"0":3,"1":3,"2":3,"3":3,"4":1,"5":1,"6":1,"7":1,"8":0,"9":1,"10":0,"11":1,"12":1,"13":0,"14":0,"15":3,"16":1,"17":1,"18":1,"19":1,"20":0,"21":1,"22":1,"23":1,"24":1,"25":0,"26":0,"27":3,"28":3,"29":3,"30":3,"31":0,"32":3,"33":3,"34":0,"35":3,"36":3,"37":0,"38":0,"39":0,"40":0,"41":0,"42":3,"43":1,"44":1,"45":1,"46":1,"47":1,"48":0,"49":1,"50":1,"51":1,"52":0,"53":1,"54":1,"55":1,"56":1,"57":1,"58":0,"59":1,"60":1,"61":0,"62":0,"63":0,"64":0,"65":0,"66":3,"67":0,"68":0,"69":0,"70":0,"71":0,"72":0,"73":0,"74":0,"75":0,"76":0,"77":0,"78":0,"79":0,"80":3,"81":1,"82":1,"83":1,"84":1,"85":0,"86":1,"87":1,"88":0,"89":1,"90":1,"91":0,"92":1,"93":1,"94":0,"95":0,"96":3,"97":0,"98":0,"99":0,"100":0,"101":0,"102":0,"103":0,"104":0,"105":0,"106":0,"107":0,"108":0,"109":0,"110":0,"111":0,"112":0,"113":0,"114":0,"115":3},"f":{"0":1,"1":1,"2":3,"3":0,"4":1,"5":0,"6":0,"7":1,"8":0,"9":0},"b":{"0":[0,1],"1":[0,1],"2":[0,1],"3":[0,3],"4":[0,3],"5":[3,0],"6":[0,0],"7":[0,1],"8":[1,0],"9":[1,1],"10":[0,1],"11":[1,0],"12":[1,0],"13":[0,1],"14":[0,0],"15":[0,0],"16":[0,0],"17":[0,1],"18":[0,1],"19":[0,1],"20":[0,0]},"_coverageSchema":"1a1c01bbd47fc00a2c39e90264f33305004495a9","hash":"db1027023d0aad5722ab26704780f35dfcec0207"}
,"C:\\software-YESA\\backend\\controllers\\cotizacion.controller.js": {"path":"C:\\software-YESA\\backend\\controllers\\cotizacion.controller.js","statementMap":{"0":{"start":{"line":8,"column":19},"end":{"line":8,"column":50}},"1":{"start":{"line":9,"column":16},"end":{"line":9,"column":44}},"2":{"start":{"line":12,"column":24},"end":{"line":34,"column":1}},"3":{"start":{"line":13,"column":2},"end":{"line":33,"column":3}},"4":{"start":{"line":14,"column":25},"end":{"line":23,"column":6}},"5":{"start":{"line":25,"column":4},"end":{"line":25,"column":46}},"6":{"start":{"line":27,"column":4},"end":{"line":27,"column":59}},"7":{"start":{"line":28,"column":4},"end":{"line":32,"column":7}},"8":{"start":{"line":37,"column":26},"end":{"line":66,"column":1}},"9":{"start":{"line":38,"column":2},"end":{"line":65,"column":3}},"10":{"start":{"line":39,"column":19},"end":{"line":39,"column":29}},"11":{"start":{"line":40,"column":23},"end":{"line":48,"column":6}},"12":{"start":{"line":50,"column":4},"end":{"line":55,"column":5}},"13":{"start":{"line":51,"column":6},"end":{"line":54,"column":9}},"14":{"start":{"line":57,"column":4},"end":{"line":57,"column":44}},"15":{"start":{"line":59,"column":4},"end":{"line":59,"column":57}},"16":{"start":{"line":60,"column":4},"end":{"line":64,"column":7}},"17":{"start":{"line":69,"column":29},"end":{"line":116,"column":1}},"18":{"start":{"line":70,"column":2},"end":{"line":115,"column":3}},"19":{"start":{"line":71,"column":19},"end":{"line":71,"column":29}},"20":{"start":{"line":72,"column":17},"end":{"line":72,"column":31}},"21":{"start":{"line":73,"column":38},"end":{"line":73,"column":42}},"22":{"start":{"line":75,"column":23},"end":{"line":75,"column":52}},"23":{"start":{"line":76,"column":4},"end":{"line":81,"column":5}},"24":{"start":{"line":77,"column":6},"end":{"line":80,"column":9}},"25":{"start":{"line":83,"column":27},"end":{"line":83,"column":95}},"26":{"start":{"line":85,"column":4},"end":{"line":90,"column":5}},"27":{"start":{"line":86,"column":6},"end":{"line":89,"column":9}},"28":{"start":{"line":92,"column":4},"end":{"line":97,"column":5}},"29":{"start":{"line":93,"column":6},"end":{"line":96,"column":9}},"30":{"start":{"line":99,"column":30},"end":{"line":99,"column":140}},"31":{"start":{"line":101,"column":4},"end":{"line":105,"column":7}},"32":{"start":{"line":107,"column":4},"end":{"line":107,"column":44}},"33":{"start":{"line":109,"column":4},"end":{"line":109,"column":59}},"34":{"start":{"line":110,"column":4},"end":{"line":114,"column":7}},"35":{"start":{"line":118,"column":27},"end":{"line":152,"column":1}},"36":{"start":{"line":119,"column":2},"end":{"line":151,"column":3}},"37":{"start":{"line":120,"column":19},"end":{"line":120,"column":29}},"38":{"start":{"line":121,"column":23},"end":{"line":121,"column":52}},"39":{"start":{"line":123,"column":4},"end":{"line":128,"column":5}},"40":{"start":{"line":124,"column":6},"end":{"line":127,"column":9}},"41":{"start":{"line":130,"column":4},"end":{"line":135,"column":5}},"42":{"start":{"line":131,"column":6},"end":{"line":134,"column":9}},"43":{"start":{"line":137,"column":4},"end":{"line":137,"column":31}},"44":{"start":{"line":139,"column":4},"end":{"line":143,"column":7}},"45":{"start":{"line":145,"column":4},"end":{"line":145,"column":57}},"46":{"start":{"line":146,"column":4},"end":{"line":150,"column":7}},"47":{"start":{"line":154,"column":29},"end":{"line":208,"column":1}},"48":{"start":{"line":155,"column":2},"end":{"line":207,"column":3}},"49":{"start":{"line":156,"column":20},"end":{"line":156,"column":34}},"50":{"start":{"line":158,"column":4},"end":{"line":183,"column":5}},"51":{"start":{"line":159,"column":27},"end":{"line":159,"column":75}},"52":{"start":{"line":161,"column":6},"end":{"line":166,"column":7}},"53":{"start":{"line":162,"column":8},"end":{"line":165,"column":11}},"54":{"start":{"line":168,"column":27},"end":{"line":168,"column":97}},"55":{"start":{"line":168,"column":63},"end":{"line":168,"column":96}},"56":{"start":{"line":169,"column":6},"end":{"line":174,"column":7}},"57":{"start":{"line":170,"column":8},"end":{"line":173,"column":11}},"58":{"start":{"line":176,"column":6},"end":{"line":176,"column":76}},"59":{"start":{"line":178,"column":6},"end":{"line":182,"column":9}},"60":{"start":{"line":185,"column":35},"end":{"line":185,"column":95}},"61":{"start":{"line":186,"column":4},"end":{"line":191,"column":5}},"62":{"start":{"line":187,"column":6},"end":{"line":190,"column":9}},"63":{"start":{"line":193,"column":4},"end":{"line":193,"column":65}},"64":{"start":{"line":195,"column":4},"end":{"line":199,"column":7}},"65":{"start":{"line":201,"column":4},"end":{"line":201,"column":59}},"66":{"start":{"line":202,"column":4},"end":{"line":206,"column":7}},"67":{"start":{"line":210,"column":0},"end":{"line":216,"column":2}}},"fnMap":{"0":{"name":"(anonymous_0)","decl":{"start":{"line":12,"column":24},"end":{"line":12,"column":25}},"loc":{"start":{"line":12,"column":44},"end":{"line":34,"column":1}},"line":12},"1":{"name":"(anonymous_1)","decl":{"start":{"line":37,"column":26},"end":{"line":37,"column":27}},"loc":{"start":{"line":37,"column":46},"end":{"line":66,"column":1}},"line":37},"2":{"name":"(anonymous_2)","decl":{"start":{"line":69,"column":29},"end":{"line":69,"column":30}},"loc":{"start":{"line":69,"column":49},"end":{"line":116,"column":1}},"line":69},"3":{"name":"(anonymous_3)","decl":{"start":{"line":118,"column":27},"end":{"line":118,"column":28}},"loc":{"start":{"line":118,"column":47},"end":{"line":152,"column":1}},"line":118},"4":{"name":"(anonymous_4)","decl":{"start":{"line":154,"column":29},"end":{"line":154,"column":30}},"loc":{"start":{"line":154,"column":49},"end":{"line":208,"column":1}},"line":154},"5":{"name":"(anonymous_5)","decl":{"start":{"line":168,"column":47},"end":{"line":168,"column":48}},"loc":{"start":{"line":168,"column":63},"end":{"line":168,"column":96}},"line":168}},"branchMap":{"0":{"loc":{"start":{"line":50,"column":4},"end":{"line":55,"column":5}},"type":"if","locations":[{"start":{"line":50,"column":4},"end":{"line":55,"column":5}},{"start":{},"end":{}}],"line":50},"1":{"loc":{"start":{"line":72,"column":17},"end":{"line":72,"column":31}},"type":"binary-expr","locations":[{"start":{"line":72,"column":17},"end":{"line":72,"column":25}},{"start":{"line":72,"column":29},"end":{"line":72,"column":31}}],"line":72},"2":{"loc":{"start":{"line":76,"column":4},"end":{"line":81,"column":5}},"type":"if","locations":[{"start":{"line":76,"column":4},"end":{"line":81,"column":5}},{"start":{},"end":{}}],"line":76},"3":{"loc":{"start":{"line":83,"column":27},"end":{"line":83,"column":95}},"type":"cond-expr","locations":[{"start":{"line":83,"column":69},"end":{"line":83,"column":83}},{"start":{"line":83,"column":86},"end":{"line":83,"column":95}}],"line":83},"4":{"loc":{"start":{"line":83,"column":27},"end":{"line":83,"column":66}},"type":"binary-expr","locations":[{"start":{"line":83,"column":27},"end":{"line":83,"column":47}},{"start":{"line":83,"column":51},"end":{"line":83,"column":66}}],"line":83},"5":{"loc":{"start":{"line":85,"column":4},"end":{"line":90,"column":5}},"type":"if","locations":[{"start":{"line":85,"column":4},"end":{"line":90,"column":5}},{"start":{},"end":{}}],"line":85},"6":{"loc":{"start":{"line":85,"column":8},"end":{"line":85,"column":68}},"type":"binary-expr","locations":[{"start":{"line":85,"column":8},"end":{"line":85,"column":36}},{"start":{"line":85,"column":40},"end":{"line":85,"column":68}}],"line":85},"7":{"loc":{"start":{"line":92,"column":4},"end":{"line":97,"column":5}},"type":"if","locations":[{"start":{"line":92,"column":4},"end":{"line":97,"column":5}},{"start":{},"end":{}}],"line":92},"8":{"loc":{"start":{"line":92,"column":8},"end":{"line":92,"column":59}},"type":"binary-expr","locations":[{"start":{"line":92,"column":8},"end":{"line":92,"column":36}},{"start":{"line":92,"column":40},"end":{"line":92,"column":59}}],"line":92},"9":{"loc":{"start":{"line":99,"column":30},"end":{"line":99,"column":140}},"type":"binary-expr","locations":[{"start":{"line":99,"column":30},"end":{"line":99,"column":36}},{"start":{"line":99,"column":41},"end":{"line":99,"column":139}}],"line":99},"10":{"loc":{"start":{"line":99,"column":41},"end":{"line":99,"column":139}},"type":"cond-expr","locations":[{"start":{"line":99,"column":109},"end":{"line":99,"column":119}},{"start":{"line":99,"column":122},"end":{"line":99,"column":139}}],"line":99},"11":{"loc":{"start":{"line":99,"column":41},"end":{"line":99,"column":106}},"type":"binary-expr","locations":[{"start":{"line":99,"column":41},"end":{"line":99,"column":69}},{"start":{"line":99,"column":73},"end":{"line":99,"column":106}}],"line":99},"12":{"loc":{"start":{"line":103,"column":14},"end":{"line":103,"column":79}},"type":"cond-expr","locations":[{"start":{"line":103,"column":45},"end":{"line":103,"column":59}},{"start":{"line":103,"column":62},"end":{"line":103,"column":79}}],"line":103},"13":{"loc":{"start":{"line":104,"column":13},"end":{"line":104,"column":59}},"type":"cond-expr","locations":[{"start":{"line":104,"column":35},"end":{"line":104,"column":40}},{"start":{"line":104,"column":43},"end":{"line":104,"column":59}}],"line":104},"14":{"loc":{"start":{"line":123,"column":4},"end":{"line":128,"column":5}},"type":"if","locations":[{"start":{"line":123,"column":4},"end":{"line":128,"column":5}},{"start":{},"end":{}}],"line":123},"15":{"loc":{"start":{"line":130,"column":4},"end":{"line":135,"column":5}},"type":"if","locations":[{"start":{"line":130,"column":4},"end":{"line":135,"column":5}},{"start":{},"end":{}}],"line":130},"16":{"loc":{"start":{"line":156,"column":20},"end":{"line":156,"column":34}},"type":"binary-expr","locations":[{"start":{"line":156,"column":20},"end":{"line":156,"column":28}},{"start":{"line":156,"column":32},"end":{"line":156,"column":34}}],"line":156},"17":{"loc":{"start":{"line":158,"column":4},"end":{"line":183,"column":5}},"type":"if","locations":[{"start":{"line":158,"column":4},"end":{"line":183,"column":5}},{"start":{},"end":{}}],"line":158},"18":{"loc":{"start":{"line":158,"column":8},"end":{"line":158,"column":44}},"type":"binary-expr","locations":[{"start":{"line":158,"column":8},"end":{"line":158,"column":26}},{"start":{"line":158,"column":30},"end":{"line":158,"column":44}}],"line":158},"19":{"loc":{"start":{"line":161,"column":6},"end":{"line":166,"column":7}},"type":"if","locations":[{"start":{"line":161,"column":6},"end":{"line":166,"column":7}},{"start":{},"end":{}}],"line":161},"20":{"loc":{"start":{"line":169,"column":6},"end":{"line":174,"column":7}},"type":"if","locations":[{"start":{"line":169,"column":6},"end":{"line":174,"column":7}},{"start":{},"end":{}}],"line":169},"21":{"loc":{"start":{"line":186,"column":4},"end":{"line":191,"column":5}},"type":"if","locations":[{"start":{"line":186,"column":4},"end":{"line":191,"column":5}},{"start":{},"end":{}}],"line":186}},"s":{"0":3,"1":3,"2":3,"3":1,"4":1,"5":1,"6":0,"7":0,"8":3,"9":0,"10":0,"11":0,"12":0,"13":0,"14":0,"15":0,"16":0,"17":3,"18":2,"19":2,"20":2,"21":2,"22":2,"23":2,"24":0,"25":2,"26":2,"27":0,"28":2,"29":0,"30":2,"31":2,"32":2,"33":0,"34":0,"35":3,"36":1,"37":1,"38":1,"39":1,"40":0,"41":1,"42":0,"43":1,"44":1,"45":0,"46":0,"47":3,"48":0,"49":0,"50":0,"51":0,"52":0,"53":0,"54":0,"55":0,"56":0,"57":0,"58":0,"59":0,"60":0,"61":0,"62":0,"63":0,"64":0,"65":0,"66":0,"67":3},"f":{"0":1,"1":0,"2":2,"3":1,"4":0,"5":0},"b":{"0":[0,0],"1":[2,0],"2":[0,2],"3":[2,0],"4":[2,2],"5":[0,2],"6":[2,2],"7":[0,2],"8":[2,2],"9":[2,0],"10":[0,0],"11":[0,0],"12":[2,0],"13":[2,0],"14":[0,1],"15":[0,1],"16":[0,0],"17":[0,0],"18":[0,0],"19":[0,0],"20":[0,0],"21":[0,0]},"_coverageSchema":"1a1c01bbd47fc00a2c39e90264f33305004495a9","hash":"8b0dfa94c3402d95253a71f9b81f7cf3400baca6"}
,"C:\\software-YESA\\backend\\controllers\\favoritos.controller.js": {"path":"C:\\software-YESA\\backend\\controllers\\favoritos.controller.js","statementMap":{"0":{"start":{"line":8,"column":17},"end":{"line":8,"column":46}},"1":{"start":{"line":9,"column":17},"end":{"line":9,"column":46}},"2":{"start":{"line":10,"column":33},"end":{"line":10,"column":62}},"3":{"start":{"line":13,"column":29},"end":{"line":41,"column":1}},"4":{"start":{"line":14,"column":2},"end":{"line":14,"column":33}},"5":{"start":{"line":14,"column":17},"end":{"line":14,"column":33}},"6":{"start":{"line":16,"column":21},"end":{"line":16,"column":66}},"7":{"start":{"line":16,"column":33},"end":{"line":16,"column":66}},"8":{"start":{"line":18,"column":2},"end":{"line":24,"column":3}},"9":{"start":{"line":19,"column":4},"end":{"line":23,"column":5}},"10":{"start":{"line":20,"column":6},"end":{"line":20,"column":56}},"11":{"start":{"line":22,"column":6},"end":{"line":22,"column":29}},"12":{"start":{"line":26,"column":2},"end":{"line":34,"column":3}},"13":{"start":{"line":27,"column":4},"end":{"line":30,"column":7}},"14":{"start":{"line":28,"column":6},"end":{"line":28,"column":33}},"15":{"start":{"line":28,"column":19},"end":{"line":28,"column":33}},"16":{"start":{"line":29,"column":6},"end":{"line":29,"column":32}},"17":{"start":{"line":31,"column":4},"end":{"line":33,"column":5}},"18":{"start":{"line":32,"column":6},"end":{"line":32,"column":45}},"19":{"start":{"line":36,"column":2},"end":{"line":38,"column":3}},"20":{"start":{"line":37,"column":4},"end":{"line":37,"column":50}},"21":{"start":{"line":40,"column":2},"end":{"line":40,"column":18}},"22":{"start":{"line":44,"column":21},"end":{"line":80,"column":1}},"23":{"start":{"line":45,"column":2},"end":{"line":79,"column":3}},"24":{"start":{"line":46,"column":22},"end":{"line":46,"column":36}},"25":{"start":{"line":48,"column":22},"end":{"line":58,"column":6}},"26":{"start":{"line":60,"column":28},"end":{"line":64,"column":6}},"27":{"start":{"line":61,"column":27},"end":{"line":61,"column":44}},"28":{"start":{"line":62,"column":6},"end":{"line":62,"column":85}},"29":{"start":{"line":63,"column":6},"end":{"line":63,"column":26}},"30":{"start":{"line":66,"column":4},"end":{"line":71,"column":7}},"31":{"start":{"line":73,"column":4},"end":{"line":73,"column":51}},"32":{"start":{"line":74,"column":4},"end":{"line":78,"column":7}},"33":{"start":{"line":83,"column":26},"end":{"line":129,"column":1}},"34":{"start":{"line":84,"column":2},"end":{"line":128,"column":3}},"35":{"start":{"line":85,"column":22},"end":{"line":85,"column":36}},"36":{"start":{"line":86,"column":27},"end":{"line":86,"column":35}},"37":{"start":{"line":88,"column":4},"end":{"line":93,"column":5}},"38":{"start":{"line":89,"column":6},"end":{"line":92,"column":9}},"39":{"start":{"line":95,"column":21},"end":{"line":95,"column":56}},"40":{"start":{"line":96,"column":4},"end":{"line":101,"column":5}},"41":{"start":{"line":97,"column":6},"
[...]
d":{"line":135,"column":7}},"24":{"start":{"line":130,"column":8},"end":{"line":134,"column":11}},"25":{"start":{"line":138,"column":6},"end":{"line":138,"column":13}},"26":{"start":{"line":141,"column":6},"end":{"line":141,"column":60}},"27":{"start":{"line":142,"column":6},"end":{"line":146,"column":9}},"28":{"start":{"line":160,"column":30},"end":{"line":199,"column":1}},"29":{"start":{"line":161,"column":2},"end":{"line":198,"column":3}},"30":{"start":{"line":163,"column":4},"end":{"line":168,"column":5}},"31":{"start":{"line":164,"column":6},"end":{"line":167,"column":9}},"32":{"start":{"line":171,"column":4},"end":{"line":173,"column":5}},"33":{"start":{"line":172,"column":6},"end":{"line":172,"column":20}},"34":{"start":{"line":177,"column":27},"end":{"line":177,"column":64}},"35":{"start":{"line":181,"column":4},"end":{"line":186,"column":5}},"36":{"start":{"line":182,"column":6},"end":{"line":185,"column":9}},"37":{"start":{"line":189,"column":4},"end":{"line":189,"column":11}},"38":{"start":{"line":192,"column":4},"end":{"line":192,"column":71}},"39":{"start":{"line":193,"column":4},"end":{"line":197,"column":7}},"40":{"start":{"line":210,"column":25},"end":{"line":238,"column":1}},"41":{"start":{"line":211,"column":2},"end":{"line":237,"column":3}},"42":{"start":{"line":213,"column":4},"end":{"line":218,"column":5}},"43":{"start":{"line":214,"column":6},"end":{"line":217,"column":9}},"44":{"start":{"line":221,"column":4},"end":{"line":226,"column":5}},"45":{"start":{"line":222,"column":6},"end":{"line":225,"column":9}},"46":{"start":{"line":229,"column":4},"end":{"line":229,"column":11}},"47":{"start":{"line":231,"column":4},"end":{"line":231,"column":66}},"48":{"start":{"line":232,"column":4},"end":{"line":236,"column":7}},"49":{"start":{"line":250,"column":26},"end":{"line":278,"column":1}},"50":{"start":{"line":251,"column":2},"end":{"line":277,"column":3}},"51":{"start":{"line":253,"column":4},"end":{"line":258,"column":5}},"52":{"start":{"line":254,"column":6},"end":{"line":257,"column":9}},"53":{"start":{"line":261,"column":4},"end":{"line":266,"column":5}},"54":{"start":{"line":262,"column":6},"end":{"line":265,"column":9}},"55":{"start":{"line":269,"column":4},"end":{"line":269,"column":11}},"56":{"start":{"line":271,"column":4},"end":{"line":271,"column":67}},"57":{"start":{"line":272,"column":4},"end":{"line":276,"column":7}},"58":{"start":{"line":281,"column":0},"end":{"line":288,"column":2}}},"fnMap":{"0":{"name":"(anonymous_0)","decl":{"start":{"line":27,"column":24},"end":{"line":27,"column":25}},"loc":{"start":{"line":27,"column":44},"end":{"line":58,"column":1}},"line":27},"1":{"name":"(anonymous_1)","decl":{"start":{"line":69,"column":18},"end":{"line":69,"column":19}},"loc":{"start":{"line":69,"column":38},"end":{"line":98,"column":1}},"line":69},"2":{"name":"(anonymous_2)","decl":{"start":{"line":114,"column":17},"end":{"line":114,"column":18}},"loc":{"start":{"line":114,"column":38},"end":{"line":149,"column":1}},"line":114},"3":{"name":"(anonymous_3)","decl":{"start":{"line":117,"column":9},"end":{"line":117,"column":10}},"loc":{"start":{"line":117,"column":29},"end":{"line":148,"column":3}},"line":117},"4":{"name":"(anonymous_4)","decl":{"start":{"line":160,"column":30},"end":{"line":160,"column":31}},"loc":{"start":{"line":160,"column":50},"end":{"line":199,"column":1}},"line":160},"5":{"name":"(anonymous_5)","decl":{"start":{"line":210,"column":25},"end":{"line":210,"column":26}},"loc":{"start":{"line":210,"column":45},"end":{"line":238,"column":1}},"line":210},"6":{"name":"(anonymous_6)","decl":{"start":{"line":250,"column":26},"end":{"line":250,"column":27}},"loc":{"start":{"line":250,"column":46},"end":{"line":278,"column":1}},"line":250}},"branchMap":{"0":{"loc":{"start":{"line":31,"column":4},"end":{"line":36,"column":5}},"type":"if","locations":[{"start":{"line":31,"column":4},"end":{"line":36,"column":5}},{"start":{},"end":{}}],"line":31},"1":{"loc":{"start":{"line":40,"column":4},"end":{"line":45,"column":5}},"type":"if","locations":[{"start":{"line":40,"column":4},"end":{"line":45,"column":5}},{"start":{},"end":{}}],"line":40},"2":{"loc":{"start":{"line":72,"column":4},"end":{"line":77,"column":5}},"type":"if","locations":[{"start":{"line":72,"column":4},"end":{"line":77,"column":5}},{"start":{},"end":{}}],"line":72},"3":{"loc":{"start":{"line":80,"column":4},"end":{"line":85,"column":5}},"type":"if","locations":[{"start":{"line":80,"column":4},"end":{"line":85,"column":5}},{"start":{},"end":{}}],"line":80},"4":{"loc":{"start":{"line":120,"column":6},"end":{"line":125,"column":7}},"type":"if","locations":[{"start":{"line":120,"column":6},"end":{"line":125,"column":7}},{"start":{},"end":{}}],"line":120},"5":{"loc":{"start":{"line":129,"column":6},"end":{"line":135,"column":7}},"type":"if","locations":[{"start":{"line":129,"column":6},"end":{"line":135,"column":7}},{"start":{},"end":{}}],"line":129},"6":{"loc":{"start":{"line":163,"column":4},"end":{"line":168,"column":5}},"type":"if","locations":[{"start":{"line":163,"column":4},"end":{"line":168,"column":5}},{"start":{},"end":{}}],"line":163},"7":{"loc":{"start":{"line":171,"column":4},"end":{"line":173,"column":5}},"type":"if","locations":[{"start":{"line":171,"column":4},"end":{"line":173,"column":5}},{"start":{},"end":{}}],"line":171},"8":{"loc":{"start":{"line":177,"column":27},"end":{"line":177,"column":64}},"type":"binary-expr","locations":[{"start":{"line":177,"column":27},"end":{"line":177,"column":47}},{"start":{"line":177,"column":51},"end":{"line":177,"column":64}}],"line":177},"9":{"loc":{"start":{"line":181,"column":4},"end":{"line":186,"column":5}},"type":"if","locations":[{"start":{"line":181,"column":4},"end":{"line":186,"column":5}},{"start":{},"end":{}}],"line":181},"10":{"loc":{"start":{"line":213,"column":4},"end":{"line":218,"column":5}},"type":"if","locations":[{"start":{"line":213,"column":4},"end":{"line":218,"column":5}},{"start":{},"end":{}}],"line":213},"11":{"loc":{"start":{"line":221,"column":4},"end":{"line":226,"column":5}},"type":"if","locations":[{"start":{"line":221,"column":4},"end":{"line":226,"column":5}},{"start":{},"end":{}}],"line":221},"12":{"loc":{"start":{"line":253,"column":4},"end":{"line":258,"column":5}},"type":"if","locations":[{"start":{"line":253,"column":4},"end":{"line":258,"column":5}},{"start":{},"end":{}}],"line":253},"13":{"loc":{"start":{"line":261,"column":4},"end":{"line":266,"column":5}},"type":"if","locations":[{"start":{"line":261,"column":4},"end":{"line":266,"column":5}},{"start":{},"end":{}}],"line":261}},"s":{"0":3,"1":0,"2":0,"3":0,"4":0,"5":0,"6":0,"7":0,"8":0,"9":3,"10":0,"11":0,"12":0,"13":0,"14":0,"15":0,"16":0,"17":0,"18":3,"19":0,"20":0,"21":0,"22":0,"23":0,"24":0,"25":0,"26":0,"27":0,"28":3,"29":0,"30":0,"31":0,"32":0,"33":0,"34":0,"35":0,"36":0,"37":0,"38":0,"39":0,"40":3,"41":32,"42":32,"43":0,"44":32,"45":2,"46":30,"47":0,"48":0,"49":3,"50":13,"51":13,"52":0,"53":13,"54":6,"55":7,"56":0,"57":0,"58":3},"f":{"0":0,"1":0,"2":0,"3":0,"4":0,"5":32,"6":13},"b":{"0":[0,0],"1":[0,0],"2":[0,0],"3":[0,0],"4":[0,0],"5":[0,0],"6":[0,0],"7":[0,0],"8":[0,0],"9":[0,0],"10":[0,32],"11":[2,30],"12":[0,13],"13":[6,7]},"_coverageSchema":"1a1c01bbd47fc00a2c39e90264f33305004495a9","hash":"06bd695568df072e42025b34afdf83dc9cfa1f7a"}
,"C:\\software-YESA\\backend\\routes\\admin.routes.js": {"path":"C:\\software-YESA\\backend\\routes\\admin.routes.js","statementMap":{"0":{"start":{"line":22,"column":16},"end":{"line":22,"column":34}},"1":{"start":{"line":27,"column":15},"end":{"line":27,"column":31}},"2":{"start":{"line":36,"column":26},"end":{"line":36,"column":55}},"3":{"start":{"line":42,"column":65},"end":{"line":42,"column":99}},"4":{"start":{"line":47,"column":19},"end":{"line":47,"column":46}},"5":{"start":{"line":52,"column":26},"end":{"line":61,"column":1}},"6":{"start":{"line":53,"column":22},"end":{"line":53,"column":55}},"7":{"start":{"line":54,"column":2},"end":{"line":59,"column":3}},"8":{"start":{"line":55,"column":4},"end":{"line":58,"column":23}},"9":{"start":{"line":60,"column":2},"end":{"line":60,"column":9}},"10":{"start":{"line":71,"column":28},"end":{"line":71,"column":74}},"11":{"start":{"line":75,"column":31},"end":{"line":75,"column":80}},"12":{"start":{"line":79,"column":27},"end":{"line":79,"column":72}},"13":{"start":{"line":83,"column":26},"end":{"line":83,"column":70}},"14":{"start":{"line":87,"column":25},"end":{"line":87,"column":68}},"15":{"start":{"line":91,"column":29},"end":{"line":91,"column":76}},"16":{"start":{"line":100,"column":0},"end":{"line":100,"column":44}},"17":{"start":{"line":109,"column":0},"end":{"line":109,"column":61}},"18":{"start":{"line":114,"column":0},"end":{"line":114,"column":68}},"19":{"start":{"line":119,"column":0},"end":{"line":119,"column":82}},"20":{"start":{"line":124,"column":0},"end":{"line":124,"column":63}},"21":{"start":{"line":129,"column":0},"end":{"line":129,"column":71}},"22":{"start":{"line":135,"column":0},"end":{"line":135,"column":76}},"23":{"start":{"line":141,"column":0},"end":{"line":141,"column":91}},"24":{"start":{"line":150,"column":0},"end":{"line":150,"column":70}},"25":{"start":{"line":154,"column":0},"end":{"line":154,"column":77}},"26":{"start":{"line":158,"column":0},"end":{"line":158,"column":91}},"27":{"start":{"line":163,"column":0},"end":{"line":163,"column":72}},"28":{"start":{"line":168,"column":0},"end":{"line":168,"column":80}},"29":{"start":{"line":173,"column":0},"end":{"line":173,"column":85}},"30":{"start":{"line":178,"column":0},"end":{"line":178,"column":100}},"31":{"start":{"line":187,"column":0},"end":{"line":187,"column":58}},"32":{"start":{"line":191,"column":0},"end":{"line":191,"column":65}},"33":{"start":{"line":196,"column":0},"end":{"line":196,"column":79}},"34":{"start":{"line":200,"column":0},"end":{"line":200,"column":87}},"35":{"start":{"line":204,"column":0},"end":{"line":204,"column":73}},"36":{"start":{"line":209,"column":0},"end":{"line":209,"column":73}},"37":{"start":{"line":214,"column":0},"end":{"line":214,"column":88}},"38":{"start":{"line":224,"column":0},"end":{"line":224,"column":73}},"39":{"start":{"line":229,"column":0},"end":{"line":229,"column":55}},"40":{"start":{"line":233,"column":0},"end":{"line":233,"column":62}},"41":{"start":{"line":239,"column":0},"end":{"line":239,"column":76}},"42":{"start":{"line":245,"column":0},"end":{"line":245,"column":84}},"43":{"start":{"line":250,"column":0},"end":{"line":250,"column":89}},"44":{"start":{"line":255,"column":0},"end":{"line":255,"column":85}},"45":{"start":{"line":264,"column":0},"end":{"line":264,"column":77}},"46":{"start":{"line":269,"column":0},"end":{"line":269,"column":55}},"47":{"start":{"line":273,"column":0},"end":{"line":273,"column":59}},"48":{"start":{"line":278,"column":0},"end":{"line":278,"column":75}},"49":{"start":{"line":285,"column":0},"end":{"line":285,"column":66}},"50":{"start":{"line":289,"column":0},"end":{"line":289,"column":72}},"51":{"start":{"line":293,"column":0},"end":{"line":293,"column":94}},"52":{"start":{"line":297,"column":0},"end":{"line":297,"column":104}},"53":{"start":{"line":302,"column":0},"end":{"line":302,"column":93}},"54":{"start":{"line":306,"column":0},"end":{"line":306,"column":95}},"55":{"start":{"line":314,"column":0},"end":{"line":314,"column":24}}},"fnMap":{"0":{"name":"(anonymous_0)","decl":{"start":{"line":52,"column":26},"end":{"line":52,"column":27}},"loc":{"start":{"line":52,"column":46},"end":{"line":61,"column":1}},"line":52}},"branchMap":{"0":{"loc":{"start":{"line":53,"column":22},"end":{"line":53,"column":55}},"type":"binary-expr","locations":[{"start":{"line":53,"column":22},"end":{"line":53,"column":49}},{"start":{"line":53,"column":53},"end":{"line":53,"column":55}}],"line":53},"1":{"loc":{"start":{"line":54,"column":2},"end":{"line":59,"column":3}},"type":"if","locations":[{"start":{"line":54,"column":2},"end":{"line":59,"column":3}},{"start":{},"end":{}}],"line":54}},"s":{"0":3,"1":3,"2":3,"3":3,"4":3,"5":3,"6":2,"7":2,"8":0,"9":2,"10":3,"11":3,"12":3,"13":3,"14":3,"15":3,"16":3,"17":3,"18":3,"19":3,"20":3,"21":3,"22":3,"23":3,"24":3,"25":3,"26":3,"27":3,"28":3,"29":3,"30":3,"31":3,"32":3,"33":3,"34":3,"35":3,"36":3,"37":3,"38":3,"39":3,"40":3,"41":3,"42":3,"43":3,"44":3,"45":3,"46":3,"47":3,"48":3,"49":3,"50":3,"51":3,"52":3,"53":3,"54":3,"55":3},"f":{"0":2},"b":{"0":[2,0],"1":[0,2]},"_coverageSchema":"1a1c01bbd47fc00a2c39e90264f33305004495a9","hash":"154da6cae42e62ba0bacd74a4aaf0e762bf16e6d"}
,"C:\\software-YESA\\backend\\routes\\auth.routes.js": {"path":"C:\\software-YESA\\backend\\routes\\auth.routes.js","statementMap":{"0":{"start":{"line":26,"column":16},"end":{"line":26,"column":34}},"1":{"start":{"line":31,"column":15},"end":{"line":31,"column":31}},"2":{"start":{"line":44,"column":4},"end":{"line":44,"column":45}},"3":{"start":{"line":53,"column":26},"end":{"line":53,"column":55}},"4":{"start":{"line":75,"column":0},"end":{"line":75,"column":35}},"5":{"start":{"line":92,"column":0},"end":{"line":92,"column":29}},"6":{"start":{"line":108,"column":0},"end":{"line":108,"column":40}},"7":{"start":{"line":122,"column":0},"end":{"line":122,"column":43}},"8":{"start":{"line":137,"column":0},"end":{"line":137,"column":62}},"9":{"start":{"line":145,"column":0},"end":{"line":145,"column":24}}},"fnMap":{},"branchMap":{},"s":{"0":3,"1":3,"2":3,"3":3,"4":3,"5":3,"6":3,"7":3,"8":3,"9":3},"f":{},"b":{},"_coverageSchema":"1a1c01bbd47fc00a2c39e90264f33305004495a9","hash":"59e024da713bc10f885b2ba3f9badfa0b87fe973"}
,"C:\\software-YESA\\backend\\routes\\cliente.routes.js": {"path":"C:\\software-YESA\\backend\\routes\\cliente.routes.js","statementMap":{"0":{"start":{"line":24,"column":16},"end":{"line":24,"column":34}},"1":{"start":{"line":29,"column":15},"end":{"line":29,"column":31}},"2":{"start":{"line":39,"column":26},"end":{"line":39,"column":55}},"3":{"start":{"line":44,"column":22},"end":{"line":44,"column":56}},"4":{"start":{"line":53,"column":27},"end":{"line":53,"column":72}},"5":{"start":{"line":58,"column":26},"end":{"line":58,"column":70}},"6":{"start":{"line":63,"column":28},"end":{"line":63,"column":74}},"7":{"start":{"line":68,"column":25},"end":{"line":68,"column":68}},"8":{"start":{"line":80,"column":0},"end":{"line":80,"column":67}},"9":{"start":{"line":86,"column":0},"end":{"line":86,"column":74}},"10":{"start":{"line":91,"column":0},"end":{"line":91,"column":69}},"11":{"start":{"line":97,"column":0},"end":{"line":97,"column":102}},"12":{"start":{"line":102,"column":0},"end":{"line":102,"column":78}},"13":{"start":{"line":114,"column":0},"end":{"line":114,"column":76}},"14":{"start":{"line":121,"column":0},"end":{"line":121,"column":83}},"15":{"start":{"line":128,"column":0},"end":{"line":128,"column":91}},"16":{"start":{"line":134,"column":0},"end":{"line":134,"column":92}},"17":{"start":{"line":140,"column":0},"end":{"line":140,"column":82}},"18":{"start":{"line":151,"column":0},"end":{"line":151,"column":82}},"19":{"start":{"line":158,"column":0},"end":{"line":158,"column":88}},"20":{"start":{"line":164,"column":0},"end":{"line":164,"column":101}},"21":{"start":{"line":182,"column":0},"end":{"line":182,"column":77}},"22":{"start":{"line":188,"column":0},"end":{"line":188,"column":78}},"23":{"start":{"line":195,"column":0},"end":{"line":195,"column":82}},"24":{"start":{"line":203,"column":0},"end":{"line":203,"column":92}},"25":{"start":{"line":211,"column":0},"end":{"line":211,"column":24}}},"fnMap":{},"branchMap":{},"s":{"0":3,"1":3,"2":3,"3":3,"4":3,"5":3,"6":3,"7":3,"8":3,"9":3,"10":3,"11":3,"12":3,"13":3,"14":3,"15":3,"16":3,"17":3,"18":3,"19":3,"20":3,"21":3,"22":3,"23":3,"24":3,"25":3},"f":{},"b":{},"_coverageSchema":"1a1c01bbd47fc00a2c39e90264f33305004495a9","hash":"8370c38a31f233a9a904747b3e490bd10dc04f69"}
,"C:\\software-YESA\\backend\\routes\\personalizacion.js": {"path":"C:\\software-YESA\\backend\\routes\\personalizacion.js","statementMap":{"0":{"start":{"line":1,"column":16},"end":{"line":1,"column":34}},"1":{"start":{"line":2,"column":15},"end":{"line":2,"column":31}},"2":{"start":{"line":3,"column":34},"end":{"line":3,"column":85}},"3":{"start":{"line":5,"column":49},"end":{"line":5,"column":78}},"4":{"start":{"line":8,"column":0},"end":{"line":8,"column":65}},"5":{"start":{"line":10,"column":0},"end":{"line":10,"column":82}},"6":{"start":{"line":11,"column":0},"end":{"line":11,"column":65}},"7":{"start":{"line":14,"column":0},"end":{"line":14,"column":97}},"8":{"start":{"line":15,"column":0},"end":{"line":15,"column":102}},"9":{"start":{"line":17,"column":0},"end":{"line":17,"column":24}}},"fnMap":{},"branchMap":{},"s":{"0":3,"1":3,"2":3,"3":3,"4":3,"5":3,"6":3,"7":3,"8":3,"9":3},"f":{},"b":{},"_coverageSchema":"1a1c01bbd47fc00a2c39e90264f33305004495a9","hash":"7960bae74569369daa1ddf7fa54dfad681a00307"}
,"C:\\software-YESA\\backend\\routes\\resena.routes.js": {"path":"C:\\software-YESA\\backend\\routes\\resena.routes.js","statementMap":{"0":{"start":{"line":2,"column":16},"end":{"line":2,"column":34}},"1":{"start":{"line":3,"column":15},"end":{"line":3,"column":31}},"2":{"start":{"line":4,"column":34},"end":{"line":4,"column":63}},"3":{"start":{"line":5,"column":51},"end":{"line":5,"column":94}},"4":{"start":{"line":8,"column":0},"end":{"line":8,"column":53}},"5":{"start":{"line":11,"column":0},"end":{"line":11,"column":55}},"6":{"start":{"line":13,"column":0},"end":{"line":13,"column":24}}},"fnMap":{},"branchMap":{},"s":{"0":3,"1":3,"2":3,"3":3,"4":3,"5":3,"6":3},"f":{},"b":{},"_coverageSchema":"1a1c01bbd47fc00a2c39e90264f33305004495a9","hash":"d7098b9d0c87735475d10ec785d6857e705f49df"}
,"C:\\software-YESA\\backend\\routes\\soporte.routes.js": {"path":"C:\\software-YESA\\backend\\routes\\soporte.routes.js","statementMap":{"0":{"start":{"line":13,"column":16},"end":{"line":13,"column":34}},"1":{"start":{"line":14,"column":15},"end":{"line":14,"column":31}},"2":{"start":{"line":23,"column":4},"end":{"line":23,"column":48}},"3":{"start":{"line":25,"column":49},"end":{"line":25,"column":78}},"4":{"start":{"line":26,"column":65},"end":{"line":26,"column":99}},"5":{"start":{"line":30,"column":0},"end":{"line":30,"column":63}},"6":{"start":{"line":32,"column":0},"end":{"line":32,"column":58}},"7":{"start":{"line":35,"column":0},"end":{"line":35,"column":76}},"8":{"start":{"line":36,"column":0},"end":{"line":36,"column":84}},"9":{"start":{"line":37,"column":0},"end":{"line":37,"column":91}},"10":{"start":{"line":39,"column":0},"end":{"line":39,"column":84}},"11":{"start":{"line":41,"column":0},"end":{"line":41,"column":24}}},"fnMap":{},"branchMap":{},"s":{"0":3,"1":3,"2":3,"3":3,"4":3,"5":3,"6":3,"7":3,"8":3,"9":3,"10":3,"11":3},"f":{},"b":{},"_coverageSchema":"1a1c01bbd47fc00a2c39e90264f33305004495a9","hash":"e5cd62c68d646f5dda24e008d07c02b056c6df53"}
,"C:\\software-YESA\\backend\\routes\\upload.routes.js": {"path":"C:\\software-YESA\\backend\\routes\\upload.routes.js","statementMap":{"0":{"start":{"line":1,"column":16},"end":{"line":1,"column":34}},"1":{"start":{"line":2,"column":15},"end":{"line":2,"column":31}},"2":{"start":{"line":3,"column":25},"end":{"line":3,"column":67}},"3":{"start":{"line":4,"column":42},"end":{"line":4,"column":69}},"4":{"start":{"line":5,"column":26},"end":{"line":5,"column":55}},"5":{"start":{"line":6,"column":29},"end":{"line":6,"column":63}},"6":{"start":{"line":9,"column":0},"end":{"line":9,"column":82}},"7":{"start":{"line":10,"column":0},"end":{"line":10,"column":113}},"8":{"start":{"line":13,"column":0},"end":{"line":13,"column":64}},"9":{"start":{"line":14,"column":0},"end":{"line":14,"column":107}},"10":{"start":{"line":15,"column":0},"end":{"line":15,"column":92}},"11":{"start":{"line":17,"column":0},"end":{"line":17,"column":24}}},"fnMap":{},"branchMap":{},"s":{"0":3,"1":3,"2":3,"3":3,"4":3,"5":3,"6":3,"7":3,"8":3,"9":3,"10":3,"11":3},"f":{},"b":{},"_coverageSchema":"1a1c01bbd47fc00a2c39e90264f33305004495a9","hash":"fcc84b1b82358ce0bcf3dd08901c6c0fb16cc72d"}
}
