TN:
SF:controllers\auth.controller.js
FN:28,(anonymous_0)
FN:139,(anonymous_1)
FN:234,(anonymous_2)
FN:282,(anonymous_3)
FN:357,(anonymous_4)
FNF:5
FNH:1
FNDA:0,(anonymous_0)
FNDA:1,(anonymous_1)
FNDA:0,(anonymous_2)
FNDA:0,(anonymous_3)
FNDA:0,(anonymous_4)
DA:13,1
DA:17,1
DA:28,1
DA:29,0
DA:32,0
DA:36,0
DA:40,0
DA:48,0
DA:50,0
DA:51,0
DA:59,0
DA:60,0
DA:69,0
DA:72,0
DA:73,0
DA:83,0
DA:95,0
DA:103,0
DA:104,0
DA:108,0
DA:120,0
DA:122,0
DA:139,1
DA:140,1
DA:142,1
DA:145,1
DA:146,0
DA:156,1
DA:161,1
DA:165,0
DA:173,1
DA:174,0
DA:184,1
DA:187,1
DA:188,0
DA:195,1
DA:202,1
DA:203,1
DA:206,1
DA:216,0
DA:217,0
DA:234,1
DA:235,0
DA:240,0
DA:247,0
DA:248,0
DA:255,0
DA:263,0
DA:264,0
DA:282,1
DA:283,0
DA:286,0
DA:289,0
DA:291,0
DA:292,0
DA:300,0
DA:301,0
DA:302,0
DA:303,0
DA:306,0
DA:307,0
DA:308,0
DA:311,0
DA:317,0
DA:318,0
DA:319,0
DA:320,0
DA:324,0
DA:329,0
DA:338,0
DA:339,0
DA:357,1
DA:358,0
DA:360,0
DA:363,0
DA:364,0
DA:371,0
DA:372,0
DA:380,0
DA:382,0
DA:383,0
DA:391,0
DA:393,0
DA:394,0
DA:403,0
DA:404,0
DA:407,0
DA:413,0
DA:414,0
DA:425,1
LF:90
LH:20
BRDA:36,0,0,0
BRDA:36,0,1,0
BRDA:36,1,0,0
BRDA:36,1,1,0
BRDA:36,1,2,0
BRDA:36,1,3,0
BRDA:50,2,0,0
BRDA:50,2,1,0
BRDA:59,3,0,0
BRDA:59,3,1,0
BRDA:72,4,0,0
BRDA:72,4,1,0
BRDA:88,5,0,0
BRDA:88,5,1,0
BRDA:89,6,0,0
BRDA:89,6,1,0
BRDA:145,7,0,0
BRDA:145,7,1,1
BRDA:145,8,0,1
BRDA:145,8,1,1
BRDA:161,9,0,0
BRDA:161,9,1,1
BRDA:173,10,0,0
BRDA:173,10,1,1
BRDA:187,11,0,0
BRDA:187,11,1,1
BRDA:247,12,0,0
BRDA:247,12,1,0
BRDA:291,13,0,0
BRDA:291,13,1,0
BRDA:300,14,0,0
BRDA:300,14,1,0
BRDA:302,15,0,0
BRDA:302,15,1,0
BRDA:307,16,0,0
BRDA:307,16,1,0
BRDA:307,17,0,0
BRDA:307,17,1,0
BRDA:317,18,0,0
BRDA:317,18,1,0
BRDA:318,19,0,0
BRDA:318,19,1,0
BRDA:319,20,0,0
BRDA:319,20,1,0
BRDA:320,21,0,0
BRDA:320,21,1,0
BRDA:363,22,0,0
BRDA:363,22,1,0
BRDA:363,23,0,0
BRDA:363,23,1,0
BRDA:371,24,0,0
BRDA:371,24,1,0
BRDA:382,25,0,0
BRDA:382,25,1,0
BRDA:393,26,0,0
BRDA:393,26,1,0
BRF:56
BRH:6
end_of_record
TN:
SF:controllers\carrito.controller.js
FN:27,(anonymous_0)
FN:31,(anonymous_1)
FN:46,(anonymous_2)
FN:59,(anonymous_3)
FN:96,(anonymous_4)
FN:107,(anonymous_5)
FN:121,(anonymous_6)
FN:145,(anonymous_7)
FN:299,(anonymous_8)
FN:382,(anonymous_9)
FN:427,(anonymous_10)
FNF:11
FNH:0
FNDA:0,(anonymous_0)
FNDA:0,(anonymous_1)
FNDA:0,(anonymous_2)
FNDA:0,(anonymous_3)
FNDA:0,(anonymous_4)
FNDA:0,(anonymous_5)
FNDA:0,(anonymous_6)
FNDA:0,(anonymous_7)
FNDA:0,(anonymous_8)
FNDA:0,(anonymous_9)
FNDA:0,(anonymous_10)
DA:12,1
DA:16,1
DA:20,1
DA:24,1
DA:27,1
DA:28,0
DA:30,0
DA:31,0
DA:32,0
DA:33,0
DA:34,0
DA:35,0
DA:36,0
DA:39,0
DA:40,0
DA:42,0
DA:46,1
DA:47,0
DA:48,0
DA:50,0
DA:59,1
DA:60,0
DA:63,0
DA:96,0
DA:97,0
DA:98,0
DA:99,0
DA:101,0
DA:105,0
DA:107,0
DA:109,0
DA:113,0
DA:121,0
DA:129,0
DA:130,0
DA:145,1
DA:146,0
DA:149,0
DA:152,0
DA:153,0
DA:161,0
DA:162,0
DA:163,0
DA:171,0
DA:174,0
DA:175,0
DA:182,0
DA:183,0
DA:191,0
DA:199,0
DA:201,0
DA:204,0
DA:205,0
DA:212,0
DA:213,0
DA:217,0
DA:226,0
DA:227,0
DA:228,0
DA:232,0
DA:242,0
DA:243,0
DA:251,0
DA:259,0
DA:268,0
DA:269,0
DA:270,0
DA:274,0
DA:283,0
DA:284,0
DA:299,1
DA:300,0
DA:303,0
DA:305,0
DA:308,0
DA:309,0
DA:310,0
DA:318,0
DA:332,0
DA:333,0
DA:340,0
DA:341,0
DA:348,0
DA:349,0
DA:352,0
DA:353,0
DA:354,0
DA:358,0
DA:367,0
DA:368,0
DA:382,1
DA:383,0
DA:385,0
DA:388,0
DA:395,0
DA:396,0
DA:403,0
DA:406,0
DA:412,0
DA:413,0
DA:427,1
DA:428,0
DA:432,0
DA:437,0
DA:446,0
DA:447,0
DA:457,1
LF:107
LH:12
BRDA:28,0,0,0
BRDA:28,0,1,0
BRDA:30,1,0,0
BRDA:30,1,1,0
BRDA:32,2,0,0
BRDA:32,2,1,0
BRDA:33,3,0,0
BRDA:33,3,1,0
BRDA:35,4,0,0
BRDA:35,4,1,0
BRDA:39,5,0,0
BRDA:39,5,1,0
BRDA:47,6,0,0
BRDA:47,6,1,0
BRDA:97,7,0,0
BRDA:97,7,1,0
BRDA:98,8,0,0
BRDA:98,8,1,0
BRDA:149,9,0,0
BRDA:152,10,0,0
BRDA:152,10,1,0
BRDA:162,11,0,0
BRDA:162,11,1,0
BRDA:174,12,0,0
BRDA:174,12,1,0
BRDA:182,13,0,0
BRDA:182,13,1,0
BRDA:199,14,0,0
BRDA:199,14,1,0
BRDA:204,15,0,0
BRDA:204,15,1,0
BRDA:226,16,0,0
BRDA:226,16,1,0
BRDA:227,17,0,0
BRDA:227,17,1,0
BRDA:242,18,0,0
BRDA:242,18,1,0
BRDA:268,19,0,0
BRDA:268,19,1,0
BRDA:269,20,0,0
BRDA:269,20,1,0
BRDA:309,21,0,0
BRDA:309,21,1,0
BRDA:332,22,0,0
BRDA:332,22,1,0
BRDA:340,23,0,0
BRDA:340,23,1,0
BRDA:352,24,0,0
BRDA:352,24,1,0
BRDA:353,25,0,0
BRDA:353,25,1,0
BRDA:395,26,0,0
BRDA:395,26,1,0
BRF:53
BRH:0
end_of_record
TN:
SF:controllers\catalogo.controller.js
FN:23,(anonymous_0)
FN:28,(anonymous_1)
FN:45,(anonymous_2)
FN:63,(anonymous_3)
FN:84,(anonymous_4)
FN:217,(anonymous_5)
FN:280,(anonymous_6)
FN:296,(anonymous_7)
FN:339,(anonymous_8)
FN:369,(anonymous_9)
FN:414,(anonymous_10)
FNF:11
FNH:0
FNDA:0,(anonymous_0)
FNDA:0,(anonymous_1)
FNDA:0,(anonymous_2)
FNDA:0,(anonymous_3)
FNDA:0,(anonymous_4)
FNDA:0,(anonymous_5)
FNDA:0,(anonymous_6)
FNDA:0,(anonymous_7)
FNDA:0,(anonymous_8)
FNDA:0,(anonymous_9)
FNDA:0,(anonymous_10)
DA:12,1
DA:16,1
DA:20,1
DA:23,1
DA:24,0
DA:26,0
DA:28,0
DA:29,0
DA:30,0
DA:31,0
DA:32,0
DA:33,0
DA:36,0
DA:37,0
DA:38,0
DA:40,0
DA:44,0
DA:45,0
DA:46,0
DA:47,0
DA:50,0
DA:51,0
DA:55,0
DA:56,0
DA:59,0
DA:63,1
DA:64,0
DA:65,0
DA:67,0
DA:84,1
DA:85,0
DA:99,0
DA:103,0
DA:107,0
DA:113,0
DA:114,0
DA:117,0
DA:120,0
DA:127,0
DA:128,0
DA:130,0
DA:132,0
DA:138,0
DA:140,0
DA:141,0
DA:143,0
DA:144,0
DA:146,0
DA:147,0
DA:150,0
DA:151,0
DA:156,0
DA:162,0
DA:184,0
DA:187,0
DA:202,0
DA:203,0
DA:217,1
DA:218,0
DA:220,0
DA:224,0
DA:246,0
DA:247,0
DA:254,0
DA:257,0
DA:265,0
DA:266,0
DA:280,1
DA:281,0
DA:283,0
DA:286,0
DA:295,0
DA:298,0
DA:308,0
DA:316,0
DA:324,0
DA:325,0
DA:339,1
DA:340,0
DA:342,0
DA:343,0
DA:346,0
DA:350,0
DA:351,0
DA:358,0
DA:368,0
DA:370,0
DA:378,0
DA:386,0
DA:398,0
DA:399,0
DA:414,1
DA:415,0
DA:417,0
DA:418,0
DA:421,0
DA:445,0
DA:448,0
DA:456,0
DA:457,0
DA:466,1
LF:101
LH:11
BRDA:24,0,0,0
BRDA:24,0,1,0
BRDA:26,1,0,0
BRDA:26,1,1,0
BRDA:29,2,0,0
BRDA:29,2,1,0
BRDA:30,3,0,0
BRDA:30,3,1,0
BRDA:32,4,0,0
BRDA:32,4,1,0
BRDA:36,5,0,0
BRDA:36,5,1,0
BRDA:36,6,0,0
BRDA:36,6,1,0
BRDA:44,7,0,0
BRDA:44,7,1,0
BRDA:44,8,0,0
BRDA:44,8,1,0
BRDA:46,9,0,0
BRDA:46,9,1,0
BRDA:50,10,0,0
BRDA:50,10,1,0
BRDA:50,11,0,0
BRDA:50,11,1,0
BRDA:55,12,0,0
BRDA:55,12,1,0
BRDA:64,13,0,0
BRDA:64,13,1,0
BRDA:96,14,0,0
BRDA:97,15,0,0
BRDA:98,16,0,0
BRDA:113,17,0,0
BRDA:113,17,1,0
BRDA:114,18,0,0
BRDA:114,18,1,0
BRDA:117,19,0,0
BRDA:117,19,1,0
BRDA:127,20,0,0
BRDA:127,20,1,0
BRDA:127,21,0,0
BRDA:127,21,1,0
BRDA:130,22,0,0
BRDA:130,22,1,0
BRDA:132,23,0,0
BRDA:132,23,1,0
BRDA:138,24,0,0
BRDA:138,24,1,0
BRDA:138,24,2,0
BRDA:138,24,3,0
BRDA:138,24,4,0
BRDA:246,25,0,0
BRDA:246,25,1,0
BRDA:254,26,0,0
BRDA:254,26,1,0
BRDA:350,27,0,0
BRDA:350,27,1,0
BRDA:417,28,0,0
BRF:57
BRH:0
end_of_record
TN:
SF:controllers\categoria.controller.js
FN:30,(anonymous_0)
FN:84,(anonymous_1)
FN:145,(anonymous_2)
FN:197,(anonymous_3)
FN:215,(anonymous_4)
FN:272,(anonymous_5)
FN:292,(anonymous_6)
FN:355,(anonymous_7)
FN:423,(anonymous_8)
FN:468,(anonymous_9)
FNF:10
FNH:0
FNDA:0,(anonymous_0)
FNDA:0,(anonymous_1)
FNDA:0,(anonymous_2)
FNDA:0,(anonymous_3)
FNDA:0,(anonymous_4)
FNDA:0,(anonymous_5)
FNDA:0,(anonymous_6)
FNDA:0,(anonymous_7)
FNDA:0,(anonymous_8)
FNDA:0,(anonymous_9)
DA:12,1
DA:16,1
DA:20,1
DA:30,1
DA:31,0
DA:33,0
DA:37,0
DA:43,0
DA:44,0
DA:48,0
DA:49,0
DA:57,0
DA:60,0
DA:69,0
DA:70,0
DA:84,1
DA:85,0
DA:87,0
DA:91,0
DA:107,0
DA:108,0
DA:115,0
DA:117,0
DA:119,0
DA:122,0
DA:130,0
DA:131,0
DA:145,1
DA:146,0
DA:148,0
DA:151,0
DA:152,0
DA:160,0
DA:165,0
DA:166,0
DA:173,0
DA:180,0
DA:189,0
DA:192,0
DA:193,0
DA:197,0
DA:201,0
DA:215,1
DA:216,0
DA:218,0
DA:219,0
DA:222,0
DA:224,0
DA:225,0
DA:232,0
DA:233,0
DA:237,0
DA:238,0
DA:247,0
DA:248,0
DA:249,0
DA:253,0
DA:256,0
DA:265,0
DA:268,0
DA:269,0
DA:272,0
DA:276,0
DA:292,1
DA:293,0
DA:294,0
DA:297,0
DA:299,0
DA:300,0
DA:307,0
DA:308,0
DA:312,0
DA:315,0
DA:319,0
DA:324,0
DA:338,0
DA:339,0
DA:355,1
DA:356,0
DA:357,0
DA:360,0
DA:362,0
DA:363,0
DA:370,0
DA:375,0
DA:376,0
DA:384,0
DA:389,0
DA:390,0
DA:398,0
DA:401,0
DA:407,0
DA:408,0
DA:423,1
DA:424,0
DA:425,0
DA:428,0
DA:430,0
DA:431,0
DA:438,0
DA:443,0
DA:448,0
DA:453,0
DA:458,0
DA:464,0
DA:465,0
DA:468,0
DA:470,0
DA:471,0
DA:475,0
DA:505,0
DA:506,0
DA:515,1
LF:113
LH:11
BRDA:43,0,0,0
BRDA:43,0,1,0
BRDA:48,1,0,0
BRDA:48,1,1,0
BRDA:107,2,0,0
BRDA:107,2,1,0
BRDA:151,3,0,0
BRDA:151,3,1,0
BRDA:165,4,0,0
BRDA:165,4,1,0
BRDA:175,5,0,0
BRDA:175,5,1,0
BRDA:192,6,0,0
BRDA:192,6,1,0
BRDA:224,7,0,0
BRDA:224,7,1,0
BRDA:232,8,0,0
BRDA:232,8,1,0
BRDA:232,9,0,0
BRDA:232,9,1,0
BRDA:237,10,0,0
BRDA:237,10,1,0
BRDA:247,11,0,0
BRDA:247,11,1,0
BRDA:248,12,0,0
BRDA:248,12,1,0
BRDA:249,13,0,0
BRDA:249,13,1,0
BRDA:268,14,0,0
BRDA:268,14,1,0
BRDA:299,15,0,0
BRDA:299,15,1,0
BRDA:327,16,0,0
BRDA:327,16,1,0
BRDA:362,17,0,0
BRDA:362,17,1,0
BRDA:375,18,0,0
BRDA:375,18,1,0
BRDA:389,19,0,0
BRDA:389,19,1,0
BRDA:430,20,0,0
BRDA:430,20,1,0
BRF:42
BRH:0
end_of_record
TN:
SF:controllers\cotizacion.controller.js
FN:12,(anonymous_0)
FN:37,(anonymous_1)
FN:69,(anonymous_2)
FNF:3
FNH:1
FNDA:0,(anonymous_0)
FNDA:0,(anonymous_1)
FNDA:1,(anonymous_2)
DA:8,1
DA:9,1
DA:12,1
DA:13,0
DA:14,0
DA:25,0
DA:27,0
DA:28,0
DA:37,1
DA:38,0
DA:39,0
DA:40,0
DA:50,0
DA:51,0
DA:57,0
DA:59,0
DA:60,0
DA:69,1
DA:70,1
DA:71,1
DA:72,1
DA:73,1
DA:75,1
DA:76,1
DA:77,0
DA:83,1
DA:85,1
DA:86,0
DA:92,1
DA:93,0
DA:99,1
DA:101,1
DA:107,1
DA:109,0
DA:110,0
DA:118,1
LF:36
LH:18
BRDA:50,0,0,0
BRDA:50,0,1,0
BRDA:72,1,0,1
BRDA:72,1,1,0
BRDA:76,2,0,0
BRDA:76,2,1,1
BRDA:83,3,0,1
BRDA:83,3,1,0
BRDA:83,4,0,1
BRDA:83,4,1,1
BRDA:85,5,0,0
BRDA:85,5,1,1
BRDA:85,6,0,1
BRDA:85,6,1,1
BRDA:92,7,0,0
BRDA:92,7,1,1
BRDA:92,8,0,1
BRDA:92,8,1,1
BRDA:99,9,0,1
BRDA:99,9,1,0
BRDA:99,10,0,0
BRDA:99,10,1,0
BRDA:99,11,0,0
BRDA:99,11,1,0
BRDA:103,12,0,1
BRDA:103,12,1,0
BRDA:104,13,0,1
BRDA:104,13,1,0
BRF:28
BRH:14
end_of_record
TN:
SF:controllers\favoritos.controller.js
FN:12,(anonymous_0)
FN:17,(anonymous_1)
FN:34,(anonymous_2)
FN:51,(anonymous_3)
FN:67,(anonymous_4)
FN:90,(anonymous_5)
FN:139,(anonymous_6)
FNF:7
FNH:0
FNDA:0,(anonymous_0)
FNDA:0,(anonymous_1)
FNDA:0,(anonymous_2)
FNDA:0,(anonymous_3)
FNDA:0,(anonymous_4)
FNDA:0,(anonymous_5)
FNDA:0,(anonymous_6)
DA:8,1
DA:9,1
DA:12,1
DA:13,0
DA:15,0
DA:17,0
DA:18,0
DA:19,0
DA:20,0
DA:21,0
DA:22,0
DA:25,0
DA:26,0
DA:27,0
DA:29,0
DA:33,0
DA:34,0
DA:35,0
DA:36,0
DA:38,0
DA:39,0
DA:43,0
DA:44,0
DA:47,0
DA:51,1
DA:52,0
DA:53,0
DA:55,0
DA:67,0
DA:68,0
DA:69,0
DA:70,0
DA:73,0
DA:80,0
DA:81,0
DA:90,1
DA:91,0
DA:92,0
DA:93,0
DA:95,0
DA:96,0
DA:102,0
DA:103,0
DA:104,0
DA:110,0
DA:115,0
DA:116,0
DA:123,0
DA:129,0
DA:130,0
DA:139,1
DA:140,0
DA:141,0
DA:142,0
DA:144,0
DA:148,0
DA:149,0
DA:155,0
DA:157,0
DA:162,0
DA:163,0
DA:171,1
LF:62
LH:7
BRDA:13,0,0,0
BRDA:13,0,1,0
BRDA:15,1,0,0
BRDA:15,1,1,0
BRDA:18,2,0,0
BRDA:18,2,1,0
BRDA:19,3,0,0
BRDA:19,3,1,0
BRDA:21,4,0,0
BRDA:21,4,1,0
BRDA:25,5,0,0
BRDA:25,5,1,0
BRDA:25,6,0,0
BRDA:25,6,1,0
BRDA:33,7,0,0
BRDA:33,7,1,0
BRDA:33,8,0,0
BRDA:33,8,1,0
BRDA:35,9,0,0
BRDA:35,9,1,0
BRDA:38,10,0,0
BRDA:38,10,1,0
BRDA:38,11,0,0
BRDA:38,11,1,0
BRDA:43,12,0,0
BRDA:43,12,1,0
BRDA:69,13,0,0
BRDA:69,13,1,0
BRDA:95,14,0,0
BRDA:95,14,1,0
BRDA:103,15,0,0
BRDA:103,15,1,0
BRDA:103,16,0,0
BRDA:103,16,1,0
BRDA:115,17,0,0
BRDA:115,17,1,0
BRDA:148,18,0,0
BRDA:148,18,1,0
BRF:38
BRH:0
end_of_record
TN:
SF:controllers\pedido.controller.js
FN:58,(anonymous_0)
FN:192,(anonymous_1)
FN:202,(anonymous_2)
FN:206,(anonymous_3)
FN:208,(anonymous_4)
FN:377,(anonymous_5)
FN:449,(anonymous_6)
FN:536,(anonymous_7)
FN:626,(anonymous_8)
FN:702,(anonymous_9)
FN:767,(anonymous_10)
FN:813,(anonymous_11)
FNF:12
FNH:0
FNDA:0,(anonymous_0)
FNDA:0,(anonymous_1)
FNDA:0,(anonymous_2)
FNDA:0,(anonymous_3)
FNDA:0,(anonymous_4)
FNDA:0,(anonymous_5)
FNDA:0,(anonymous_6)
FNDA:0,(anonymous_7)
FNDA:0,(anonymous_8)
FNDA:0,(anonymous_9)
FNDA:0,(anonymous_10)
FNDA:0,(anonymous_11)
DA:12,1
DA:16,1
DA:20,1
DA:24,1
DA:28,1
DA:32,1
DA:35,1
DA:38,1
DA:41,1
DA:58,1
DA:61,0
DA:63,0
DA:65,0
DA:68,0
DA:71,0
DA:72,0
DA:73,0
DA:80,0
DA:81,0
DA:82,0
DA:89,0
DA:91,0
DA:92,0
DA:93,0
DA:102,0
DA:103,0
DA:104,0
DA:108,0
DA:109,0
DA:110,0
DA:113,0
DA:114,0
DA:115,0
DA:121,0
DA:122,0
DA:123,0
DA:124,0
DA:131,0
DA:143,0
DA:144,0
DA:146,0
DA:148,0
DA:149,0
DA:150,0
DA:161,0
DA:162,0
DA:164,0
DA:167,0
DA:181,0
DA:191,0
DA:192,0
DA:200,0
DA:201,0
DA:202,0
DA:206,0
DA:208,0
DA:214,0
DA:226,0
DA:227,0
DA:228,0
DA:236,0
DA:237,0
DA:240,0
DA:241,0
DA:243,0
DA:244,0
DA:245,0
DA:249,0
DA:250,0
DA:251,0
DA:255,0
DA:256,0
DA:259,0
DA:263,0
DA:267,0
DA:268,0
DA:269,0
DA:277,0
DA:288,0
DA:290,0
DA:291,0
DA:294,0
DA:302,0
DA:305,0
DA:306,0
DA:311,0
DA:318,0
DA:322,0
DA:351,0
DA:361,0
DA:362,0
DA:363,0
DA:377,1
DA:378,0
DA:380,0
DA:383,0
DA:385,0
DA:388,0
DA:392,0
DA:420,0
DA:434,0
DA:435,0
DA:449,1
DA:450,0
DA:451,0
DA:454,0
DA:456,0
DA:457,0
DA:461,0
DA:503,0
DA:504,0
DA:511,0
DA:519,0
DA:520,0
DA:536,1
DA:538,0
DA:539,0
DA:541,0
DA:542,0
DA:546,0
DA:568,0
DA:569,0
DA:570,0
DA:577,0
DA:578,0
DA:579,0
DA:586,0
DA:587,0
DA:588,0
DA:589,0
DA:593,0
DA:594,0
DA:597,0
DA:600,0
DA:609,0
DA:610,0
DA:611,0
DA:626,1
DA:627,0
DA:629,0
DA:632,0
DA:633,0
DA:634,0
DA:636,0
DA:639,0
DA:672,0
DA:686,0
DA:687,0
DA:702,1
DA:703,0
DA:704,0
DA:705,0
DA:708,0
DA:709,0
DA:710,0
DA:718,0
DA:720,0
DA:721,0
DA:728,0
DA:729,0
DA:732,0
DA:743,0
DA:752,0
DA:753,0
DA:767,1
DA:768,0
DA:773,0
DA:776,0
DA:780,0
DA:790,0
DA:793,0
DA:794,0
DA:798,0
DA:805,0
DA:813,0
DA:823,0
DA:824,0
DA:833,1
LF:178
LH:17
BRDA:68,0,0,0
BRDA:71,1,0,0
BRDA:71,1,1,0
BRDA:71,2,0,0
BRDA:71,2,1,0
BRDA:80,3,0,0
BRDA:80,3,1,0
BRDA:80,4,0,0
BRDA:80,4,1,0
BRDA:91,5,0,0
BRDA:91,5,1,0
BRDA:102,6,0,0
BRDA:102,6,1,0
BRDA:108,7,0,0
BRDA:108,7,1,0
BRDA:113,8,0,0
BRDA:113,8,1,0
BRDA:122,9,0,0
BRDA:122,9,1,0
BRDA:122,10,0,0
BRDA:122,10,1,0
BRDA:143,11,0,0
BRDA:143,11,1,0
BRDA:144,12,0,0
BRDA:144,12,1,0
BRDA:153,13,0,0
BRDA:153,13,1,0
BRDA:155,14,0,0
BRDA:155,14,1,0
BRDA:191,15,0,0
BRDA:191,15,1,0
BRDA:191,16,0,0
BRDA:191,16,1,0
BRDA:195,17,0,0
BRDA:195,17,1,0
BRDA:200,18,0,0
BRDA:200,18,1,0
BRDA:210,19,0,0
BRDA:210,19,1,0
BRDA:210,19,2,0
BRDA:211,20,0,0
BRDA:211,20,1,0
BRDA:226,21,0,0
BRDA:226,21,1,0
BRDA:226,22,0,0
BRDA:226,22,1,0
BRDA:243,23,0,0
BRDA:243,23,1,0
BRDA:244,24,0,0
BRDA:244,24,1,0
BRDA:249,25,0,0
BRDA:249,25,1,0
BRDA:255,26,0,0
BRDA:255,26,1,0
BRDA:267,27,0,0
BRDA:267,27,1,0
BRDA:380,28,0,0
BRDA:380,29,0,0
BRDA:385,30,0,0
BRDA:385,30,1,0
BRDA:456,31,0,0
BRDA:456,31,1,0
BRDA:503,32,0,0
BRDA:503,32,1,0
BRDA:568,33,0,0
BRDA:568,33,1,0
BRDA:577,34,0,0
BRDA:577,34,1,0
BRDA:629,35,0,0
BRDA:629,36,0,0
BRDA:633,37,0,0
BRDA:633,37,1,0
BRDA:634,38,0,0
BRDA:634,38,1,0
BRDA:709,39,0,0
BRDA:709,39,1,0
BRDA:720,40,0,0
BRDA:720,40,1,0
BRDA:811,41,0,0
BRDA:811,41,1,0
BRDA:817,42,0,0
BRDA:817,42,1,0
BRF:82
BRH:0
end_of_record
TN:
SF:controllers\personalizacionController.js
FN:5,(anonymous_0)
FN:44,(anonymous_1)
FN:47,(anonymous_2)
FN:51,(anonymous_3)
FN:108,(anonymous_4)
FN:123,(anonymous_5)
FN:143,(anonymous_6)
FNF:7
FNH:0
FNDA:0,(anonymous_0)
FNDA:0,(anonymous_1)
FNDA:0,(anonymous_2)
FNDA:0,(anonymous_3)
FNDA:0,(anonymous_4)
FNDA:0,(anonymous_5)
FNDA:0,(anonymous_6)
DA:1,1
DA:2,1
DA:5,1
DA:6,0
DA:7,0
DA:8,0
DA:36,0
DA:38,0
DA:39,0
DA:44,1
DA:45,0
DA:46,0
DA:47,0
DA:48,0
DA:49,0
DA:51,0
DA:72,0
DA:100,0
DA:102,0
DA:103,0
DA:108,1
DA:109,0
DA:110,0
DA:115,0
DA:117,0
DA:118,0
DA:123,1
DA:124,0
DA:125,0
DA:126,0
DA:129,0
DA:130,0
DA:135,0
DA:137,0
DA:138,0
DA:143,1
DA:144,0
DA:145,0
DA:146,0
DA:147,0
DA:148,0
DA:152,0
DA:153,0
DA:157,0
DA:158,0
DA:161,0
DA:163,0
DA:164,0
LF:48
LH:7
BRDA:7,0,0,0
BRDA:7,0,1,0
BRDA:9,1,0,0
BRDA:9,1,1,0
BRDA:10,2,0,0
BRDA:10,2,1,0
BRDA:11,3,0,0
BRDA:11,3,1,0
BRDA:11,3,2,0
BRDA:12,4,0,0
BRDA:12,4,1,0
BRDA:13,5,0,0
BRDA:13,5,1,0
BRDA:13,5,2,0
BRDA:14,6,0,0
BRDA:14,6,1,0
BRDA:15,7,0,0
BRDA:15,7,1,0
BRDA:15,7,2,0
BRDA:16,8,0,0
BRDA:16,8,1,0
BRDA:17,9,0,0
BRDA:17,9,1,0
BRDA:18,10,0,0
BRDA:18,10,1,0
BRDA:19,11,0,0
BRDA:19,11,1,0
BRDA:20,12,0,0
BRDA:20,12,1,0
BRDA:21,13,0,0
BRDA:21,13,1,0
BRDA:22,14,0,0
BRDA:22,14,1,0
BRDA:23,15,0,0
BRDA:23,15,1,0
BRDA:24,16,0,0
BRDA:24,16,1,0
BRDA:24,16,2,0
BRDA:25,17,0,0
BRDA:25,17,1,0
BRDA:26,18,0,0
BRDA:26,18,1,0
BRDA:27,19,0,0
BRDA:27,19,1,0
BRDA:28,20,0,0
BRDA:28,20,1,0
BRDA:29,21,0,0
BRDA:29,21,1,0
BRDA:30,22,0,0
BRDA:30,22,1,0
BRDA:31,23,0,0
BRDA:31,23,1,0
BRDA:32,24,0,0
BRDA:32,24,1,0
BRDA:33,25,0,0
BRDA:33,25,1,0
BRDA:46,26,0,0
BRDA:46,26,1,0
BRDA:47,27,0,0
BRDA:47,27,1,0
BRDA:48,28,0,0
BRDA:48,28,1,0
BRDA:52,29,0,0
BRDA:52,29,1,0
BRDA:53,30,0,0
BRDA:53,30,1,0
BRDA:60,31,0,0
BRDA:60,31,1,0
BRDA:73,32,0,0
BRDA:73,32,1,0
BRDA:74,33,0,0
BRDA:74,33,1,0
BRDA:75,34,0,0
BRDA:75,34,1,0
BRDA:77,35,0,0
BRDA:77,35,1,0
BRDA:78,36,0,0
BRDA:78,36,1,0
BRDA:79,37,0,0
BRDA:79,37,1,0
BRDA:80,38,0,0
BRDA:80,38,1,0
BRDA:81,39,0,0
BRDA:81,39,1,0
BRDA:82,40,0,0
BRDA:82,40,1,0
BRDA:83,41,0,0
BRDA:83,41,1,0
BRDA:84,42,0,0
BRDA:84,42,1,0
BRDA:85,43,0,0
BRDA:85,43,1,0
BRDA:85,44,0,0
BRDA:85,44,1,0
BRDA:86,45,0,0
BRDA:86,45,1,0
BRDA:87,46,0,0
BRDA:87,46,1,0
BRDA:88,47,0,0
BRDA:88,47,1,0
BRDA:89,48,0,0
BRDA:89,48,1,0
BRDA:90,49,0,0
BRDA:90,49,1,0
BRDA:91,50,0,0
BRDA:91,50,1,0
BRDA:92,51,0,0
BRDA:92,51,1,0
BRDA:93,52,0,0
BRDA:93,52,1,0
BRDA:125,53,0,0
BRDA:125,53,1,0
BRDA:147,54,0,0
BRDA:147,54,1,0
BRDA:152,55,0,0
BRDA:152,55,1,0
BRDA:157,56,0,0
BRDA:157,56,1,0
BRDA:157,57,0,0
BRDA:157,57,1,0
BRF:120
BRH:0
end_of_record
TN:
SF:controllers\producto.controller.js
FN:18,(anonymous_0)
FN:23,(anonymous_1)
FN:42,(anonymous_2)
FN:60,(anonymous_3)
FN:70,(anonymous_4)
FN:140,(anonymous_5)
FN:181,(anonymous_6)
FN:230,(anonymous_7)
FN:270,(anonymous_8)
FN:288,(anonymous_9)
FN:295,(anonymous_10)
FN:310,(anonymous_11)
FN:332,(anonymous_12)
FN:339,(anonymous_13)
FN:405,(anonymous_14)
FN:446,(anonymous_15)
FN:481,(anonymous_16)
FNF:17
FNH:0
FNDA:0,(anonymous_0)
FNDA:0,(anonymous_1)
FNDA:0,(anonymous_2)
FNDA:0,(anonymous_3)
FNDA:0,(anonymous_4)
FNDA:0,(anonymous_5)
FNDA:0,(anonymous_6)
FNDA:0,(anonymous_7)
FNDA:0,(anonymous_8)
FNDA:0,(anonymous_9)
FNDA:0,(anonymous_10)
FNDA:0,(anonymous_11)
FNDA:0,(anonymous_12)
FNDA:0,(anonymous_13)
FNDA:0,(anonymous_14)
FNDA:0,(anonymous_15)
FNDA:0,(anonymous_16)
DA:11,1
DA:12,1
DA:13,1
DA:14,1
DA:15,1
DA:18,1
DA:19,0
DA:21,0
DA:23,0
DA:24,0
DA:25,0
DA:27,0
DA:29,0
DA:30,0
DA:33,0
DA:34,0
DA:35,0
DA:37,0
DA:41,0
DA:42,0
DA:43,0
DA:44,0
DA:47,0
DA:48,0
DA:52,0
DA:53,0
DA:56,0
DA:60,1
DA:61,0
DA:62,0
DA:64,0
DA:70,1
DA:71,0
DA:80,0
DA:82,0
DA:83,0
DA:84,0
DA:85,0
DA:86,0
DA:88,0
DA:89,0
DA:90,0
DA:96,0
DA:98,0
DA:109,0
DA:112,0
DA:114,0
DA:128,0
DA:129,0
DA:140,1
DA:141,0
DA:142,0
DA:144,0
DA:151,0
DA:152,0
DA:159,0
DA:161,0
DA:169,0
DA:170,0
DA:181,1
DA:182,0
DA:183,0
DA:185,0
DA:186,0
DA:192,0
DA:193,0
DA:194,0
DA:200,0
DA:201,0
DA:202,0
DA:208,0
DA:209,0
DA:215,0
DA:216,0
DA:222,0
DA:223,0
DA:229,0
DA:230,0
DA:235,0
DA:237,0
DA:249,0
DA:257,0
DA:259,0
DA:268,0
DA:270,0
DA:271,0
DA:272,0
DA:273,0
DA:275,0
DA:279,0
DA:280,0
DA:283,0
DA:284,0
DA:288,0
DA:291,0
DA:292,0
DA:295,0
DA:299,0
DA:310,1
DA:311,0
DA:312,0
DA:313,0
DA:315,0
DA:316,0
DA:317,0
DA:323,0
DA:324,0
DA:325,0
DA:326,0
DA:327,0
DA:328,0
DA:329,0
DA:331,0
DA:332,0
DA:337,0
DA:338,0
DA:339,0
DA:340,0
DA:341,0
DA:342,0
DA:343,0
DA:345,0
DA:348,0
DA:349,0
DA:350,0
DA:351,0
DA:353,0
DA:357,0
DA:358,0
DA:361,0
DA:363,0
DA:371,0
DA:373,0
DA:382,0
DA:384,0
DA:385,0
DA:386,0
DA:387,0
DA:389,0
DA:393,0
DA:405,1
DA:406,0
DA:407,0
DA:409,0
DA:411,0
DA:412,0
DA:418,0
DA:419,0
DA:422,0
DA:424,0
DA:433,0
DA:434,0
DA:446,1
DA:447,0
DA:448,0
DA:450,0
DA:452,0
DA:453,0
DA:459,0
DA:461,0
DA:467,0
DA:468,0
DA:481,1
DA:482,0
DA:483,0
DA:484,0
DA:486,0
DA:487,0
DA:493,0
DA:494,0
DA:495,0
DA:501,0
DA:503,0
DA:504,0
DA:512,0
DA:514,0
DA:515,0
DA:517,0
DA:518,0
DA:523,0
DA:524,0
DA:526,0
DA:527,0
DA:529,0
DA:535,0
DA:536,0
DA:539,0
DA:541,0
DA:552,0
DA:553,0
DA:562,1
LF:191
LH:15
BRDA:19,0,0,0
BRDA:19,0,1,0
BRDA:21,1,0,0
BRDA:21,1,1,0
BRDA:24,2,0,0
BRDA:24,2,1,0
BRDA:25,3,0,0
BRDA:25,3,1,0
BRDA:29,4,0,0
BRDA:29,4,1,0
BRDA:33,5,0,0
BRDA:33,5,1,0
BRDA:33,6,0,0
BRDA:33,6,1,0
BRDA:41,7,0,0
BRDA:41,7,1,0
BRDA:41,8,0,0
BRDA:41,8,1,0
BRDA:43,9,0,0
BRDA:43,9,1,0
BRDA:47,10,0,0
BRDA:47,10,1,0
BRDA:47,11,0,0
BRDA:47,11,1,0
BRDA:52,12,0,0
BRDA:52,12,1,0
BRDA:61,13,0,0
BRDA:61,13,1,0
BRDA:78,14,0,0
BRDA:79,15,0,0
BRDA:83,16,0,0
BRDA:83,16,1,0
BRDA:84,17,0,0
BRDA:84,17,1,0
BRDA:85,18,0,0
BRDA:85,18,1,0
BRDA:86,19,0,0
BRDA:86,19,1,0
BRDA:88,20,0,0
BRDA:88,20,1,0
BRDA:151,21,0,0
BRDA:151,21,1,0
BRDA:159,22,0,0
BRDA:159,22,1,0
BRDA:185,23,0,0
BRDA:185,23,1,0
BRDA:185,24,0,0
BRDA:185,24,1,0
BRDA:185,24,2,0
BRDA:185,24,3,0
BRDA:193,25,0,0
BRDA:193,25,1,0
BRDA:193,26,0,0
BRDA:193,26,1,0
BRDA:201,27,0,0
BRDA:201,27,1,0
BRDA:201,28,0,0
BRDA:201,28,1,0
BRDA:208,29,0,0
BRDA:208,29,1,0
BRDA:215,30,0,0
BRDA:215,30,1,0
BRDA:222,31,0,0
BRDA:222,31,1,0
BRDA:229,32,0,0
BRDA:229,32,1,0
BRDA:229,33,0,0
BRDA:229,33,1,0
BRDA:229,33,2,0
BRDA:231,34,0,0
BRDA:231,34,1,0
BRDA:231,35,0,0
BRDA:231,35,1,0
BRDA:231,35,2,0
BRDA:235,36,0,0
BRDA:235,36,1,0
BRDA:235,37,0,0
BRDA:235,37,1,0
BRDA:239,38,0,0
BRDA:239,38,1,0
BRDA:241,39,0,0
BRDA:241,39,1,0
BRDA:257,40,0,0
BRDA:257,40,1,0
BRDA:279,41,0,0
BRDA:279,41,1,0
BRDA:283,42,0,0
BRDA:283,42,1,0
BRDA:285,43,0,0
BRDA:285,43,1,0
BRDA:286,44,0,0
BRDA:286,44,1,0
BRDA:291,45,0,0
BRDA:291,45,1,0
BRDA:316,46,0,0
BRDA:316,46,1,0
BRDA:323,47,0,0
BRDA:323,47,1,0
BRDA:324,48,0,0
BRDA:324,48,1,0
BRDA:324,49,0,0
BRDA:324,49,1,0
BRDA:325,50,0,0
BRDA:325,50,1,0
BRDA:326,51,0,0
BRDA:326,51,1,0
BRDA:327,52,0,0
BRDA:327,52,1,0
BRDA:328,53,0,0
BRDA:328,53,1,0
BRDA:329,54,0,0
BRDA:329,54,1,0
BRDA:331,55,0,0
BRDA:331,55,1,0
BRDA:331,56,0,0
BRDA:331,56,1,0
BRDA:331,56,2,0
BRDA:333,57,0,0
BRDA:333,57,1,0
BRDA:333,58,0,0
BRDA:333,58,1,0
BRDA:333,58,2,0
BRDA:337,59,0,0
BRDA:337,59,1,0
BRDA:338,60,0,0
BRDA:338,60,1,0
BRDA:338,61,0,0
BRDA:338,61,1,0
BRDA:340,62,0,0
BRDA:340,62,1,0
BRDA:348,63,0,0
BRDA:348,63,1,0
BRDA:371,64,0,0
BRDA:371,64,1,0
BRDA:384,65,0,0
BRDA:384,65,1,0
BRDA:411,66,0,0
BRDA:411,66,1,0
BRDA:422,67,0,0
BRDA:422,67,1,0
BRDA:426,68,0,0
BRDA:426,68,1,0
BRDA:452,69,0,0
BRDA:452,69,1,0
BRDA:486,70,0,0
BRDA:486,70,1,0
BRDA:486,71,0,0
BRDA:486,71,1,0
BRDA:494,72,0,0
BRDA:494,72,1,0
BRDA:503,73,0,0
BRDA:503,73,1,0
BRDA:512,74,0,0
BRDA:512,74,1,0
BRDA:512,74,2,0
BRDA:512,74,3,0
BRDA:517,75,0,0
BRDA:517,75,1,0
BRDA:539,76,0,0
BRDA:539,76,1,0
BRDA:543,77,0,0
BRDA:543,77,1,0
BRDA:543,78,0,0
BRDA:543,78,1,0
BRDA:546,79,0,0
BRDA:546,79,1,0
BRDA:546,80,0,0
BRDA:546,80,1,0
BRF:168
BRH:0
end_of_record
TN:
SF:controllers\resena.controller.js
FN:6,(anonymous_0)
FN:30,(anonymous_1)
FNF:2
FNH:0
FNDA:0,(anonymous_0)
FNDA:0,(anonymous_1)
DA:4,1
DA:6,1
DA:7,0
DA:8,0
DA:9,0
DA:10,0
DA:13,0
DA:23,0
DA:25,0
DA:26,0
DA:30,1
DA:31,0
DA:32,0
DA:33,0
DA:34,0
DA:36,0
DA:37,0
LF:17
LH:3
BRDA:9,0,0,0
BRDA:9,0,1,0
BRDA:9,1,0,0
BRDA:9,1,1,0
BRDA:9,1,2,0
BRDA:15,2,0,0
BRDA:15,2,1,0
BRDA:16,3,0,0
BRDA:16,3,1,0
BRDA:17,4,0,0
BRDA:17,4,1,0
BRF:11
BRH:0
end_of_record
TN:
SF:controllers\soporte.controller.js
FN:18,(anonymous_0)
FN:71,(anonymous_1)
FN:109,(anonymous_2)
FN:141,(anonymous_3)
FN:187,(anonymous_4)
FN:219,(anonymous_5)
FNF:6
FNH:0
FNDA:0,(anonymous_0)
FNDA:0,(anonymous_1)
FNDA:0,(anonymous_2)
FNDA:0,(anonymous_3)
FNDA:0,(anonymous_4)
FNDA:0,(anonymous_5)
DA:11,1
DA:18,1
DA:19,0
DA:20,0
DA:23,0
DA:24,0
DA:31,0
DA:32,0
DA:33,0
DA:39,0
DA:48,0
DA:57,0
DA:58,0
DA:71,1
DA:72,0
DA:73,0
DA:74,0
DA:76,0
DA:78,0
DA:85,0
DA:96,0
DA:97,0
DA:109,1
DA:110,0
DA:111,0
DA:113,0
DA:115,0
DA:116,0
DA:122,0
DA:127,0
DA:128,0
DA:141,1
DA:142,0
DA:143,0
DA:144,0
DA:146,0
DA:147,0
DA:153,0
DA:155,0
DA:156,0
DA:163,0
DA:164,0
DA:165,0
DA:166,0
DA:168,0
DA:174,0
DA:175,0
DA:187,1
DA:188,0
DA:189,0
DA:191,0
DA:193,0
DA:194,0
DA:200,0
DA:202,0
DA:207,0
DA:208,0
DA:219,1
DA:220,0
DA:221,0
DA:222,0
DA:227,0
DA:232,0
DA:233,0
LF:64
LH:7
BRDA:23,0,0,0
BRDA:23,0,1,0
BRDA:23,1,0,0
BRDA:23,1,1,0
BRDA:23,1,2,0
BRDA:23,1,3,0
BRDA:32,2,0,0
BRDA:32,2,1,0
BRDA:45,3,0,0
BRDA:45,3,1,0
BRDA:61,4,0,0
BRDA:61,4,1,0
BRDA:73,5,0,0
BRDA:73,6,0,0
BRDA:76,7,0,0
BRDA:76,7,1,0
BRDA:100,8,0,0
BRDA:100,8,1,0
BRDA:115,9,0,0
BRDA:115,9,1,0
BRDA:131,10,0,0
BRDA:131,10,1,0
BRDA:146,11,0,0
BRDA:146,11,1,0
BRDA:146,12,0,0
BRDA:146,12,1,0
BRDA:155,13,0,0
BRDA:155,13,1,0
BRDA:178,14,0,0
BRDA:178,14,1,0
BRDA:193,15,0,0
BRDA:193,15,1,0
BRDA:211,16,0,0
BRDA:211,16,1,0
BRF:34
BRH:0
end_of_record
TN:
SF:controllers\subcategoria.controller.js
FN:30,(anonymous_0)
FN:88,(anonymous_1)
FN:146,(anonymous_2)
FN:224,(anonymous_3)
FN:242,(anonymous_4)
FN:330,(anonymous_5)
FN:350,(anonymous_6)
FN:401,(anonymous_7)
FN:452,(anonymous_8)
FN:493,(anonymous_9)
FNF:10
FNH:0
FNDA:0,(anonymous_0)
FNDA:0,(anonymous_1)
FNDA:0,(anonymous_2)
FNDA:0,(anonymous_3)
FNDA:0,(anonymous_4)
FNDA:0,(anonymous_5)
FNDA:0,(anonymous_6)
FNDA:0,(anonymous_7)
FNDA:0,(anonymous_8)
FNDA:0,(anonymous_9)
DA:11,1
DA:15,1
DA:19,1
DA:30,1
DA:31,0
DA:33,0
DA:36,0
DA:41,0
DA:42,0
DA:43,0
DA:47,0
DA:48,0
DA:52,0
DA:53,0
DA:61,0
DA:64,0
DA:73,0
DA:74,0
DA:88,1
DA:89,0
DA:90,0
DA:94,0
DA:109,0
DA:110,0
DA:117,0
DA:118,0
DA:120,0
DA:123,0
DA:131,0
DA:132,0
DA:146,1
DA:147,0
DA:149,0
DA:152,0
DA:153,0
DA:160,0
DA:162,0
DA:163,0
DA:170,0
DA:171,0
DA:179,0
DA:183,0
DA:184,0
DA:191,0
DA:199,0
DA:208,0
DA:217,0
DA:220,0
DA:221,0
DA:224,0
DA:228,0
DA:242,1
DA:243,0
DA:244,0
DA:245,0
DA:248,0
DA:250,0
DA:251,0
DA:258,0
DA:259,0
DA:261,0
DA:262,0
DA:268,0
DA:269,0
DA:278,0
DA:279,0
DA:281,0
DA:288,0
DA:289,0
DA:297,0
DA:298,0
DA:299,0
DA:300,0
DA:303,0
DA:306,0
DA:315,0
DA:324,0
DA:326,0
DA:327,0
DA:330,0
DA:334,0
DA:350,1
DA:351,0
DA:352,0
DA:354,0
DA:356,0
DA:357,0
DA:364,0
DA:365,0
DA:368,0
DA:371,0
DA:376,0
DA:386,0
DA:387,0
DA:401,1
DA:402,0
DA:403,0
DA:405,0
DA:407,0
DA:408,0
DA:415,0
DA:420,0
DA:421,0
DA:429,0
DA:431,0
DA:437,0
DA:438,0
DA:452,1
DA:453,0
DA:454,0
DA:457,0
DA:465,0
DA:466,0
DA:473,0
DA:478,0
DA:483,0
DA:489,0
DA:490,0
DA:493,0
DA:494,0
DA:495,0
DA:499,0
DA:524,0
DA:525,0
DA:534,1
LF:125
LH:11
BRDA:42,0,0,0
BRDA:42,0,1,0
BRDA:43,1,0,0
BRDA:43,1,1,0
BRDA:47,2,0,0
BRDA:47,2,1,0
BRDA:52,3,0,0
BRDA:52,3,1,0
BRDA:109,4,0,0
BRDA:109,4,1,0
BRDA:152,5,0,0
BRDA:152,5,1,0
BRDA:152,6,0,0
BRDA:152,6,1,0
BRDA:162,7,0,0
BRDA:162,7,1,0
BRDA:170,8,0,0
BRDA:170,8,1,0
BRDA:183,9,0,0
BRDA:183,9,1,0
BRDA:193,10,0,0
BRDA:193,10,1,0
BRDA:220,11,0,0
BRDA:220,11,1,0
BRDA:250,12,0,0
BRDA:250,12,1,0
BRDA:258,13,0,0
BRDA:258,13,1,0
BRDA:258,14,0,0
BRDA:258,14,1,0
BRDA:261,15,0,0
BRDA:261,15,1,0
BRDA:268,16,0,0
BRDA:268,16,1,0
BRDA:278,17,0,0
BRDA:278,17,1,0
BRDA:278,18,0,0
BRDA:278,18,1,0
BRDA:279,19,0,0
BRDA:279,19,1,0
BRDA:288,20,0,0
BRDA:288,20,1,0
BRDA:297,21,0,0
BRDA:297,21,1,0
BRDA:298,22,0,0
BRDA:298,22,1,0
BRDA:299,23,0,0
BRDA:299,23,1,0
BRDA:300,24,0,0
BRDA:300,24,1,0
BRDA:326,25,0,0
BRDA:326,25,1,0
BRDA:356,26,0,0
BRDA:356,26,1,0
BRDA:378,27,0,0
BRDA:378,27,1,0
BRDA:407,28,0,0
BRDA:407,28,1,0
BRDA:420,29,0,0
BRDA:420,29,1,0
BRDA:465,30,0,0
BRDA:465,30,1,0
BRF:62
BRH:0
end_of_record
TN:
SF:controllers\usuario.controller.js
FN:24,(anonymous_0)
FN:88,(anonymous_1)
FN:128,(anonymous_2)
FN:189,(anonymous_3)
FN:208,(anonymous_4)
FN:284,(anonymous_5)
FN:334,(anonymous_6)
FN:392,(anonymous_7)
FNF:8
FNH:0
FNDA:0,(anonymous_0)
FNDA:0,(anonymous_1)
FNDA:0,(anonymous_2)
FNDA:0,(anonymous_3)
FNDA:0,(anonymous_4)
FNDA:0,(anonymous_5)
FNDA:0,(anonymous_6)
FNDA:0,(anonymous_7)
DA:12,1
DA:24,1
DA:25,0
DA:27,0
DA:30,0
DA:31,0
DA:32,0
DA:35,0
DA:36,0
DA:39,0
DA:47,0
DA:51,0
DA:60,0
DA:74,0
DA:75,0
DA:88,1
DA:89,0
DA:90,0
DA:93,0
DA:97,0
DA:98,0
DA:104,0
DA:112,0
DA:113,0
DA:128,1
DA:129,0
DA:131,0
DA:134,0
DA:135,0
DA:142,0
DA:143,0
DA:150,0
DA:151,0
DA:152,0
DA:160,0
DA:173,0
DA:182,0
DA:185,0
DA:186,0
DA:189,0
DA:193,0
DA:208,1
DA:209,0
DA:210,0
DA:211,0
DA:212,0
DA:213,0
DA:216,0
DA:218,0
DA:219,0
DA:226,0
DA:227,0
DA:234,0
DA:236,0
DA:237,0
DA:238,0
DA:241,0
DA:242,0
DA:243,0
DA:248,0
DA:249,0
DA:250,0
DA:251,0
DA:252,0
DA:253,0
DA:256,0
DA:259,0
DA:268,0
DA:269,0
DA:284,1
DA:285,0
DA:286,0
DA:288,0
DA:290,0
DA:291,0
DA:299,0
DA:300,0
DA:307,0
DA:308,0
DA:310,0
DA:319,0
DA:320,0
DA:334,1
DA:335,0
DA:336,0
DA:338,0
DA:340,0
DA:341,0
DA:348,0
DA:349,0
DA:356,0
DA:358,0
DA:364,0
DA:368,0
DA:371,0
DA:372,0
DA:378,0
DA:392,1
DA:393,0
DA:395,0
DA:397,0
DA:399,0
DA:401,0
DA:403,0
DA:406,0
DA:422,0
DA:423,0
DA:432,1
LF:108
LH:9
BRDA:27,0,0,0
BRDA:27,1,0,0
BRDA:31,2,0,0
BRDA:31,2,1,0
BRDA:32,3,0,0
BRDA:32,3,1,0
BRDA:35,4,0,0
BRDA:35,4,1,0
BRDA:97,5,0,0
BRDA:97,5,1,0
BRDA:134,6,0,0
BRDA:134,6,1,0
BRDA:134,7,0,0
BRDA:134,7,1,0
BRDA:134,7,2,0
BRDA:134,7,3,0
BRDA:134,7,4,0
BRDA:142,8,0,0
BRDA:142,8,1,0
BRDA:151,9,0,0
BRDA:151,9,1,0
BRDA:166,10,0,0
BRDA:166,10,1,0
BRDA:167,11,0,0
BRDA:167,11,1,0
BRDA:185,12,0,0
BRDA:185,12,1,0
BRDA:212,13,0,0
BRDA:212,13,1,0
BRDA:212,14,0,0
BRDA:212,14,1,0
BRDA:218,15,0,0
BRDA:218,15,1,0
BRDA:226,16,0,0
BRDA:226,16,1,0
BRDA:226,17,0,0
BRDA:226,17,1,0
BRDA:234,18,0,0
BRDA:234,18,1,0
BRDA:237,19,0,0
BRDA:237,19,1,0
BRDA:242,20,0,0
BRDA:242,20,1,0
BRDA:242,21,0,0
BRDA:242,21,1,0
BRDA:248,22,0,0
BRDA:248,22,1,0
BRDA:249,23,0,0
BRDA:249,23,1,0
BRDA:250,24,0,0
BRDA:250,24,1,0
BRDA:251,25,0,0
BRDA:251,25,1,0
BRDA:252,26,0,0
BRDA:252,26,1,0
BRDA:253,27,0,0
BRDA:253,27,1,0
BRDA:290,28,0,0
BRDA:290,28,1,0
BRDA:299,29,0,0
BRDA:299,29,1,0
BRDA:312,30,0,0
BRDA:312,30,1,0
BRDA:340,31,0,0
BRDA:340,31,1,0
BRDA:348,32,0,0
BRDA:348,32,1,0
BRDA:368,33,0,0
BRDA:368,33,1,0
BRDA:368,33,2,0
BRDA:368,33,3,0
BRDA:369,34,0,0
BRDA:369,34,1,0
BRDA:371,35,0,0
BRDA:371,35,1,0
BRF:75
BRH:0
end_of_record
TN:
SF:middleware\auth.js
FN:36,(anonymous_0)
FN:134,(anonymous_1)
FNF:2
FNH:1
FNDA:1,(anonymous_0)
FNDA:0,(anonymous_1)
DA:14,1
DA:18,1
DA:36,1
DA:37,1
DA:40,1
DA:43,1
DA:44,0
DA:52,1
DA:55,1
DA:56,0
DA:67,1
DA:68,1
DA:70,0
DA:79,1
DA:84,1
DA:85,0
DA:93,1
DA:94,0
DA:103,1
DA:107,1
DA:111,0
DA:112,0
DA:134,1
DA:135,0
DA:137,0
DA:140,0
DA:141,0
DA:142,0
DA:146,0
DA:149,0
DA:150,0
DA:151,0
DA:154,0
DA:156,0
DA:159,0
DA:164,0
DA:165,0
DA:167,0
DA:171,0
DA:175,0
DA:179,0
DA:180,0
DA:181,0
DA:188,1
LF:44
LH:17
BRDA:43,0,0,0
BRDA:43,0,1,1
BRDA:55,1,0,0
BRDA:55,1,1,1
BRDA:84,2,0,0
BRDA:84,2,1,1
BRDA:93,3,0,0
BRDA:93,3,1,1
BRDA:140,4,0,0
BRDA:140,4,1,0
BRDA:149,5,0,0
BRDA:149,5,1,0
BRDA:164,6,0,0
BRDA:164,6,1,0
BRDA:164,7,0,0
BRDA:164,7,1,0
BRF:16
BRH:4
end_of_record
TN:
SF:middleware\checkRole.js
FN:27,(anonymous_0)
FN:69,(anonymous_1)
FN:114,(anonymous_2)
FN:117,(anonymous_3)
FN:160,(anonymous_4)
FN:210,(anonymous_5)
FN:250,(anonymous_6)
FNF:7
FNH:2
FNDA:0,(anonymous_0)
FNDA:0,(anonymous_1)
FNDA:0,(anonymous_2)
FNDA:0,(anonymous_3)
FNDA:0,(anonymous_4)
FNDA:1,(anonymous_5)
FNDA:1,(anonymous_6)
DA:27,1
DA:28,0
DA:31,0
DA:32,0
DA:40,0
DA:41,0
DA:48,0
DA:51,0
DA:52,0
DA:69,1
DA:70,0
DA:72,0
DA:73,0
DA:80,0
DA:81,0
DA:88,0
DA:91,0
DA:92,0
DA:114,1
DA:117,0
DA:118,0
DA:120,0
DA:121,0
DA:129,0
DA:130,0
DA:138,0
DA:141,0
DA:142,0
DA:160,1
DA:161,0
DA:163,0
DA:164,0
DA:171,0
DA:172,0
DA:177,0
DA:181,0
DA:182,0
DA:189,0
DA:192,0
DA:193,0
DA:210,1
DA:211,1
DA:213,1
DA:214,0
DA:221,1
DA:222,0
DA:229,1
DA:231,0
DA:232,0
DA:250,1
DA:251,1
DA:253,1
DA:254,0
DA:261,1
DA:262,0
DA:269,1
DA:271,0
DA:272,0
DA:281,1
LF:59
LH:15
BRDA:31,0,0,0
BRDA:31,0,1,0
BRDA:40,1,0,0
BRDA:40,1,1,0
BRDA:72,2,0,0
BRDA:72,2,1,0
BRDA:80,3,0,0
BRDA:80,3,1,0
BRDA:120,4,0,0
BRDA:120,4,1,0
BRDA:129,5,0,0
BRDA:129,5,1,0
BRDA:163,6,0,0
BRDA:163,6,1,0
BRDA:171,7,0,0
BRDA:171,7,1,0
BRDA:177,8,0,0
BRDA:177,8,1,0
BRDA:181,9,0,0
BRDA:181,9,1,0
BRDA:213,10,0,0
BRDA:213,10,1,1
BRDA:221,11,0,0
BRDA:221,11,1,1
BRDA:253,12,0,0
BRDA:253,12,1,1
BRDA:261,13,0,0
BRDA:261,13,1,1
BRF:28
BRH:4
end_of_record
TN:
SF:routes\admin.routes.js
FN:52,(anonymous_0)
FNF:1
FNH:0
FNDA:0,(anonymous_0)
DA:22,1
DA:27,1
DA:36,1
DA:42,1
DA:47,1
DA:52,1
DA:53,0
DA:54,0
DA:55,0
DA:60,0
DA:71,1
DA:75,1
DA:79,1
DA:83,1
DA:87,1
DA:91,1
DA:100,1
DA:109,1
DA:114,1
DA:119,1
DA:124,1
DA:129,1
DA:135,1
DA:141,1
DA:150,1
DA:154,1
DA:158,1
DA:163,1
DA:168,1
DA:173,1
DA:178,1
DA:187,1
DA:191,1
DA:196,1
DA:200,1
DA:204,1
DA:209,1
DA:214,1
DA:224,1
DA:229,1
DA:233,1
DA:239,1
DA:245,1
DA:250,1
DA:255,1
DA:264,1
DA:269,1
DA:273,1
DA:278,1
DA:285,1
DA:289,1
DA:293,1
DA:301,1
LF:53
LH:49
BRDA:53,0,0,0
BRDA:53,0,1,0
BRDA:54,1,0,0
BRDA:54,1,1,0
BRF:4
BRH:0
end_of_record
TN:
SF:routes\auth.routes.js
FNF:0
FNH:0
DA:26,1
DA:31,1
DA:44,1
DA:53,1
DA:75,1
DA:92,1
DA:108,1
DA:122,1
DA:137,1
DA:145,1
LF:10
LH:10
BRF:0
BRH:0
end_of_record
TN:
SF:routes\cliente.routes.js
FNF:0
FNH:0
DA:24,1
DA:29,1
DA:39,1
DA:44,1
DA:53,1
DA:58,1
DA:63,1
DA:68,1
DA:80,1
DA:86,1
DA:91,1
DA:97,1
DA:102,1
DA:114,1
DA:121,1
DA:128,1
DA:134,1
DA:140,1
DA:151,1
DA:158,1
DA:164,1
DA:182,1
DA:188,1
DA:195,1
DA:203,1
DA:211,1
LF:26
LH:26
BRF:0
BRH:0
end_of_record
TN:
SF:routes\personalizacion.js
FNF:0
FNH:0
DA:1,1
DA:2,1
DA:3,1
DA:5,1
DA:8,1
DA:9,1
DA:10,1
DA:13,1
DA:14,1
DA:16,1
LF:10
LH:10
BRF:0
BRH:0
end_of_record
TN:
SF:routes\resena.routes.js
FNF:0
FNH:0
DA:2,1
DA:3,1
DA:4,1
DA:7,1
DA:10,1
DA:12,1
LF:6
LH:6
BRF:0
BRH:0
end_of_record
TN:
SF:routes\soporte.routes.js
FNF:0
FNH:0
DA:13,1
DA:14,1
DA:23,1
DA:25,1
DA:26,1
DA:29,1
DA:31,1
DA:34,1
DA:35,1
DA:36,1
DA:38,1
DA:40,1
LF:12
LH:12
BRF:0
BRH:0
end_of_record
