TN:
SF:controllers\auth.controller.js
FN:28,(anonymous_0)
FN:139,(anonymous_1)
FN:234,(anonymous_2)
FN:282,(anonymous_3)
FN:357,(anonymous_4)
FNF:5
FNH:0
FNDA:0,(anonymous_0)
FNDA:0,(anonymous_1)
FNDA:0,(anonymous_2)
FNDA:0,(anonymous_3)
FNDA:0,(anonymous_4)
DA:13,0
DA:17,0
DA:28,0
DA:29,0
DA:32,0
DA:36,0
DA:40,0
DA:48,0
DA:50,0
DA:51,0
DA:59,0
DA:60,0
DA:69,0
DA:72,0
DA:73,0
DA:83,0
DA:95,0
DA:103,0
DA:104,0
DA:108,0
DA:120,0
DA:122,0
DA:139,0
DA:140,0
DA:142,0
DA:145,0
DA:146,0
DA:156,0
DA:161,0
DA:165,0
DA:173,0
DA:174,0
DA:184,0
DA:187,0
DA:188,0
DA:195,0
DA:202,0
DA:203,0
DA:206,0
DA:216,0
DA:217,0
DA:234,0
DA:235,0
DA:240,0
DA:247,0
DA:248,0
DA:255,0
DA:263,0
DA:264,0
DA:282,0
DA:283,0
DA:286,0
DA:289,0
DA:291,0
DA:292,0
DA:300,0
DA:301,0
DA:302,0
DA:303,0
DA:306,0
DA:307,0
DA:308,0
DA:311,0
DA:317,0
DA:318,0
DA:319,0
DA:320,0
DA:324,0
DA:329,0
DA:338,0
DA:339,0
DA:357,0
DA:358,0
DA:360,0
DA:363,0
DA:364,0
DA:371,0
DA:372,0
DA:380,0
DA:382,0
DA:383,0
DA:391,0
DA:393,0
DA:394,0
DA:403,0
DA:404,0
DA:407,0
DA:413,0
DA:414,0
DA:425,0
LF:90
LH:0
BRDA:36,0,0,0
BRDA:36,0,1,0
BRDA:36,1,0,0
BRDA:36,1,1,0
BRDA:36,1,2,0
BRDA:36,1,3,0
BRDA:50,2,0,0
BRDA:50,2,1,0
BRDA:59,3,0,0
BRDA:59,3,1,0
BRDA:72,4,0,0
BRDA:72,4,1,0
BRDA:88,5,0,0
BRDA:88,5,1,0
BRDA:89,6,0,0
BRDA:89,6,1,0
BRDA:145,7,0,0
BRDA:145,7,1,0
BRDA:145,8,0,0
BRDA:145,8,1,0
BRDA:161,9,0,0
BRDA:161,9,1,0
BRDA:173,10,0,0
BRDA:173,10,1,0
BRDA:187,11,0,0
BRDA:187,11,1,0
BRDA:247,12,0,0
BRDA:247,12,1,0
BRDA:291,13,0,0
BRDA:291,13,1,0
BRDA:300,14,0,0
BRDA:300,14,1,0
BRDA:302,15,0,0
BRDA:302,15,1,0
BRDA:307,16,0,0
BRDA:307,16,1,0
BRDA:307,17,0,0
BRDA:307,17,1,0
BRDA:317,18,0,0
BRDA:317,18,1,0
BRDA:318,19,0,0
BRDA:318,19,1,0
BRDA:319,20,0,0
BRDA:319,20,1,0
BRDA:320,21,0,0
BRDA:320,21,1,0
BRDA:363,22,0,0
BRDA:363,22,1,0
BRDA:363,23,0,0
BRDA:363,23,1,0
BRDA:371,24,0,0
BRDA:371,24,1,0
BRDA:382,25,0,0
BRDA:382,25,1,0
BRDA:393,26,0,0
BRDA:393,26,1,0
BRF:56
BRH:0
end_of_record
TN:
SF:controllers\carrito.controller.js
FN:28,(anonymous_0)
FN:31,(anonymous_1)
FN:40,(anonymous_2)
FN:53,(anonymous_3)
FN:90,(anonymous_4)
FN:101,(anonymous_5)
FN:115,(anonymous_6)
FN:139,(anonymous_7)
FN:293,(anonymous_8)
FN:376,(anonymous_9)
FN:421,(anonymous_10)
FNF:11
FNH:0
FNDA:0,(anonymous_0)
FNDA:0,(anonymous_1)
FNDA:0,(anonymous_2)
FNDA:0,(anonymous_3)
FNDA:0,(anonymous_4)
FNDA:0,(anonymous_5)
FNDA:0,(anonymous_6)
FNDA:0,(anonymous_7)
FNDA:0,(anonymous_8)
FNDA:0,(anonymous_9)
FNDA:0,(anonymous_10)
DA:12,0
DA:16,0
DA:20,0
DA:24,0
DA:25,0
DA:28,0
DA:29,0
DA:31,0
DA:33,0
DA:34,0
DA:36,0
DA:40,0
DA:41,0
DA:42,0
DA:44,0
DA:53,0
DA:54,0
DA:57,0
DA:90,0
DA:91,0
DA:92,0
DA:93,0
DA:95,0
DA:99,0
DA:101,0
DA:103,0
DA:107,0
DA:115,0
DA:123,0
DA:124,0
DA:139,0
DA:140,0
DA:143,0
DA:146,0
DA:147,0
DA:155,0
DA:156,0
DA:157,0
DA:165,0
DA:168,0
DA:169,0
DA:176,0
DA:177,0
DA:185,0
DA:193,0
DA:195,0
DA:198,0
DA:199,0
DA:206,0
DA:207,0
DA:211,0
DA:220,0
DA:221,0
DA:222,0
DA:226,0
DA:236,0
DA:237,0
DA:245,0
DA:253,0
DA:262,0
DA:263,0
DA:264,0
DA:268,0
DA:277,0
DA:278,0
DA:293,0
DA:294,0
DA:297,0
DA:299,0
DA:302,0
DA:303,0
DA:304,0
DA:312,0
DA:326,0
DA:327,0
DA:334,0
DA:335,0
DA:342,0
DA:343,0
DA:346,0
DA:347,0
DA:348,0
DA:352,0
DA:361,0
DA:362,0
DA:376,0
DA:377,0
DA:379,0
DA:382,0
DA:389,0
DA:390,0
DA:397,0
DA:400,0
DA:406,0
DA:407,0
DA:421,0
DA:422,0
DA:426,0
DA:431,0
DA:440,0
DA:441,0
DA:451,0
LF:102
LH:0
BRDA:29,0,0,0
BRDA:29,0,1,0
BRDA:33,1,0,0
BRDA:33,1,1,0
BRDA:41,2,0,0
BRDA:41,2,1,0
BRDA:91,3,0,0
BRDA:91,3,1,0
BRDA:92,4,0,0
BRDA:92,4,1,0
BRDA:143,5,0,0
BRDA:146,6,0,0
BRDA:146,6,1,0
BRDA:156,7,0,0
BRDA:156,7,1,0
BRDA:168,8,0,0
BRDA:168,8,1,0
BRDA:176,9,0,0
BRDA:176,9,1,0
BRDA:193,10,0,0
BRDA:193,10,1,0
BRDA:198,11,0,0
BRDA:198,11,1,0
BRDA:220,12,0,0
BRDA:220,12,1,0
BRDA:221,13,0,0
BRDA:221,13,1,0
BRDA:236,14,0,0
BRDA:236,14,1,0
BRDA:262,15,0,0
BRDA:262,15,1,0
BRDA:263,16,0,0
BRDA:263,16,1,0
BRDA:303,17,0,0
BRDA:303,17,1,0
BRDA:326,18,0,0
BRDA:326,18,1,0
BRDA:334,19,0,0
BRDA:334,19,1,0
BRDA:346,20,0,0
BRDA:346,20,1,0
BRDA:347,21,0,0
BRDA:347,21,1,0
BRDA:389,22,0,0
BRDA:389,22,1,0
BRF:45
BRH:0
end_of_record
TN:
SF:controllers\catalogo.controller.js
FN:24,(anonymous_0)
FN:27,(anonymous_1)
FN:38,(anonymous_2)
FN:56,(anonymous_3)
FN:58,(anonymous_4)
FN:77,(anonymous_5)
FN:210,(anonymous_6)
FN:273,(anonymous_7)
FN:289,(anonymous_8)
FN:332,(anonymous_9)
FN:362,(anonymous_10)
FN:407,(anonymous_11)
FNF:12
FNH:0
FNDA:0,(anonymous_0)
FNDA:0,(anonymous_1)
FNDA:0,(anonymous_2)
FNDA:0,(anonymous_3)
FNDA:0,(anonymous_4)
FNDA:0,(anonymous_5)
FNDA:0,(anonymous_6)
FNDA:0,(anonymous_7)
FNDA:0,(anonymous_8)
FNDA:0,(anonymous_9)
FNDA:0,(anonymous_10)
FNDA:0,(anonymous_11)
DA:12,0
DA:16,0
DA:20,0
DA:21,0
DA:24,0
DA:25,0
DA:27,0
DA:29,0
DA:30,0
DA:31,0
DA:33,0
DA:37,0
DA:38,0
DA:39,0
DA:40,0
DA:43,0
DA:44,0
DA:48,0
DA:49,0
DA:52,0
DA:56,0
DA:57,0
DA:58,0
DA:60,0
DA:77,0
DA:78,0
DA:92,0
DA:96,0
DA:100,0
DA:106,0
DA:107,0
DA:110,0
DA:113,0
DA:120,0
DA:121,0
DA:123,0
DA:125,0
DA:131,0
DA:133,0
DA:134,0
DA:136,0
DA:137,0
DA:139,0
DA:140,0
DA:143,0
DA:144,0
DA:149,0
DA:155,0
DA:177,0
DA:180,0
DA:195,0
DA:196,0
DA:210,0
DA:211,0
DA:213,0
DA:217,0
DA:239,0
DA:240,0
DA:247,0
DA:250,0
DA:258,0
DA:259,0
DA:273,0
DA:274,0
DA:276,0
DA:279,0
DA:288,0
DA:291,0
DA:301,0
DA:309,0
DA:317,0
DA:318,0
DA:332,0
DA:333,0
DA:335,0
DA:336,0
DA:339,0
DA:343,0
DA:344,0
DA:351,0
DA:361,0
DA:363,0
DA:371,0
DA:379,0
DA:391,0
DA:392,0
DA:407,0
DA:408,0
DA:410,0
DA:411,0
DA:414,0
DA:438,0
DA:441,0
DA:449,0
DA:450,0
DA:459,0
LF:96
LH:0
BRDA:25,0,0,0
BRDA:25,0,1,0
BRDA:29,1,0,0
BRDA:29,1,1,0
BRDA:29,2,0,0
BRDA:29,2,1,0
BRDA:37,3,0,0
BRDA:37,3,1,0
BRDA:37,4,0,0
BRDA:37,4,1,0
BRDA:39,5,0,0
BRDA:39,5,1,0
BRDA:43,6,0,0
BRDA:43,6,1,0
BRDA:43,7,0,0
BRDA:43,7,1,0
BRDA:48,8,0,0
BRDA:48,8,1,0
BRDA:57,9,0,0
BRDA:57,9,1,0
BRDA:89,10,0,0
BRDA:90,11,0,0
BRDA:91,12,0,0
BRDA:106,13,0,0
BRDA:106,13,1,0
BRDA:107,14,0,0
BRDA:107,14,1,0
BRDA:110,15,0,0
BRDA:110,15,1,0
BRDA:120,16,0,0
BRDA:120,16,1,0
BRDA:120,17,0,0
BRDA:120,17,1,0
BRDA:123,18,0,0
BRDA:123,18,1,0
BRDA:125,19,0,0
BRDA:125,19,1,0
BRDA:131,20,0,0
BRDA:131,20,1,0
BRDA:131,20,2,0
BRDA:131,20,3,0
BRDA:131,20,4,0
BRDA:239,21,0,0
BRDA:239,21,1,0
BRDA:247,22,0,0
BRDA:247,22,1,0
BRDA:343,23,0,0
BRDA:343,23,1,0
BRDA:410,24,0,0
BRF:49
BRH:0
end_of_record
TN:
SF:controllers\categoria.controller.js
FN:30,(anonymous_0)
FN:84,(anonymous_1)
FN:145,(anonymous_2)
FN:197,(anonymous_3)
FN:215,(anonymous_4)
FN:272,(anonymous_5)
FN:292,(anonymous_6)
FN:355,(anonymous_7)
FN:423,(anonymous_8)
FN:468,(anonymous_9)
FNF:10
FNH:0
FNDA:0,(anonymous_0)
FNDA:0,(anonymous_1)
FNDA:0,(anonymous_2)
FNDA:0,(anonymous_3)
FNDA:0,(anonymous_4)
FNDA:0,(anonymous_5)
FNDA:0,(anonymous_6)
FNDA:0,(anonymous_7)
FNDA:0,(anonymous_8)
FNDA:0,(anonymous_9)
DA:12,0
DA:16,0
DA:20,0
DA:30,0
DA:31,0
DA:33,0
DA:37,0
DA:43,0
DA:44,0
DA:48,0
DA:49,0
DA:57,0
DA:60,0
DA:69,0
DA:70,0
DA:84,0
DA:85,0
DA:87,0
DA:91,0
DA:107,0
DA:108,0
DA:115,0
DA:117,0
DA:119,0
DA:122,0
DA:130,0
DA:131,0
DA:145,0
DA:146,0
DA:148,0
DA:151,0
DA:152,0
DA:160,0
DA:165,0
DA:166,0
DA:173,0
DA:180,0
DA:189,0
DA:192,0
DA:193,0
DA:197,0
DA:201,0
DA:215,0
DA:216,0
DA:218,0
DA:219,0
DA:222,0
DA:224,0
DA:225,0
DA:232,0
DA:233,0
DA:237,0
DA:238,0
DA:247,0
DA:248,0
DA:249,0
DA:253,0
DA:256,0
DA:265,0
DA:268,0
DA:269,0
DA:272,0
DA:276,0
DA:292,0
DA:293,0
DA:294,0
DA:297,0
DA:299,0
DA:300,0
DA:307,0
DA:308,0
DA:312,0
DA:315,0
DA:319,0
DA:324,0
DA:338,0
DA:339,0
DA:355,0
DA:356,0
DA:357,0
DA:360,0
DA:362,0
DA:363,0
DA:370,0
DA:375,0
DA:376,0
DA:384,0
DA:389,0
DA:390,0
DA:398,0
DA:401,0
DA:407,0
DA:408,0
DA:423,0
DA:424,0
DA:425,0
DA:428,0
DA:430,0
DA:431,0
DA:438,0
DA:443,0
DA:448,0
DA:453,0
DA:458,0
DA:464,0
DA:465,0
DA:468,0
DA:470,0
DA:471,0
DA:475,0
DA:505,0
DA:506,0
DA:515,0
LF:113
LH:0
BRDA:43,0,0,0
BRDA:43,0,1,0
BRDA:48,1,0,0
BRDA:48,1,1,0
BRDA:107,2,0,0
BRDA:107,2,1,0
BRDA:151,3,0,0
BRDA:151,3,1,0
BRDA:165,4,0,0
BRDA:165,4,1,0
BRDA:175,5,0,0
BRDA:175,5,1,0
BRDA:192,6,0,0
BRDA:192,6,1,0
BRDA:224,7,0,0
BRDA:224,7,1,0
BRDA:232,8,0,0
BRDA:232,8,1,0
BRDA:232,9,0,0
BRDA:232,9,1,0
BRDA:237,10,0,0
BRDA:237,10,1,0
BRDA:247,11,0,0
BRDA:247,11,1,0
BRDA:248,12,0,0
BRDA:248,12,1,0
BRDA:249,13,0,0
BRDA:249,13,1,0
BRDA:268,14,0,0
BRDA:268,14,1,0
BRDA:299,15,0,0
BRDA:299,15,1,0
BRDA:327,16,0,0
BRDA:327,16,1,0
BRDA:362,17,0,0
BRDA:362,17,1,0
BRDA:375,18,0,0
BRDA:375,18,1,0
BRDA:389,19,0,0
BRDA:389,19,1,0
BRDA:430,20,0,0
BRDA:430,20,1,0
BRF:42
BRH:0
end_of_record
TN:
SF:controllers\cotizacion.controller.js
FN:12,(anonymous_0)
FN:37,(anonymous_1)
FN:69,(anonymous_2)
FN:118,(anonymous_3)
FN:154,(anonymous_4)
FN:168,(anonymous_5)
FNF:6
FNH:0
FNDA:0,(anonymous_0)
FNDA:0,(anonymous_1)
FNDA:0,(anonymous_2)
FNDA:0,(anonymous_3)
FNDA:0,(anonymous_4)
FNDA:0,(anonymous_5)
DA:8,0
DA:9,0
DA:12,0
DA:13,0
DA:14,0
DA:25,0
DA:27,0
DA:28,0
DA:37,0
DA:38,0
DA:39,0
DA:40,0
DA:50,0
DA:51,0
DA:57,0
DA:59,0
DA:60,0
DA:69,0
DA:70,0
DA:71,0
DA:72,0
DA:73,0
DA:75,0
DA:76,0
DA:77,0
DA:83,0
DA:85,0
DA:86,0
DA:92,0
DA:93,0
DA:99,0
DA:101,0
DA:107,0
DA:109,0
DA:110,0
DA:118,0
DA:119,0
DA:120,0
DA:121,0
DA:123,0
DA:124,0
DA:130,0
DA:131,0
DA:137,0
DA:139,0
DA:145,0
DA:146,0
DA:154,0
DA:155,0
DA:156,0
DA:158,0
DA:159,0
DA:161,0
DA:162,0
DA:168,0
DA:169,0
DA:170,0
DA:176,0
DA:178,0
DA:185,0
DA:186,0
DA:187,0
DA:193,0
DA:195,0
DA:201,0
DA:202,0
DA:210,0
LF:67
LH:0
BRDA:50,0,0,0
BRDA:50,0,1,0
BRDA:72,1,0,0
BRDA:72,1,1,0
BRDA:76,2,0,0
BRDA:76,2,1,0
BRDA:83,3,0,0
BRDA:83,3,1,0
BRDA:83,4,0,0
BRDA:83,4,1,0
BRDA:85,5,0,0
BRDA:85,5,1,0
BRDA:85,6,0,0
BRDA:85,6,1,0
BRDA:92,7,0,0
BRDA:92,7,1,0
BRDA:92,8,0,0
BRDA:92,8,1,0
BRDA:99,9,0,0
BRDA:99,9,1,0
BRDA:99,10,0,0
BRDA:99,10,1,0
BRDA:99,11,0,0
BRDA:99,11,1,0
BRDA:103,12,0,0
BRDA:103,12,1,0
BRDA:104,13,0,0
BRDA:104,13,1,0
BRDA:123,14,0,0
BRDA:123,14,1,0
BRDA:130,15,0,0
BRDA:130,15,1,0
BRDA:156,16,0,0
BRDA:156,16,1,0
BRDA:158,17,0,0
BRDA:158,17,1,0
BRDA:158,18,0,0
BRDA:158,18,1,0
BRDA:161,19,0,0
BRDA:161,19,1,0
BRDA:169,20,0,0
BRDA:169,20,1,0
BRDA:186,21,0,0
BRDA:186,21,1,0
BRF:44
BRH:0
end_of_record
TN:
SF:controllers\favoritos.controller.js
FN:13,(anonymous_0)
FN:16,(anonymous_1)
FN:27,(anonymous_2)
FN:44,(anonymous_3)
FN:60,(anonymous_4)
FN:83,(anonymous_5)
FN:132,(anonymous_6)
FNF:7
FNH:0
FNDA:0,(anonymous_0)
FNDA:0,(anonymous_1)
FNDA:0,(anonymous_2)
FNDA:0,(anonymous_3)
FNDA:0,(anonymous_4)
FNDA:0,(anonymous_5)
FNDA:0,(anonymous_6)
DA:8,0
DA:9,0
DA:10,0
DA:13,0
DA:14,0
DA:16,0
DA:18,0
DA:19,0
DA:20,0
DA:22,0
DA:26,0
DA:27,0
DA:28,0
DA:29,0
DA:31,0
DA:32,0
DA:36,0
DA:37,0
DA:40,0
DA:44,0
DA:45,0
DA:46,0
DA:48,0
DA:60,0
DA:61,0
DA:62,0
DA:63,0
DA:66,0
DA:73,0
DA:74,0
DA:83,0
DA:84,0
DA:85,0
DA:86,0
DA:88,0
DA:89,0
DA:95,0
DA:96,0
DA:97,0
DA:103,0
DA:108,0
DA:109,0
DA:116,0
DA:122,0
DA:123,0
DA:132,0
DA:133,0
DA:134,0
DA:135,0
DA:137,0
DA:141,0
DA:142,0
DA:148,0
DA:150,0
DA:155,0
DA:156,0
DA:164,0
LF:57
LH:0
BRDA:14,0,0,0
BRDA:14,0,1,0
BRDA:18,1,0,0
BRDA:18,1,1,0
BRDA:18,2,0,0
BRDA:18,2,1,0
BRDA:26,3,0,0
BRDA:26,3,1,0
BRDA:26,4,0,0
BRDA:26,4,1,0
BRDA:28,5,0,0
BRDA:28,5,1,0
BRDA:31,6,0,0
BRDA:31,6,1,0
BRDA:31,7,0,0
BRDA:31,7,1,0
BRDA:36,8,0,0
BRDA:36,8,1,0
BRDA:62,9,0,0
BRDA:62,9,1,0
BRDA:88,10,0,0
BRDA:88,10,1,0
BRDA:96,11,0,0
BRDA:96,11,1,0
BRDA:96,12,0,0
BRDA:96,12,1,0
BRDA:108,13,0,0
BRDA:108,13,1,0
BRDA:141,14,0,0
BRDA:141,14,1,0
BRF:30
BRH:0
end_of_record
TN:
SF:controllers\pedido.controller.js
FN:58,(anonymous_0)
FN:193,(anonymous_1)
FN:203,(anonymous_2)
FN:207,(anonymous_3)
FN:209,(anonymous_4)
FN:378,(anonymous_5)
FN:450,(anonymous_6)
FN:537,(anonymous_7)
FN:627,(anonymous_8)
FN:703,(anonymous_9)
FN:768,(anonymous_10)
FN:814,(anonymous_11)
FNF:12
FNH:0
FNDA:0,(anonymous_0)
FNDA:0,(anonymous_1)
FNDA:0,(anonymous_2)
FNDA:0,(anonymous_3)
FNDA:0,(anonymous_4)
FNDA:0,(anonymous_5)
FNDA:0,(anonymous_6)
FNDA:0,(anonymous_7)
FNDA:0,(anonymous_8)
FNDA:0,(anonymous_9)
FNDA:0,(anonymous_10)
FNDA:0,(anonymous_11)
DA:12,0
DA:16,0
DA:20,0
DA:24,0
DA:28,0
DA:32,0
DA:35,0
DA:38,0
DA:41,0
DA:58,0
DA:61,0
DA:63,0
DA:65,0
DA:68,0
DA:69,0
DA:72,0
DA:73,0
DA:74,0
DA:81,0
DA:82,0
DA:83,0
DA:90,0
DA:92,0
DA:93,0
DA:94,0
DA:103,0
DA:104,0
DA:105,0
DA:109,0
DA:110,0
DA:111,0
DA:114,0
DA:115,0
DA:116,0
DA:122,0
DA:123,0
DA:124,0
DA:125,0
DA:132,0
DA:144,0
DA:145,0
DA:147,0
DA:149,0
DA:150,0
DA:151,0
DA:162,0
DA:163,0
DA:165,0
DA:168,0
DA:182,0
DA:192,0
DA:193,0
DA:201,0
DA:202,0
DA:203,0
DA:207,0
DA:209,0
DA:215,0
DA:227,0
DA:228,0
DA:229,0
DA:237,0
DA:238,0
DA:241,0
DA:242,0
DA:244,0
DA:245,0
DA:246,0
DA:250,0
DA:251,0
DA:252,0
DA:256,0
DA:257,0
DA:260,0
DA:264,0
DA:268,0
DA:269,0
DA:270,0
DA:278,0
DA:289,0
DA:291,0
DA:292,0
DA:295,0
DA:303,0
DA:306,0
DA:307,0
DA:312,0
DA:319,0
DA:323,0
DA:352,0
DA:362,0
DA:363,0
DA:364,0
DA:378,0
DA:379,0
DA:381,0
DA:384,0
DA:386,0
DA:389,0
DA:393,0
DA:421,0
DA:435,0
DA:436,0
DA:450,0
DA:451,0
DA:452,0
DA:455,0
DA:457,0
DA:458,0
DA:462,0
DA:504,0
DA:505,0
DA:512,0
DA:520,0
DA:521,0
DA:537,0
DA:539,0
DA:540,0
DA:542,0
DA:543,0
DA:547,0
DA:569,0
DA:570,0
DA:571,0
DA:578,0
DA:579,0
DA:580,0
DA:587,0
DA:588,0
DA:589,0
DA:590,0
DA:594,0
DA:595,0
DA:598,0
DA:601,0
DA:610,0
DA:611,0
DA:612,0
DA:627,0
DA:628,0
DA:630,0
DA:633,0
DA:634,0
DA:635,0
DA:637,0
DA:640,0
DA:673,0
DA:687,0
DA:688,0
DA:703,0
DA:704,0
DA:705,0
DA:706,0
DA:709,0
DA:710,0
DA:711,0
DA:719,0
DA:721,0
DA:722,0
DA:729,0
DA:730,0
DA:733,0
DA:744,0
DA:753,0
DA:754,0
DA:768,0
DA:769,0
DA:774,0
DA:777,0
DA:781,0
DA:791,0
DA:794,0
DA:795,0
DA:799,0
DA:806,0
DA:814,0
DA:824,0
DA:825,0
DA:834,0
LF:179
LH:0
BRDA:68,0,0,0
BRDA:69,1,0,0
BRDA:69,1,1,0
BRDA:69,1,2,0
BRDA:72,2,0,0
BRDA:72,2,1,0
BRDA:72,3,0,0
BRDA:72,3,1,0
BRDA:81,4,0,0
BRDA:81,4,1,0
BRDA:81,5,0,0
BRDA:81,5,1,0
BRDA:92,6,0,0
BRDA:92,6,1,0
BRDA:103,7,0,0
BRDA:103,7,1,0
BRDA:109,8,0,0
BRDA:109,8,1,0
BRDA:114,9,0,0
BRDA:114,9,1,0
BRDA:123,10,0,0
BRDA:123,10,1,0
BRDA:123,11,0,0
BRDA:123,11,1,0
BRDA:144,12,0,0
BRDA:144,12,1,0
BRDA:145,13,0,0
BRDA:145,13,1,0
BRDA:154,14,0,0
BRDA:154,14,1,0
BRDA:156,15,0,0
BRDA:156,15,1,0
BRDA:192,16,0,0
BRDA:192,16,1,0
BRDA:192,17,0,0
BRDA:192,17,1,0
BRDA:196,18,0,0
BRDA:196,18,1,0
BRDA:201,19,0,0
BRDA:201,19,1,0
BRDA:211,20,0,0
BRDA:211,20,1,0
BRDA:211,20,2,0
BRDA:212,21,0,0
BRDA:212,21,1,0
BRDA:227,22,0,0
BRDA:227,22,1,0
BRDA:227,23,0,0
BRDA:227,23,1,0
BRDA:244,24,0,0
BRDA:244,24,1,0
BRDA:245,25,0,0
BRDA:245,25,1,0
BRDA:250,26,0,0
BRDA:250,26,1,0
BRDA:256,27,0,0
BRDA:256,27,1,0
BRDA:268,28,0,0
BRDA:268,28,1,0
BRDA:381,29,0,0
BRDA:381,30,0,0
BRDA:386,31,0,0
BRDA:386,31,1,0
BRDA:457,32,0,0
BRDA:457,32,1,0
BRDA:504,33,0,0
BRDA:504,33,1,0
BRDA:569,34,0,0
BRDA:569,34,1,0
BRDA:578,35,0,0
BRDA:578,35,1,0
BRDA:630,36,0,0
BRDA:630,37,0,0
BRDA:634,38,0,0
BRDA:634,38,1,0
BRDA:635,39,0,0
BRDA:635,39,1,0
BRDA:710,40,0,0
BRDA:710,40,1,0
BRDA:721,41,0,0
BRDA:721,41,1,0
BRDA:812,42,0,0
BRDA:812,42,1,0
BRDA:818,43,0,0
BRDA:818,43,1,0
BRF:85
BRH:0
end_of_record
TN:
SF:controllers\personalizacionController.js
FN:4,(anonymous_0)
FN:9,(anonymous_1)
FN:34,(anonymous_2)
FN:72,(anonymous_3)
FN:83,(anonymous_4)
FN:89,(anonymous_5)
FN:156,(anonymous_6)
FN:171,(anonymous_7)
FN:191,(anonymous_8)
FNF:9
FNH:0
FNDA:0,(anonymous_0)
FNDA:0,(anonymous_1)
FNDA:0,(anonymous_2)
FNDA:0,(anonymous_3)
FNDA:0,(anonymous_4)
FNDA:0,(anonymous_5)
FNDA:0,(anonymous_6)
FNDA:0,(anonymous_7)
FNDA:0,(anonymous_8)
DA:1,0
DA:2,0
DA:4,0
DA:5,0
DA:6,0
DA:9,0
DA:10,0
DA:13,0
DA:17,0
DA:22,0
DA:34,0
DA:35,0
DA:36,0
DA:37,0
DA:64,0
DA:66,0
DA:67,0
DA:72,0
DA:73,0
DA:75,0
DA:76,0
DA:77,0
DA:79,0
DA:82,0
DA:83,0
DA:84,0
DA:85,0
DA:87,0
DA:89,0
DA:114,0
DA:116,0
DA:143,0
DA:145,0
DA:147,0
DA:150,0
DA:151,0
DA:156,0
DA:157,0
DA:158,0
DA:163,0
DA:165,0
DA:166,0
DA:171,0
DA:172,0
DA:173,0
DA:174,0
DA:177,0
DA:178,0
DA:183,0
DA:185,0
DA:186,0
DA:191,0
DA:192,0
DA:193,0
DA:194,0
DA:195,0
DA:196,0
DA:200,0
DA:201,0
DA:205,0
DA:206,0
DA:209,0
DA:211,0
DA:212,0
LF:64
LH:0
BRDA:6,0,0,0
BRDA:6,0,1,0
BRDA:9,1,0,0
BRDA:10,2,0,0
BRDA:10,2,1,0
BRDA:10,3,0,0
BRDA:10,3,1,0
BRDA:14,4,0,0
BRDA:14,4,1,0
BRDA:18,5,0,0
BRDA:18,5,1,0
BRDA:36,6,0,0
BRDA:36,6,1,0
BRDA:38,7,0,0
BRDA:38,7,1,0
BRDA:39,8,0,0
BRDA:39,8,1,0
BRDA:40,9,0,0
BRDA:40,9,1,0
BRDA:41,10,0,0
BRDA:41,10,1,0
BRDA:42,11,0,0
BRDA:42,11,1,0
BRDA:42,11,2,0
BRDA:43,12,0,0
BRDA:43,12,1,0
BRDA:43,12,2,0
BRDA:44,13,0,0
BRDA:44,13,1,0
BRDA:53,14,0,0
BRDA:53,14,1,0
BRDA:62,15,0,0
BRDA:62,15,1,0
BRDA:76,16,0,0
BRDA:76,16,1,0
BRDA:82,17,0,0
BRDA:82,17,1,0
BRDA:84,18,0,0
BRDA:84,18,1,0
BRDA:90,19,0,0
BRDA:90,19,1,0
BRDA:91,20,0,0
BRDA:91,20,1,0
BRDA:98,21,0,0
BRDA:98,21,1,0
BRDA:103,22,0,0
BRDA:103,22,1,0
BRDA:104,23,0,0
BRDA:104,23,1,0
BRDA:105,24,0,0
BRDA:105,24,1,0
BRDA:111,25,0,0
BRDA:111,25,1,0
BRDA:114,26,0,0
BRDA:114,26,1,0
BRDA:117,27,0,0
BRDA:117,27,1,0
BRDA:118,28,0,0
BRDA:118,28,1,0
BRDA:120,29,0,0
BRDA:120,29,1,0
BRDA:121,30,0,0
BRDA:121,30,1,0
BRDA:122,31,0,0
BRDA:122,31,1,0
BRDA:123,32,0,0
BRDA:123,32,1,0
BRDA:124,33,0,0
BRDA:124,33,1,0
BRDA:125,34,0,0
BRDA:125,34,1,0
BRDA:126,35,0,0
BRDA:126,35,1,0
BRDA:127,36,0,0
BRDA:127,36,1,0
BRDA:128,37,0,0
BRDA:128,37,1,0
BRDA:128,38,0,0
BRDA:128,38,1,0
BRDA:129,39,0,0
BRDA:129,39,1,0
BRDA:130,40,0,0
BRDA:130,40,1,0
BRDA:131,41,0,0
BRDA:131,41,1,0
BRDA:132,42,0,0
BRDA:132,42,1,0
BRDA:133,43,0,0
BRDA:133,43,1,0
BRDA:134,44,0,0
BRDA:134,44,1,0
BRDA:135,45,0,0
BRDA:135,45,1,0
BRDA:136,46,0,0
BRDA:136,46,1,0
BRDA:147,47,0,0
BRDA:147,47,1,0
BRDA:148,48,0,0
BRDA:148,48,1,0
BRDA:150,49,0,0
BRDA:150,49,1,0
BRDA:150,50,0,0
BRDA:150,50,1,0
BRDA:151,51,0,0
BRDA:151,51,1,0
BRDA:173,52,0,0
BRDA:173,52,1,0
BRDA:195,53,0,0
BRDA:195,53,1,0
BRDA:200,54,0,0
BRDA:200,54,1,0
BRDA:205,55,0,0
BRDA:205,55,1,0
BRDA:205,56,0,0
BRDA:205,56,1,0
BRF:115
BRH:0
end_of_record
TN:
SF:controllers\producto.controller.js
FN:20,(anonymous_0)
FN:23,(anonymous_1)
FN:34,(anonymous_2)
FN:52,(anonymous_3)
FN:54,(anonymous_4)
FN:62,(anonymous_5)
FN:132,(anonymous_6)
FN:173,(anonymous_7)
FN:256,(anonymous_8)
FN:274,(anonymous_9)
FN:281,(anonymous_10)
FN:296,(anonymous_11)
FN:321,(anonymous_12)
FN:387,(anonymous_13)
FN:428,(anonymous_14)
FN:463,(anonymous_15)
FNF:16
FNH:0
FNDA:0,(anonymous_0)
FNDA:0,(anonymous_1)
FNDA:0,(anonymous_2)
FNDA:0,(anonymous_3)
FNDA:0,(anonymous_4)
FNDA:0,(anonymous_5)
FNDA:0,(anonymous_6)
FNDA:0,(anonymous_7)
FNDA:0,(anonymous_8)
FNDA:0,(anonymous_9)
FNDA:0,(anonymous_10)
FNDA:0,(anonymous_11)
FNDA:0,(anonymous_12)
FNDA:0,(anonymous_13)
FNDA:0,(anonymous_14)
FNDA:0,(anonymous_15)
DA:11,0
DA:12,0
DA:13,0
DA:14,0
DA:15,0
DA:16,0
DA:17,0
DA:20,0
DA:21,0
DA:23,0
DA:25,0
DA:26,0
DA:27,0
DA:29,0
DA:33,0
DA:34,0
DA:35,0
DA:36,0
DA:39,0
DA:40,0
DA:44,0
DA:45,0
DA:48,0
DA:52,0
DA:53,0
DA:54,0
DA:56,0
DA:62,0
DA:63,0
DA:72,0
DA:74,0
DA:75,0
DA:76,0
DA:77,0
DA:78,0
DA:80,0
DA:81,0
DA:82,0
DA:88,0
DA:90,0
DA:101,0
DA:104,0
DA:106,0
DA:120,0
DA:121,0
DA:132,0
DA:133,0
DA:134,0
DA:136,0
DA:143,0
DA:144,0
DA:151,0
DA:153,0
DA:161,0
DA:162,0
DA:173,0
DA:174,0
DA:175,0
DA:177,0
DA:178,0
DA:184,0
DA:185,0
DA:186,0
DA:192,0
DA:193,0
DA:194,0
DA:200,0
DA:201,0
DA:207,0
DA:208,0
DA:214,0
DA:215,0
DA:221,0
DA:223,0
DA:235,0
DA:243,0
DA:245,0
DA:254,0
DA:256,0
DA:257,0
DA:258,0
DA:259,0
DA:261,0
DA:265,0
DA:266,0
DA:269,0
DA:270,0
DA:274,0
DA:277,0
DA:278,0
DA:281,0
DA:285,0
DA:296,0
DA:297,0
DA:298,0
DA:299,0
DA:301,0
DA:302,0
DA:303,0
DA:309,0
DA:310,0
DA:311,0
DA:312,0
DA:313,0
DA:314,0
DA:315,0
DA:317,0
DA:319,0
DA:320,0
DA:321,0
DA:322,0
DA:323,0
DA:324,0
DA:325,0
DA:327,0
DA:330,0
DA:331,0
DA:332,0
DA:333,0
DA:335,0
DA:339,0
DA:340,0
DA:343,0
DA:345,0
DA:353,0
DA:355,0
DA:364,0
DA:366,0
DA:367,0
DA:368,0
DA:369,0
DA:371,0
DA:375,0
DA:387,0
DA:388,0
DA:389,0
DA:391,0
DA:393,0
DA:394,0
DA:400,0
DA:401,0
DA:404,0
DA:406,0
DA:415,0
DA:416,0
DA:428,0
DA:429,0
DA:430,0
DA:432,0
DA:434,0
DA:435,0
DA:441,0
DA:443,0
DA:449,0
DA:450,0
DA:463,0
DA:464,0
DA:465,0
DA:466,0
DA:468,0
DA:469,0
DA:475,0
DA:476,0
DA:477,0
DA:483,0
DA:485,0
DA:486,0
DA:494,0
DA:496,0
DA:497,0
DA:499,0
DA:500,0
DA:505,0
DA:506,0
DA:508,0
DA:509,0
DA:511,0
DA:517,0
DA:518,0
DA:521,0
DA:523,0
DA:534,0
DA:535,0
DA:544,0
LF:184
LH:0
BRDA:21,0,0,0
BRDA:21,0,1,0
BRDA:25,1,0,0
BRDA:25,1,1,0
BRDA:25,2,0,0
BRDA:25,2,1,0
BRDA:33,3,0,0
BRDA:33,3,1,0
BRDA:33,4,0,0
BRDA:33,4,1,0
BRDA:35,5,0,0
BRDA:35,5,1,0
BRDA:39,6,0,0
BRDA:39,6,1,0
BRDA:39,7,0,0
BRDA:39,7,1,0
BRDA:44,8,0,0
BRDA:44,8,1,0
BRDA:53,9,0,0
BRDA:53,9,1,0
BRDA:70,10,0,0
BRDA:71,11,0,0
BRDA:75,12,0,0
BRDA:75,12,1,0
BRDA:76,13,0,0
BRDA:76,13,1,0
BRDA:77,14,0,0
BRDA:77,14,1,0
BRDA:78,15,0,0
BRDA:78,15,1,0
BRDA:80,16,0,0
BRDA:80,16,1,0
BRDA:143,17,0,0
BRDA:143,17,1,0
BRDA:151,18,0,0
BRDA:151,18,1,0
BRDA:177,19,0,0
BRDA:177,19,1,0
BRDA:177,20,0,0
BRDA:177,20,1,0
BRDA:177,20,2,0
BRDA:177,20,3,0
BRDA:185,21,0,0
BRDA:185,21,1,0
BRDA:185,22,0,0
BRDA:185,22,1,0
BRDA:193,23,0,0
BRDA:193,23,1,0
BRDA:193,24,0,0
BRDA:193,24,1,0
BRDA:200,25,0,0
BRDA:200,25,1,0
BRDA:207,26,0,0
BRDA:207,26,1,0
BRDA:214,27,0,0
BRDA:214,27,1,0
BRDA:225,28,0,0
BRDA:225,28,1,0
BRDA:227,29,0,0
BRDA:227,29,1,0
BRDA:243,30,0,0
BRDA:243,30,1,0
BRDA:265,31,0,0
BRDA:265,31,1,0
BRDA:269,32,0,0
BRDA:269,32,1,0
BRDA:271,33,0,0
BRDA:271,33,1,0
BRDA:272,34,0,0
BRDA:272,34,1,0
BRDA:277,35,0,0
BRDA:277,35,1,0
BRDA:302,36,0,0
BRDA:302,36,1,0
BRDA:309,37,0,0
BRDA:309,37,1,0
BRDA:310,38,0,0
BRDA:310,38,1,0
BRDA:310,39,0,0
BRDA:310,39,1,0
BRDA:311,40,0,0
BRDA:311,40,1,0
BRDA:312,41,0,0
BRDA:312,41,1,0
BRDA:313,42,0,0
BRDA:313,42,1,0
BRDA:314,43,0,0
BRDA:314,43,1,0
BRDA:315,44,0,0
BRDA:315,44,1,0
BRDA:319,45,0,0
BRDA:319,45,1,0
BRDA:320,46,0,0
BRDA:320,46,1,0
BRDA:320,47,0,0
BRDA:320,47,1,0
BRDA:322,48,0,0
BRDA:322,48,1,0
BRDA:330,49,0,0
BRDA:330,49,1,0
BRDA:353,50,0,0
BRDA:353,50,1,0
BRDA:366,51,0,0
BRDA:366,51,1,0
BRDA:393,52,0,0
BRDA:393,52,1,0
BRDA:404,53,0,0
BRDA:404,53,1,0
BRDA:408,54,0,0
BRDA:408,54,1,0
BRDA:434,55,0,0
BRDA:434,55,1,0
BRDA:468,56,0,0
BRDA:468,56,1,0
BRDA:468,57,0,0
BRDA:468,57,1,0
BRDA:476,58,0,0
BRDA:476,58,1,0
BRDA:485,59,0,0
BRDA:485,59,1,0
BRDA:494,60,0,0
BRDA:494,60,1,0
BRDA:494,60,2,0
BRDA:494,60,3,0
BRDA:499,61,0,0
BRDA:499,61,1,0
BRDA:521,62,0,0
BRDA:521,62,1,0
BRDA:525,63,0,0
BRDA:525,63,1,0
BRDA:525,64,0,0
BRDA:525,64,1,0
BRDA:528,65,0,0
BRDA:528,65,1,0
BRDA:528,66,0,0
BRDA:528,66,1,0
BRF:136
BRH:0
end_of_record
TN:
SF:controllers\resena.controller.js
FN:3,(anonymous_0)
FN:37,(anonymous_1)
FNF:2
FNH:0
FNDA:0,(anonymous_0)
FNDA:0,(anonymous_1)
DA:1,0
DA:3,0
DA:4,0
DA:5,0
DA:6,0
DA:7,0
DA:8,0
DA:9,0
DA:11,0
DA:12,0
DA:15,0
DA:16,0
DA:17,0
DA:20,0
DA:30,0
DA:32,0
DA:33,0
DA:37,0
DA:38,0
DA:39,0
DA:40,0
DA:41,0
DA:43,0
DA:44,0
LF:24
LH:0
BRDA:8,0,0,0
BRDA:8,0,1,0
BRDA:9,1,0,0
BRDA:9,1,1,0
BRDA:11,2,0,0
BRDA:11,2,1,0
BRDA:11,3,0,0
BRDA:11,3,1,0
BRDA:11,3,2,0
BRDA:16,4,0,0
BRDA:16,4,1,0
BRDA:16,5,0,0
BRDA:16,5,1,0
BRDA:16,5,2,0
BRDA:23,6,0,0
BRDA:23,6,1,0
BRDA:24,7,0,0
BRDA:24,7,1,0
BRF:18
BRH:0
end_of_record
TN:
SF:controllers\soporte.controller.js
FN:18,(anonymous_0)
FN:71,(anonymous_1)
FN:109,(anonymous_2)
FN:141,(anonymous_3)
FN:187,(anonymous_4)
FN:228,(anonymous_5)
FNF:6
FNH:0
FNDA:0,(anonymous_0)
FNDA:0,(anonymous_1)
FNDA:0,(anonymous_2)
FNDA:0,(anonymous_3)
FNDA:0,(anonymous_4)
FNDA:0,(anonymous_5)
DA:11,0
DA:18,0
DA:19,0
DA:20,0
DA:23,0
DA:24,0
DA:31,0
DA:32,0
DA:33,0
DA:39,0
DA:48,0
DA:57,0
DA:58,0
DA:71,0
DA:72,0
DA:73,0
DA:74,0
DA:76,0
DA:78,0
DA:85,0
DA:96,0
DA:97,0
DA:109,0
DA:110,0
DA:111,0
DA:113,0
DA:115,0
DA:116,0
DA:122,0
DA:127,0
DA:128,0
DA:141,0
DA:142,0
DA:143,0
DA:144,0
DA:146,0
DA:147,0
DA:153,0
DA:155,0
DA:156,0
DA:163,0
DA:164,0
DA:165,0
DA:166,0
DA:168,0
DA:174,0
DA:175,0
DA:187,0
DA:188,0
DA:189,0
DA:191,0
DA:193,0
DA:194,0
DA:200,0
DA:201,0
DA:207,0
DA:208,0
DA:210,0
DA:216,0
DA:217,0
DA:228,0
DA:229,0
DA:230,0
DA:231,0
DA:236,0
DA:241,0
DA:242,0
LF:67
LH:0
BRDA:23,0,0,0
BRDA:23,0,1,0
BRDA:23,1,0,0
BRDA:23,1,1,0
BRDA:23,1,2,0
BRDA:23,1,3,0
BRDA:32,2,0,0
BRDA:32,2,1,0
BRDA:45,3,0,0
BRDA:45,3,1,0
BRDA:61,4,0,0
BRDA:61,4,1,0
BRDA:73,5,0,0
BRDA:73,6,0,0
BRDA:76,7,0,0
BRDA:76,7,1,0
BRDA:100,8,0,0
BRDA:100,8,1,0
BRDA:115,9,0,0
BRDA:115,9,1,0
BRDA:131,10,0,0
BRDA:131,10,1,0
BRDA:146,11,0,0
BRDA:146,11,1,0
BRDA:146,12,0,0
BRDA:146,12,1,0
BRDA:155,13,0,0
BRDA:155,13,1,0
BRDA:178,14,0,0
BRDA:178,14,1,0
BRDA:193,15,0,0
BRDA:193,15,1,0
BRDA:200,16,0,0
BRDA:200,16,1,0
BRDA:220,17,0,0
BRDA:220,17,1,0
BRF:36
BRH:0
end_of_record
TN:
SF:controllers\subcategoria.controller.js
FN:30,(anonymous_0)
FN:88,(anonymous_1)
FN:146,(anonymous_2)
FN:224,(anonymous_3)
FN:242,(anonymous_4)
FN:330,(anonymous_5)
FN:350,(anonymous_6)
FN:401,(anonymous_7)
FN:452,(anonymous_8)
FN:493,(anonymous_9)
FNF:10
FNH:0
FNDA:0,(anonymous_0)
FNDA:0,(anonymous_1)
FNDA:0,(anonymous_2)
FNDA:0,(anonymous_3)
FNDA:0,(anonymous_4)
FNDA:0,(anonymous_5)
FNDA:0,(anonymous_6)
FNDA:0,(anonymous_7)
FNDA:0,(anonymous_8)
FNDA:0,(anonymous_9)
DA:11,0
DA:15,0
DA:19,0
DA:30,0
DA:31,0
DA:33,0
DA:36,0
DA:41,0
DA:42,0
DA:43,0
DA:47,0
DA:48,0
DA:52,0
DA:53,0
DA:61,0
DA:64,0
DA:73,0
DA:74,0
DA:88,0
DA:89,0
DA:90,0
DA:94,0
DA:109,0
DA:110,0
DA:117,0
DA:118,0
DA:120,0
DA:123,0
DA:131,0
DA:132,0
DA:146,0
DA:147,0
DA:149,0
DA:152,0
DA:153,0
DA:160,0
DA:162,0
DA:163,0
DA:170,0
DA:171,0
DA:179,0
DA:183,0
DA:184,0
DA:191,0
DA:199,0
DA:208,0
DA:217,0
DA:220,0
DA:221,0
DA:224,0
DA:228,0
DA:242,0
DA:243,0
DA:244,0
DA:245,0
DA:248,0
DA:250,0
DA:251,0
DA:258,0
DA:259,0
DA:261,0
DA:262,0
DA:268,0
DA:269,0
DA:278,0
DA:279,0
DA:281,0
DA:288,0
DA:289,0
DA:297,0
DA:298,0
DA:299,0
DA:300,0
DA:303,0
DA:306,0
DA:315,0
DA:324,0
DA:326,0
DA:327,0
DA:330,0
DA:334,0
DA:350,0
DA:351,0
DA:352,0
DA:354,0
DA:356,0
DA:357,0
DA:364,0
DA:365,0
DA:368,0
DA:371,0
DA:376,0
DA:386,0
DA:387,0
DA:401,0
DA:402,0
DA:403,0
DA:405,0
DA:407,0
DA:408,0
DA:415,0
DA:420,0
DA:421,0
DA:429,0
DA:431,0
DA:437,0
DA:438,0
DA:452,0
DA:453,0
DA:454,0
DA:457,0
DA:465,0
DA:466,0
DA:473,0
DA:478,0
DA:483,0
DA:489,0
DA:490,0
DA:493,0
DA:494,0
DA:495,0
DA:499,0
DA:524,0
DA:525,0
DA:534,0
LF:125
LH:0
BRDA:42,0,0,0
BRDA:42,0,1,0
BRDA:43,1,0,0
BRDA:43,1,1,0
BRDA:47,2,0,0
BRDA:47,2,1,0
BRDA:52,3,0,0
BRDA:52,3,1,0
BRDA:109,4,0,0
BRDA:109,4,1,0
BRDA:152,5,0,0
BRDA:152,5,1,0
BRDA:152,6,0,0
BRDA:152,6,1,0
BRDA:162,7,0,0
BRDA:162,7,1,0
BRDA:170,8,0,0
BRDA:170,8,1,0
BRDA:183,9,0,0
BRDA:183,9,1,0
BRDA:193,10,0,0
BRDA:193,10,1,0
BRDA:220,11,0,0
BRDA:220,11,1,0
BRDA:250,12,0,0
BRDA:250,12,1,0
BRDA:258,13,0,0
BRDA:258,13,1,0
BRDA:258,14,0,0
BRDA:258,14,1,0
BRDA:261,15,0,0
BRDA:261,15,1,0
BRDA:268,16,0,0
BRDA:268,16,1,0
BRDA:278,17,0,0
BRDA:278,17,1,0
BRDA:278,18,0,0
BRDA:278,18,1,0
BRDA:279,19,0,0
BRDA:279,19,1,0
BRDA:288,20,0,0
BRDA:288,20,1,0
BRDA:297,21,0,0
BRDA:297,21,1,0
BRDA:298,22,0,0
BRDA:298,22,1,0
BRDA:299,23,0,0
BRDA:299,23,1,0
BRDA:300,24,0,0
BRDA:300,24,1,0
BRDA:326,25,0,0
BRDA:326,25,1,0
BRDA:356,26,0,0
BRDA:356,26,1,0
BRDA:378,27,0,0
BRDA:378,27,1,0
BRDA:407,28,0,0
BRDA:407,28,1,0
BRDA:420,29,0,0
BRDA:420,29,1,0
BRDA:465,30,0,0
BRDA:465,30,1,0
BRF:62
BRH:0
end_of_record
TN:
SF:controllers\uploadController.js
FN:7,(anonymous_0)
FN:22,(anonymous_1)
FN:29,(anonymous_2)
FN:30,(anonymous_3)
FN:44,(anonymous_4)
FNF:5
FNH:0
FNDA:0,(anonymous_0)
FNDA:0,(anonymous_1)
FNDA:0,(anonymous_2)
FNDA:0,(anonymous_3)
FNDA:0,(anonymous_4)
DA:1,0
DA:2,0
DA:3,0
DA:5,0
DA:7,0
DA:8,0
DA:9,0
DA:10,0
DA:13,0
DA:14,0
DA:15,0
DA:17,0
DA:18,0
DA:22,0
DA:23,0
DA:24,0
DA:25,0
DA:27,0
DA:29,0
DA:31,0
DA:32,0
DA:33,0
DA:35,0
DA:44,0
DA:46,0
DA:53,0
DA:54,0
LF:27
LH:0
BRDA:9,0,0,0
BRDA:9,0,1,0
BRDA:29,1,0,0
BRDA:29,1,1,0
BRF:4
BRH:0
end_of_record
TN:
SF:controllers\usuario.controller.js
FN:24,(anonymous_0)
FN:88,(anonymous_1)
FN:128,(anonymous_2)
FN:189,(anonymous_3)
FN:208,(anonymous_4)
FN:284,(anonymous_5)
FN:334,(anonymous_6)
FN:392,(anonymous_7)
FNF:8
FNH:0
FNDA:0,(anonymous_0)
FNDA:0,(anonymous_1)
FNDA:0,(anonymous_2)
FNDA:0,(anonymous_3)
FNDA:0,(anonymous_4)
FNDA:0,(anonymous_5)
FNDA:0,(anonymous_6)
FNDA:0,(anonymous_7)
DA:12,0
DA:24,0
DA:25,0
DA:27,0
DA:30,0
DA:31,0
DA:32,0
DA:35,0
DA:36,0
DA:39,0
DA:47,0
DA:51,0
DA:60,0
DA:74,0
DA:75,0
DA:88,0
DA:89,0
DA:90,0
DA:93,0
DA:97,0
DA:98,0
DA:104,0
DA:112,0
DA:113,0
DA:128,0
DA:129,0
DA:131,0
DA:134,0
DA:135,0
DA:142,0
DA:143,0
DA:150,0
DA:151,0
DA:152,0
DA:160,0
DA:173,0
DA:182,0
DA:185,0
DA:186,0
DA:189,0
DA:193,0
DA:208,0
DA:209,0
DA:210,0
DA:211,0
DA:212,0
DA:213,0
DA:216,0
DA:218,0
DA:219,0
DA:226,0
DA:227,0
DA:234,0
DA:236,0
DA:237,0
DA:238,0
DA:241,0
DA:242,0
DA:243,0
DA:248,0
DA:249,0
DA:250,0
DA:251,0
DA:252,0
DA:253,0
DA:256,0
DA:259,0
DA:268,0
DA:269,0
DA:284,0
DA:285,0
DA:286,0
DA:288,0
DA:290,0
DA:291,0
DA:299,0
DA:300,0
DA:307,0
DA:308,0
DA:310,0
DA:319,0
DA:320,0
DA:334,0
DA:335,0
DA:336,0
DA:338,0
DA:340,0
DA:341,0
DA:348,0
DA:349,0
DA:356,0
DA:358,0
DA:364,0
DA:368,0
DA:371,0
DA:372,0
DA:378,0
DA:392,0
DA:393,0
DA:395,0
DA:397,0
DA:399,0
DA:401,0
DA:403,0
DA:406,0
DA:422,0
DA:423,0
DA:432,0
LF:108
LH:0
BRDA:27,0,0,0
BRDA:27,1,0,0
BRDA:31,2,0,0
BRDA:31,2,1,0
BRDA:32,3,0,0
BRDA:32,3,1,0
BRDA:35,4,0,0
BRDA:35,4,1,0
BRDA:97,5,0,0
BRDA:97,5,1,0
BRDA:134,6,0,0
BRDA:134,6,1,0
BRDA:134,7,0,0
BRDA:134,7,1,0
BRDA:134,7,2,0
BRDA:134,7,3,0
BRDA:134,7,4,0
BRDA:142,8,0,0
BRDA:142,8,1,0
BRDA:151,9,0,0
BRDA:151,9,1,0
BRDA:166,10,0,0
BRDA:166,10,1,0
BRDA:167,11,0,0
BRDA:167,11,1,0
BRDA:185,12,0,0
BRDA:185,12,1,0
BRDA:212,13,0,0
BRDA:212,13,1,0
BRDA:212,14,0,0
BRDA:212,14,1,0
BRDA:218,15,0,0
BRDA:218,15,1,0
BRDA:226,16,0,0
BRDA:226,16,1,0
BRDA:226,17,0,0
BRDA:226,17,1,0
BRDA:234,18,0,0
BRDA:234,18,1,0
BRDA:237,19,0,0
BRDA:237,19,1,0
BRDA:242,20,0,0
BRDA:242,20,1,0
BRDA:242,21,0,0
BRDA:242,21,1,0
BRDA:248,22,0,0
BRDA:248,22,1,0
BRDA:249,23,0,0
BRDA:249,23,1,0
BRDA:250,24,0,0
BRDA:250,24,1,0
BRDA:251,25,0,0
BRDA:251,25,1,0
BRDA:252,26,0,0
BRDA:252,26,1,0
BRDA:253,27,0,0
BRDA:253,27,1,0
BRDA:290,28,0,0
BRDA:290,28,1,0
BRDA:299,29,0,0
BRDA:299,29,1,0
BRDA:312,30,0,0
BRDA:312,30,1,0
BRDA:340,31,0,0
BRDA:340,31,1,0
BRDA:348,32,0,0
BRDA:348,32,1,0
BRDA:368,33,0,0
BRDA:368,33,1,0
BRDA:368,33,2,0
BRDA:368,33,3,0
BRDA:369,34,0,0
BRDA:369,34,1,0
BRDA:371,35,0,0
BRDA:371,35,1,0
BRF:75
BRH:0
end_of_record
TN:
SF:middleware\auth.js
FN:36,(anonymous_0)
FN:134,(anonymous_1)
FNF:2
FNH:0
FNDA:0,(anonymous_0)
FNDA:0,(anonymous_1)
DA:14,0
DA:18,0
DA:36,0
DA:37,0
DA:40,0
DA:43,0
DA:44,0
DA:52,0
DA:55,0
DA:56,0
DA:67,0
DA:68,0
DA:70,0
DA:79,0
DA:84,0
DA:85,0
DA:93,0
DA:94,0
DA:103,0
DA:107,0
DA:111,0
DA:112,0
DA:134,0
DA:135,0
DA:137,0
DA:140,0
DA:141,0
DA:142,0
DA:146,0
DA:149,0
DA:150,0
DA:151,0
DA:154,0
DA:156,0
DA:159,0
DA:164,0
DA:165,0
DA:167,0
DA:171,0
DA:175,0
DA:179,0
DA:180,0
DA:181,0
DA:188,0
LF:44
LH:0
BRDA:43,0,0,0
BRDA:43,0,1,0
BRDA:55,1,0,0
BRDA:55,1,1,0
BRDA:84,2,0,0
BRDA:84,2,1,0
BRDA:93,3,0,0
BRDA:93,3,1,0
BRDA:140,4,0,0
BRDA:140,4,1,0
BRDA:149,5,0,0
BRDA:149,5,1,0
BRDA:164,6,0,0
BRDA:164,6,1,0
BRDA:164,7,0,0
BRDA:164,7,1,0
BRF:16
BRH:0
end_of_record
TN:
SF:middleware\checkRole.js
FN:27,(anonymous_0)
FN:69,(anonymous_1)
FN:114,(anonymous_2)
FN:117,(anonymous_3)
FN:160,(anonymous_4)
FN:210,(anonymous_5)
FN:250,(anonymous_6)
FNF:7
FNH:0
FNDA:0,(anonymous_0)
FNDA:0,(anonymous_1)
FNDA:0,(anonymous_2)
FNDA:0,(anonymous_3)
FNDA:0,(anonymous_4)
FNDA:0,(anonymous_5)
FNDA:0,(anonymous_6)
DA:27,0
DA:28,0
DA:31,0
DA:32,0
DA:40,0
DA:41,0
DA:48,0
DA:51,0
DA:52,0
DA:69,0
DA:70,0
DA:72,0
DA:73,0
DA:80,0
DA:81,0
DA:88,0
DA:91,0
DA:92,0
DA:114,0
DA:117,0
DA:118,0
DA:120,0
DA:121,0
DA:129,0
DA:130,0
DA:138,0
DA:141,0
DA:142,0
DA:160,0
DA:161,0
DA:163,0
DA:164,0
DA:171,0
DA:172,0
DA:177,0
DA:181,0
DA:182,0
DA:189,0
DA:192,0
DA:193,0
DA:210,0
DA:211,0
DA:213,0
DA:214,0
DA:221,0
DA:222,0
DA:229,0
DA:231,0
DA:232,0
DA:250,0
DA:251,0
DA:253,0
DA:254,0
DA:261,0
DA:262,0
DA:269,0
DA:271,0
DA:272,0
DA:281,0
LF:59
LH:0
BRDA:31,0,0,0
BRDA:31,0,1,0
BRDA:40,1,0,0
BRDA:40,1,1,0
BRDA:72,2,0,0
BRDA:72,2,1,0
BRDA:80,3,0,0
BRDA:80,3,1,0
BRDA:120,4,0,0
BRDA:120,4,1,0
BRDA:129,5,0,0
BRDA:129,5,1,0
BRDA:163,6,0,0
BRDA:163,6,1,0
BRDA:171,7,0,0
BRDA:171,7,1,0
BRDA:177,8,0,0
BRDA:177,8,1,0
BRDA:181,9,0,0
BRDA:181,9,1,0
BRDA:213,10,0,0
BRDA:213,10,1,0
BRDA:221,11,0,0
BRDA:221,11,1,0
BRDA:253,12,0,0
BRDA:253,12,1,0
BRDA:261,13,0,0
BRDA:261,13,1,0
BRF:28
BRH:0
end_of_record
TN:
SF:routes\admin.routes.js
FN:52,(anonymous_0)
FNF:1
FNH:0
FNDA:0,(anonymous_0)
DA:22,0
DA:27,0
DA:36,0
DA:42,0
DA:47,0
DA:52,0
DA:53,0
DA:54,0
DA:55,0
DA:60,0
DA:71,0
DA:75,0
DA:79,0
DA:83,0
DA:87,0
DA:91,0
DA:100,0
DA:109,0
DA:114,0
DA:119,0
DA:124,0
DA:129,0
DA:135,0
DA:141,0
DA:150,0
DA:154,0
DA:158,0
DA:163,0
DA:168,0
DA:173,0
DA:178,0
DA:187,0
DA:191,0
DA:196,0
DA:200,0
DA:204,0
DA:209,0
DA:214,0
DA:224,0
DA:229,0
DA:233,0
DA:239,0
DA:245,0
DA:250,0
DA:255,0
DA:264,0
DA:269,0
DA:273,0
DA:278,0
DA:285,0
DA:289,0
DA:293,0
DA:297,0
DA:302,0
DA:306,0
DA:314,0
LF:56
LH:0
BRDA:53,0,0,0
BRDA:53,0,1,0
BRDA:54,1,0,0
BRDA:54,1,1,0
BRF:4
BRH:0
end_of_record
TN:
SF:routes\auth.routes.js
FNF:0
FNH:0
DA:26,0
DA:31,0
DA:44,0
DA:53,0
DA:75,0
DA:92,0
DA:108,0
DA:122,0
DA:137,0
DA:145,0
LF:10
LH:0
BRF:0
BRH:0
end_of_record
TN:
SF:routes\cliente.routes.js
FNF:0
FNH:0
DA:24,0
DA:29,0
DA:39,0
DA:44,0
DA:53,0
DA:58,0
DA:63,0
DA:68,0
DA:80,0
DA:86,0
DA:91,0
DA:97,0
DA:102,0
DA:114,0
DA:121,0
DA:128,0
DA:134,0
DA:140,0
DA:151,0
DA:158,0
DA:164,0
DA:182,0
DA:188,0
DA:195,0
DA:203,0
DA:211,0
LF:26
LH:0
BRF:0
BRH:0
end_of_record
TN:
SF:routes\personalizacion.js
FNF:0
FNH:0
DA:1,0
DA:2,0
DA:3,0
DA:5,0
DA:8,0
DA:10,0
DA:11,0
DA:14,0
DA:15,0
DA:17,0
LF:10
LH:0
BRF:0
BRH:0
end_of_record
TN:
SF:routes\resena.routes.js
FNF:0
FNH:0
DA:2,0
DA:3,0
DA:4,0
DA:5,0
DA:8,0
DA:11,0
DA:13,0
LF:7
LH:0
BRF:0
BRH:0
end_of_record
TN:
SF:routes\soporte.routes.js
FNF:0
FNH:0
DA:13,0
DA:14,0
DA:23,0
DA:25,0
DA:26,0
DA:29,0
DA:31,0
DA:34,0
DA:35,0
DA:36,0
DA:38,0
DA:40,0
LF:12
LH:0
BRF:0
BRH:0
end_of_record
TN:
SF:routes\upload.routes.js
FNF:0
FNH:0
DA:1,0
DA:2,0
DA:3,0
DA:4,0
DA:7,0
DA:10,0
DA:12,0
LF:7
LH:0
BRF:0
BRH:0
end_of_record
